Log file open, 11/27/20 15:01:47
LogWindows: Failed to load 'aqProf.dll' (GetLastError=126)
LogWindows: File 'aqProf.dll' does not exist
LogWindows: Failed to load 'VtuneApi.dll' (GetLastError=126)
LogWindows: File 'VtuneApi.dll' does not exist
LogWindows: Failed to load 'VtuneApi32e.dll' (GetLastError=126)
LogWindows: File 'VtuneApi32e.dll' does not exist
LogConsoleResponse: Display: Failed to find resolution value strings in scalability ini. Falling back to default.
LogInit: Display: Running engine for game: PluginDemoProject
LogPlatformFile: Not using cached read wrapper
LogTaskGraph: Started task graph with 5 named threads and 23 total threads with 3 sets of task threads.
LogStats: Stats thread started at 0.338960
LogD3D11RHI: Loaded GFSDK_Aftermath_Lib.x64.dll
LogICUInternationalization: ICU TimeZone Detection - Raw Offset: -5:00, Platform Override: ''
LogPluginManager: Mounting plugin Paper2D
LogPluginManager: Mounting plugin AISupport
LogPluginManager: Mounting plugin LightPropagationVolume
LogPluginManager: Mounting plugin ActorLayerUtilities
LogPluginManager: Mounting plugin AnimationSharing
LogPluginManager: Mounting plugin CLionSourceCodeAccess
LogPluginManager: Mounting plugin CodeLiteSourceCodeAccess
LogPluginManager: Mounting plugin GitSourceControl
LogPluginManager: Mounting plugin KDevelopSourceCodeAccess
LogPluginManager: Mounting plugin NullSourceCodeAccess
LogPluginManager: Mounting plugin PerforceSourceControl
LogPluginManager: Mounting plugin PlasticSourceControl
LogPluginManager: Mounting plugin SubversionSourceControl
LogPluginManager: Mounting plugin UObjectPlugin
LogPluginManager: Mounting plugin VisualStudioCodeSourceCodeAccess
LogPluginManager: Mounting plugin VisualStudioSourceCodeAccess
LogPluginManager: Mounting plugin XCodeSourceCodeAccess
LogPluginManager: Mounting plugin AssetManagerEditor
LogPluginManager: Mounting plugin CryptoKeys
LogPluginManager: Mounting plugin CurveEditorTools
LogPluginManager: Mounting plugin DataValidation
LogPluginManager: Mounting plugin FacialAnimation
LogPluginManager: Mounting plugin GameplayTagsEditor
LogPluginManager: Mounting plugin MacGraphicsSwitching
LogPluginManager: Mounting plugin MaterialAnalyzer
LogPluginManager: Mounting plugin MobileLauncherProfileWizard
LogPluginManager: Mounting plugin PluginBrowser
LogPluginManager: Mounting plugin SpeedTreeImporter
LogPluginManager: Mounting plugin DatasmithContent
LogPluginManager: Mounting plugin VariantManagerContent
LogPluginManager: Mounting plugin AlembicImporter
LogPluginManager: Mounting plugin AutomationUtils
LogPluginManager: Mounting plugin BackChannel
LogPluginManager: Mounting plugin CharacterAI
LogPluginManager: Mounting plugin GeometryCache
LogPluginManager: Mounting plugin PlatformCrypto
LogPluginManager: Mounting plugin ProxyLODPlugin
LogPluginManager: Mounting plugin SkeletalReduction
LogPluginManager: Mounting plugin MagicLeap
LogPluginManager: Mounting plugin MagicLeapMedia
LogPluginManager: Mounting plugin MLSDK
LogPluginManager: Mounting plugin AndroidMedia
LogPluginManager: Mounting plugin AvfMedia
LogPluginManager: Mounting plugin ImgMedia
LogPluginManager: Mounting plugin MediaCompositing
LogPluginManager: Mounting plugin MediaPlayerEditor
LogPluginManager: Mounting plugin WebMMedia
LogPluginManager: Mounting plugin WmfMedia
LogPluginManager: Mounting plugin TcpMessaging
LogPluginManager: Mounting plugin UdpMessaging
LogPluginManager: Mounting plugin ActorSequence
LogPluginManager: Mounting plugin LevelSequenceEditor
LogPluginManager: Mounting plugin MatineeToLevelSequence
LogPluginManager: Mounting plugin NetcodeUnitTest
LogPluginManager: Mounting plugin NUTUnrealEngine4
LogPluginManager: Mounting plugin OnlineSubsystemGooglePlay
LogPluginManager: Mounting plugin OnlineSubsystemIOS
LogPluginManager: Mounting plugin OnlineSubsystem
LogPluginManager: Mounting plugin OnlineSubsystemNull
LogPluginManager: Mounting plugin OnlineSubsystemUtils
LogPluginManager: Mounting plugin LauncherChunkInstaller
LogPluginManager: Mounting plugin AndroidDeviceProfileSelector
LogPluginManager: Mounting plugin AndroidMoviePlayer
LogPluginManager: Mounting plugin AndroidPermission
LogPluginManager: Mounting plugin AppleImageUtils
LogPluginManager: Mounting plugin AppleMoviePlayer
LogPluginManager: Mounting plugin ArchVisCharacter
LogPluginManager: Mounting plugin AssetTags
LogPluginManager: Mounting plugin AudioCapture
LogPluginManager: Mounting plugin CableComponent
LogPluginManager: Mounting plugin CustomMeshComponent
LogPluginManager: Mounting plugin EditableMesh
LogPluginManager: Mounting plugin ExampleDeviceProfileSelector
LogPluginManager: Mounting plugin GoogleCloudMessaging
LogPluginManager: Mounting plugin IOSDeviceProfileSelector
LogPluginManager: Mounting plugin LinuxDeviceProfileSelector
LogPluginManager: Mounting plugin LocationServicesBPLibrary
LogPluginManager: Mounting plugin MobilePatchingUtils
LogPluginManager: Mounting plugin OculusVR
LogPluginManager: Mounting plugin PhysXVehicles
LogPluginManager: Mounting plugin PostSplashScreen
LogPluginManager: Mounting plugin ProceduralMeshComponent
LogPluginManager: Mounting plugin RuntimePhysXCooking
LogPluginManager: Mounting plugin SignificanceManager
LogPluginManager: Mounting plugin SteamVR
LogPluginManager: Mounting plugin WebMMoviePlayer
LogPluginManager: Mounting plugin WindowsMoviePlayer
LogPluginManager: Mounting plugin ScreenshotTools
LogPluginManager: Mounting plugin PluginDemo
LogInit: Using libcurl 7.55.1-DEV
LogInit:  - built for x86_64-pc-win32
LogInit:  - supports SSL with OpenSSL/1.1.1
LogInit:  - supports HTTP deflate (compression) using libz 1.2.8
LogInit:  - other features:
LogInit:      CURL_VERSION_SSL
LogInit:      CURL_VERSION_LIBZ
LogInit:      CURL_VERSION_IPV6
LogInit:      CURL_VERSION_ASYNCHDNS
LogInit:      CURL_VERSION_LARGEFILE
LogInit:      CURL_VERSION_IDN
LogInit:  CurlRequestOptions (configurable via config and command line):
LogInit:  - bVerifyPeer = true  - Libcurl will verify peer certificate
LogInit:  - bUseHttpProxy = false  - Libcurl will NOT use HTTP proxy
LogInit:  - bDontReuseConnections = false  - Libcurl will reuse connections
LogInit:  - MaxHostConnections = 16  - Libcurl will limit the number of connections to a host
LogInit:  - LocalHostAddr = Default
LogInit:  - BufferSize = 65536
LogOnline: OSS: Creating online subsystem instance for: NULL
LogInit: WinSock: version 1.1 (2.2), MaxSocks=32767, MaxUdp=65467
LogOnline: OSS: TryLoadSubsystemAndSetDefault: Loaded subsystem for module [NULL]
LogInit: Build: ++UE4+Release-4.24-CL-11100242
LogInit: Engine Version: 4.24.2-11100242+++UE4+Release-4.24
LogInit: Compatible Engine Version: 4.24.0-10570792+++UE4+Release-4.24
LogInit: Net CL: 10570792
LogInit: OS: Windows 7 (Service Pack 1), CPU: Intel(R) Xeon(R) CPU E3-1240 v5 @ 3.50GHz, GPU: NVIDIA GeForce GTX 1050
LogInit: Compiled (64-bit): Jan 24 2020 02:05:53
LogInit: Compiled with Visual C++: 19.16.27032.01
LogInit: Build Configuration: Development
LogInit: Branch Name: ++UE4+Release-4.24
LogInit: Command Line:  -skipcompile
LogInit: Base Directory: C:/Program Files/Epic Games/UE_4.24/Engine/Binaries/Win64/
LogInit: Installed Engine Build: 1
LogDevObjectVersion: Number of dev versions registered: 25
LogDevObjectVersion:   Dev-Blueprints (B0D832E4-1F89-4F0D-ACCF-7EB736FD4AA2): 10
LogDevObjectVersion:   Dev-Build (E1C64328-A22C-4D53-A36C-8E866417BD8C): 0
LogDevObjectVersion:   Dev-Core (375EC13C-06E4-48FB-B500-84F0262A717E): 3
LogDevObjectVersion:   Dev-Editor (E4B068ED-F494-42E9-A231-DA0B2E46BB41): 37
LogDevObjectVersion:   Dev-Framework (CFFC743F-43B0-4480-9391-14DF171D2073): 36
LogDevObjectVersion:   Dev-Mobile (B02B49B5-BB20-44E9-A304-32B752E40360): 2
LogDevObjectVersion:   Dev-Networking (A4E4105C-59A1-49B5-A7C5-40C4547EDFEE): 0
LogDevObjectVersion:   Dev-Online (39C831C9-5AE6-47DC-9A44-9C173E1C8E7C): 0
LogDevObjectVersion:   Dev-Physics (78F01B33-EBEA-4F98-B9B4-84EACCB95AA2): 2
LogDevObjectVersion:   Dev-Platform (6631380F-2D4D-43E0-8009-CF276956A95A): 0
LogDevObjectVersion:   Dev-Rendering (12F88B9F-8875-4AFC-A67C-D90C383ABD29): 36
LogDevObjectVersion:   Dev-Sequencer (7B5AE74C-D270-4C10-A958-57980B212A5A): 11
LogDevObjectVersion:   Dev-VR (D7296918-1DD6-4BDD-9DE2-64A83CC13884): 2
LogDevObjectVersion:   Dev-LoadTimes (C2A15278-BFE7-4AFE-6C17-90FF531DF755): 1
LogDevObjectVersion:   Private-Geometry (6EACA3D4-40EC-4CC1-B786-8BED09428FC5): 3
LogDevObjectVersion:   Dev-AnimPhys (29E575DD-E0A3-4627-9D10-D276232CDCEA): 17
LogDevObjectVersion:   Dev-Anim (AF43A65D-7FD3-4947-9873-3E8ED9C1BB05): 2
LogDevObjectVersion:   Dev-ReflectionCapture (6B266CEC-1EC7-4B8F-A30B-E4D90942FC07): 1
LogDevObjectVersion:   Dev-Automation (0DF73D61-A23F-47EA-B727-89E90C41499A): 1
LogDevObjectVersion:   FortniteMain (601D1886-AC64-4F84-AA16-D3DE0DEAC7D6): 31
LogDevObjectVersion:   Dev-Enterprise (9DFFBCD6-494F-0158-E221-12823C92A888): 8
LogDevObjectVersion:   Dev-Niagara (F2AED0AC-9AFE-416F-8664-AA7FFA26D6FC): 1
LogDevObjectVersion:   Dev-Destruction (174F1F0B-B4C6-45A5-B13F-2EE8D0FB917D): 9
LogDevObjectVersion:   Dev-Physics-Ext (35F94A83-E258-406C-A318-09F59610247C): 8
LogDevObjectVersion:   Dev-CineCamera (B2E18506-4273-CFC2-A54E-F4BB758BBA07): 1
LogInit: Presizing for max 25165824 objects, including 0 objects not considered by GC, pre-allocating 0 bytes for permanent pool.
LogInit: Object subsystem initialized
LogConfig: Setting CVar [[con.DebugEarlyDefault:1]]
LogConfig: Setting CVar [[r.setres:1280x720]]
[2020.11.27-20.01.47:561][  0]LogConfig: Setting CVar [[r.VSync:0]]
[2020.11.27-20.01.47:561][  0]LogConfig: Setting CVar [[r.RHICmdBypass:0]]
[2020.11.27-20.01.47:561][  0]LogConfig: Applying CVar settings from Section [/Script/Engine.RendererSettings] File [D:/Game/Unreal/PluginDemoProject/Saved/Config/Windows/Engine.ini]
[2020.11.27-20.01.47:561][  0]LogConfig: Setting CVar [[r.GPUCrashDebugging:0]]
[2020.11.27-20.01.47:561][  0]LogConfig: Applying CVar settings from Section [/Script/Engine.RendererOverrideSettings] File [D:/Game/Unreal/PluginDemoProject/Saved/Config/Windows/Engine.ini]
[2020.11.27-20.01.47:561][  0]LogConfig: Applying CVar settings from Section [/Script/Engine.StreamingSettings] File [D:/Game/Unreal/PluginDemoProject/Saved/Config/Windows/Engine.ini]
[2020.11.27-20.01.47:561][  0]LogConfig: Setting CVar [[s.MinBulkDataSizeForAsyncLoading:131072]]
[2020.11.27-20.01.47:561][  0]LogConfig: Setting CVar [[s.AsyncLoadingThreadEnabled:0]]
[2020.11.27-20.01.47:561][  0]LogConfig: Setting CVar [[s.EventDrivenLoaderEnabled:1]]
[2020.11.27-20.01.47:561][  0]LogConfig: Setting CVar [[s.WarnIfTimeLimitExceeded:0]]
[2020.11.27-20.01.47:561][  0]LogConfig: Setting CVar [[s.TimeLimitExceededMultiplier:1.5]]
[2020.11.27-20.01.47:561][  0]LogConfig: Setting CVar [[s.TimeLimitExceededMinTime:0.005]]
[2020.11.27-20.01.47:561][  0]LogConfig: Setting CVar [[s.UseBackgroundLevelStreaming:1]]
[2020.11.27-20.01.47:561][  0]LogConfig: Setting CVar [[s.PriorityAsyncLoadingExtraTime:15.0]]
[2020.11.27-20.01.47:561][  0]LogConfig: Setting CVar [[s.LevelStreamingActorsUpdateTimeLimit:5.0]]
[2020.11.27-20.01.47:561][  0]LogConfig: Setting CVar [[s.PriorityLevelStreamingActorsUpdateExtraTime:5.0]]
[2020.11.27-20.01.47:561][  0]LogConfig: Setting CVar [[s.LevelStreamingComponentsRegistrationGranularity:10]]
[2020.11.27-20.01.47:561][  0]LogConfig: Setting CVar [[s.UnregisterComponentsTimeLimit:1.0]]
[2020.11.27-20.01.47:561][  0]LogConfig: Setting CVar [[s.LevelStreamingComponentsUnregistrationGranularity:5]]
[2020.11.27-20.01.47:561][  0]LogConfig: Setting CVar [[s.FlushStreamingOnExit:1]]
[2020.11.27-20.01.47:561][  0]LogConfig: Applying CVar settings from Section [/Script/Engine.GarbageCollectionSettings] File [D:/Game/Unreal/PluginDemoProject/Saved/Config/Windows/Engine.ini]
[2020.11.27-20.01.47:561][  0]LogConfig: Setting CVar [[gc.MaxObjectsNotConsideredByGC:1]]
[2020.11.27-20.01.47:561][  0]LogConfig: Setting CVar [[gc.SizeOfPermanentObjectPool:0]]
[2020.11.27-20.01.47:561][  0]LogConfig: Setting CVar [[gc.FlushStreamingOnGC:0]]
[2020.11.27-20.01.47:561][  0]LogConfig: Setting CVar [[gc.NumRetriesBeforeForcingGC:10]]
[2020.11.27-20.01.47:561][  0]LogConfig: Setting CVar [[gc.AllowParallelGC:1]]
[2020.11.27-20.01.47:561][  0]LogConfig: Setting CVar [[gc.TimeBetweenPurgingPendingKillObjects:61.1]]
[2020.11.27-20.01.47:561][  0]LogConfig: Setting CVar [[gc.MaxObjectsInEditor:25165824]]
[2020.11.27-20.01.47:561][  0]LogConfig: Setting CVar [[gc.IncrementalBeginDestroyEnabled:1]]
[2020.11.27-20.01.47:561][  0]LogConfig: Setting CVar [[gc.CreateGCClusters:1]]
[2020.11.27-20.01.47:561][  0]LogConfig: Setting CVar [[gc.MinGCClusterSize:5]]
[2020.11.27-20.01.47:561][  0]LogConfig: Setting CVar [[gc.ActorClusteringEnabled:0]]
[2020.11.27-20.01.47:561][  0]LogConfig: Setting CVar [[gc.BlueprintClusteringEnabled:0]]
[2020.11.27-20.01.47:561][  0]LogConfig: Setting CVar [[gc.UseDisregardForGCOnDedicatedServers:0]]
[2020.11.27-20.01.47:561][  0]LogConfig: Applying CVar settings from Section [/Script/Engine.NetworkSettings] File [D:/Game/Unreal/PluginDemoProject/Saved/Config/Windows/Engine.ini]
[2020.11.27-20.01.47:561][  0]LogConfig: Applying CVar settings from Section [/Script/UnrealEd.CookerSettings] File [D:/Game/Unreal/PluginDemoProject/Saved/Config/Windows/Engine.ini]
[2020.11.27-20.01.47:564][  0]LogConfig: Applying CVar settings from Section [ViewDistanceQuality@3] File [D:/Game/Unreal/PluginDemoProject/Saved/Config/Windows/Scalability.ini]
[2020.11.27-20.01.47:564][  0]LogConfig: Setting CVar [[r.SkeletalMeshLODBias:0]]
[2020.11.27-20.01.47:564][  0]LogConfig: Setting CVar [[r.ViewDistanceScale:1.0]]
[2020.11.27-20.01.47:564][  0]LogConfig: Applying CVar settings from Section [AntiAliasingQuality@3] File [D:/Game/Unreal/PluginDemoProject/Saved/Config/Windows/Scalability.ini]
[2020.11.27-20.01.47:564][  0]LogConfig: Setting CVar [[r.PostProcessAAQuality:4]]
[2020.11.27-20.01.47:564][  0]LogConfig: Applying CVar settings from Section [ShadowQuality@3] File [D:/Game/Unreal/PluginDemoProject/Saved/Config/Windows/Scalability.ini]
[2020.11.27-20.01.47:564][  0]LogConfig: Setting CVar [[r.LightFunctionQuality:1]]
[2020.11.27-20.01.47:564][  0]LogConfig: Setting CVar [[r.ShadowQuality:5]]
[2020.11.27-20.01.47:564][  0]LogConfig: Setting CVar [[r.Shadow.CSM.MaxCascades:10]]
[2020.11.27-20.01.47:565][  0]LogConfig: Setting CVar [[r.Shadow.MaxResolution:2048]]
[2020.11.27-20.01.47:565][  0]LogConfig: Setting CVar [[r.Shadow.MaxCSMResolution:2048]]
[2020.11.27-20.01.47:565][  0]LogConfig: Setting CVar [[r.Shadow.RadiusThreshold:0.01]]
[2020.11.27-20.01.47:565][  0]LogConfig: Setting CVar [[r.Shadow.DistanceScale:1.0]]
[2020.11.27-20.01.47:565][  0]LogConfig: Setting CVar [[r.Shadow.CSM.TransitionScale:1.0]]
[2020.11.27-20.01.47:565][  0]LogConfig: Setting CVar [[r.Shadow.PreShadowResolutionFactor:1.0]]
[2020.11.27-20.01.47:565][  0]LogConfig: Setting CVar [[r.DistanceFieldShadowing:1]]
[2020.11.27-20.01.47:565][  0]LogConfig: Setting CVar [[r.DistanceFieldAO:1]]
[2020.11.27-20.01.47:565][  0]LogConfig: Setting CVar [[r.AOQuality:2]]
[2020.11.27-20.01.47:565][  0]LogConfig: Setting CVar [[r.VolumetricFog:1]]
[2020.11.27-20.01.47:565][  0]LogConfig: Setting CVar [[r.VolumetricFog.GridPixelSize:8]]
[2020.11.27-20.01.47:565][  0]LogConfig: Setting CVar [[r.VolumetricFog.GridSizeZ:128]]
[2020.11.27-20.01.47:565][  0]LogConfig: Setting CVar [[r.VolumetricFog.HistoryMissSupersampleCount:4]]
[2020.11.27-20.01.47:565][  0]LogConfig: Setting CVar [[r.LightMaxDrawDistanceScale:1]]
[2020.11.27-20.01.47:565][  0]LogConfig: Setting CVar [[r.CapsuleShadows:1]]
[2020.11.27-20.01.47:565][  0]LogConfig: Applying CVar settings from Section [PostProcessQuality@3] File [D:/Game/Unreal/PluginDemoProject/Saved/Config/Windows/Scalability.ini]
[2020.11.27-20.01.47:565][  0]LogConfig: Setting CVar [[r.MotionBlurQuality:4]]
[2020.11.27-20.01.47:565][  0]LogConfig: Setting CVar [[r.AmbientOcclusionMipLevelFactor:0.4]]
[2020.11.27-20.01.47:565][  0]LogConfig: Setting CVar [[r.AmbientOcclusionMaxQuality:100]]
[2020.11.27-20.01.47:565][  0]LogConfig: Setting CVar [[r.AmbientOcclusionLevels:-1]]
[2020.11.27-20.01.47:565][  0]LogConfig: Setting CVar [[r.AmbientOcclusionRadiusScale:1.0]]
[2020.11.27-20.01.47:565][  0]LogConfig: Setting CVar [[r.DepthOfFieldQuality:2]]
[2020.11.27-20.01.47:565][  0]LogConfig: Setting CVar [[r.RenderTargetPoolMin:400]]
[2020.11.27-20.01.47:565][  0]LogConfig: Setting CVar [[r.LensFlareQuality:2]]
[2020.11.27-20.01.47:565][  0]LogConfig: Setting CVar [[r.SceneColorFringeQuality:1]]
[2020.11.27-20.01.47:565][  0]LogConfig: Setting CVar [[r.EyeAdaptationQuality:2]]
[2020.11.27-20.01.47:565][  0]LogConfig: Setting CVar [[r.BloomQuality:5]]
[2020.11.27-20.01.47:565][  0]LogConfig: Setting CVar [[r.FastBlurThreshold:100]]
[2020.11.27-20.01.47:565][  0]LogConfig: Setting CVar [[r.Upscale.Quality:3]]
[2020.11.27-20.01.47:565][  0]LogConfig: Setting CVar [[r.Tonemapper.GrainQuantization:1]]
[2020.11.27-20.01.47:565][  0]LogConfig: Setting CVar [[r.LightShaftQuality:1]]
[2020.11.27-20.01.47:565][  0]LogConfig: Setting CVar [[r.Filter.SizeScale:1]]
[2020.11.27-20.01.47:565][  0]LogConfig: Setting CVar [[r.Tonemapper.Quality:5]]
[2020.11.27-20.01.47:565][  0]LogConfig: Setting CVar [[r.DOF.Gather.AccumulatorQuality:1        ; higher gathering accumulator quality]]
[2020.11.27-20.01.47:565][  0]LogConfig: Setting CVar [[r.DOF.Gather.PostfilterMethod:1          ; Median3x3 postfilering method]]
[2020.11.27-20.01.47:565][  0]LogConfig: Setting CVar [[r.DOF.Gather.EnableBokehSettings:0       ; no bokeh simulation when gathering]]
[2020.11.27-20.01.47:565][  0]LogConfig: Setting CVar [[r.DOF.Gather.RingCount:4                 ; medium number of samples when gathering]]
[2020.11.27-20.01.47:566][  0]LogConfig: Setting CVar [[r.DOF.Scatter.ForegroundCompositing:1    ; additive foreground scattering]]
[2020.11.27-20.01.47:566][  0]LogConfig: Setting CVar [[r.DOF.Scatter.BackgroundCompositing:2    ; additive background scattering]]
[2020.11.27-20.01.47:566][  0]LogConfig: Setting CVar [[r.DOF.Scatter.EnableBokehSettings:1      ; bokeh simulation when scattering]]
[2020.11.27-20.01.47:566][  0]LogConfig: Setting CVar [[r.DOF.Scatter.MaxSpriteRatio:0.1         ; only a maximum of 10% of scattered bokeh]]
[2020.11.27-20.01.47:566][  0]LogConfig: Setting CVar [[r.DOF.Recombine.Quality:1                ; cheap slight out of focus]]
[2020.11.27-20.01.47:566][  0]LogConfig: Setting CVar [[r.DOF.Recombine.EnableBokehSettings:0    ; no bokeh simulation on slight out of focus]]
[2020.11.27-20.01.47:566][  0]LogConfig: Setting CVar [[r.DOF.TemporalAAQuality:1                ; more stable temporal accumulation]]
[2020.11.27-20.01.47:566][  0]LogConfig: Setting CVar [[r.DOF.Kernel.MaxForegroundRadius:0.025]]
[2020.11.27-20.01.47:566][  0]LogConfig: Setting CVar [[r.DOF.Kernel.MaxBackgroundRadius:0.025]]
[2020.11.27-20.01.47:566][  0]LogConfig: Applying CVar settings from Section [TextureQuality@3] File [D:/Game/Unreal/PluginDemoProject/Saved/Config/Windows/Scalability.ini]
[2020.11.27-20.01.47:566][  0]LogConfig: Setting CVar [[r.Streaming.MipBias:0]]
[2020.11.27-20.01.47:566][  0]LogConfig: Setting CVar [[r.Streaming.AmortizeCPUToGPUCopy:0]]
[2020.11.27-20.01.47:566][  0]LogConfig: Setting CVar [[r.Streaming.MaxNumTexturesToStreamPerFrame:0]]
[2020.11.27-20.01.47:566][  0]LogConfig: Setting CVar [[r.Streaming.Boost:1]]
[2020.11.27-20.01.47:566][  0]LogConfig: Setting CVar [[r.MaxAnisotropy:8]]
[2020.11.27-20.01.47:566][  0]LogConfig: Setting CVar [[r.VT.MaxAnisotropy:8]]
[2020.11.27-20.01.47:566][  0]LogConfig: Setting CVar [[r.Streaming.LimitPoolSizeToVRAM:0]]
[2020.11.27-20.01.47:566][  0]LogConfig: Setting CVar [[r.Streaming.PoolSize:1000]]
[2020.11.27-20.01.47:566][  0]LogConfig: Setting CVar [[r.Streaming.MaxEffectiveScreenSize:0]]
[2020.11.27-20.01.47:566][  0]LogConfig: Applying CVar settings from Section [EffectsQuality@3] File [D:/Game/Unreal/PluginDemoProject/Saved/Config/Windows/Scalability.ini]
[2020.11.27-20.01.47:566][  0]LogConfig: Setting CVar [[r.TranslucencyLightingVolumeDim:64]]
[2020.11.27-20.01.47:566][  0]LogConfig: Setting CVar [[r.RefractionQuality:2]]
[2020.11.27-20.01.47:566][  0]LogConfig: Setting CVar [[r.SSR.Quality:3]]
[2020.11.27-20.01.47:566][  0]LogConfig: Setting CVar [[r.SSR.HalfResSceneColor:0]]
[2020.11.27-20.01.47:566][  0]LogConfig: Setting CVar [[r.SceneColorFormat:4]]
[2020.11.27-20.01.47:566][  0]LogConfig: Setting CVar [[r.DetailMode:2]]
[2020.11.27-20.01.47:566][  0]LogConfig: Setting CVar [[r.TranslucencyVolumeBlur:1]]
[2020.11.27-20.01.47:566][  0]LogConfig: Setting CVar [[r.MaterialQualityLevel:1 ; High quality]]
[2020.11.27-20.01.47:566][  0]LogConfig: Setting CVar [[r.SSS.Scale:1]]
[2020.11.27-20.01.47:566][  0]LogConfig: Setting CVar [[r.SSS.SampleSet:2]]
[2020.11.27-20.01.47:566][  0]LogConfig: Setting CVar [[r.SSS.Quality:1]]
[2020.11.27-20.01.47:566][  0]LogConfig: Setting CVar [[r.SSS.HalfRes:1]]
[2020.11.27-20.01.47:566][  0]LogConfig: Setting CVar [[r.SSGI.Quality:3]]
[2020.11.27-20.01.47:566][  0]LogConfig: Setting CVar [[r.EmitterSpawnRateScale:1.0]]
[2020.11.27-20.01.47:566][  0]LogConfig: Setting CVar [[r.ParticleLightQuality:2]]
[2020.11.27-20.01.47:566][  0]LogConfig: Setting CVar [[r.SkyAtmosphere.AerialPerspectiveLUT.FastApplyOnOpaque:1 ; Always have FastSkyLUT 1 in this case to avoid wrong sky]]
[2020.11.27-20.01.47:566][  0]LogConfig: Setting CVar [[r.SkyAtmosphere.AerialPerspectiveLUT.SampleCountPerSlice:1]]
[2020.11.27-20.01.47:566][  0]LogConfig: Setting CVar [[r.SkyAtmosphere.AerialPerspectiveLUT.DepthResolution:16.0]]
[2020.11.27-20.01.47:566][  0]LogConfig: Setting CVar [[r.SkyAtmosphere.FastSkyLUT:1]]
[2020.11.27-20.01.47:566][  0]LogConfig: Setting CVar [[r.SkyAtmosphere.FastSkyLUT.SampleCountMin:4.0]]
[2020.11.27-20.01.47:566][  0]LogConfig: Setting CVar [[r.SkyAtmosphere.FastSkyLUT.SampleCountMax:32.0]]
[2020.11.27-20.01.47:566][  0]LogConfig: Setting CVar [[r.SkyAtmosphere.SampleCountMin:4.0]]
[2020.11.27-20.01.47:566][  0]LogConfig: Setting CVar [[r.SkyAtmosphere.SampleCountMax:32.0]]
[2020.11.27-20.01.47:566][  0]LogConfig: Setting CVar [[r.SkyAtmosphere.TransmittanceLUT.UseSmallFormat:0]]
[2020.11.27-20.01.47:566][  0]LogConfig: Setting CVar [[r.SkyAtmosphere.TransmittanceLUT.SampleCount:10.0]]
[2020.11.27-20.01.47:566][  0]LogConfig: Setting CVar [[r.SkyAtmosphere.MultiScatteringLUT.SampleCount:15.0]]
[2020.11.27-20.01.47:567][  0]LogConfig: Applying CVar settings from Section [FoliageQuality@3] File [D:/Game/Unreal/PluginDemoProject/Saved/Config/Windows/Scalability.ini]
[2020.11.27-20.01.47:567][  0]LogConfig: Setting CVar [[foliage.DensityScale:1.0]]
[2020.11.27-20.01.47:567][  0]LogConfig: Setting CVar [[grass.DensityScale:1.0]]
[2020.11.27-20.01.47:567][  0]LogConfig: Applying CVar settings from Section [ShadingQuality@3] File [D:/Game/Unreal/PluginDemoProject/Saved/Config/Windows/Scalability.ini]
[2020.11.27-20.01.47:567][  0]LogConfig: Setting CVar [[r.HairStrands.SkyLighting.SampleCount:16]]
[2020.11.27-20.01.47:567][  0]LogConfig: Setting CVar [[r.HairStrands.SkyLighting.JitterIntegration:0]]
[2020.11.27-20.01.47:567][  0]LogConfig: Setting CVar [[r.HairStrands.SkyAO.SampleCount:16]]
[2020.11.27-20.01.47:567][  0]LogInit: Selected Device Profile: [Windows]
[2020.11.27-20.01.47:567][  0]LogInit: Applying CVar settings loaded from the selected device profile: [Windows]
[2020.11.27-20.01.47:568][  0]LogHAL: Display: Platform has ~ 16 GB [17136357376 / 17179869184 / 16], which maps to Larger [LargestMinGB=32, LargerMinGB=12, DefaultMinGB=8, SmallerMinGB=6, SmallestMinGB=0)
[2020.11.27-20.01.47:568][  0]LogInit: Going up to parent DeviceProfile []
[2020.11.27-20.01.47:568][  0]LogConfig: Applying CVar settings from Section [ViewDistanceQuality@2] File [D:/Game/Unreal/PluginDemoProject/Saved/Config/Windows/Scalability.ini]
[2020.11.27-20.01.47:568][  0]LogConfig: Setting CVar [[r.SkeletalMeshLODBias:0]]
[2020.11.27-20.01.47:568][  0]LogConfig: Setting CVar [[r.ViewDistanceScale:0.8]]
[2020.11.27-20.01.47:568][  0]LogConfig: Applying CVar settings from Section [AntiAliasingQuality@2] File [D:/Game/Unreal/PluginDemoProject/Saved/Config/Windows/Scalability.ini]
[2020.11.27-20.01.47:569][  0]LogConfig: Setting CVar [[r.PostProcessAAQuality:3]]
[2020.11.27-20.01.47:569][  0]LogConfig: Applying CVar settings from Section [ShadowQuality@2] File [D:/Game/Unreal/PluginDemoProject/Saved/Config/Windows/Scalability.ini]
[2020.11.27-20.01.47:569][  0]LogConfig: Setting CVar [[r.LightFunctionQuality:1]]
[2020.11.27-20.01.47:569][  0]LogConfig: Setting CVar [[r.ShadowQuality:5]]
[2020.11.27-20.01.47:569][  0]LogConfig: Setting CVar [[r.Shadow.CSM.MaxCascades:4]]
[2020.11.27-20.01.47:569][  0]LogConfig: Setting CVar [[r.Shadow.MaxResolution:1024]]
[2020.11.27-20.01.47:569][  0]LogConfig: Setting CVar [[r.Shadow.MaxCSMResolution:2048]]
[2020.11.27-20.01.47:569][  0]LogConfig: Setting CVar [[r.Shadow.RadiusThreshold:0.04]]
[2020.11.27-20.01.47:569][  0]LogConfig: Setting CVar [[r.Shadow.DistanceScale:0.85]]
[2020.11.27-20.01.47:569][  0]LogConfig: Setting CVar [[r.Shadow.CSM.TransitionScale:0.8]]
[2020.11.27-20.01.47:569][  0]LogConfig: Setting CVar [[r.Shadow.PreShadowResolutionFactor:0.5]]
[2020.11.27-20.01.47:569][  0]LogConfig: Setting CVar [[r.DistanceFieldShadowing:1]]
[2020.11.27-20.01.47:569][  0]LogConfig: Setting CVar [[r.DistanceFieldAO:1]]
[2020.11.27-20.01.47:569][  0]LogConfig: Setting CVar [[r.AOQuality:1]]
[2020.11.27-20.01.47:569][  0]LogConfig: Setting CVar [[r.VolumetricFog:1]]
[2020.11.27-20.01.47:569][  0]LogConfig: Setting CVar [[r.VolumetricFog.GridPixelSize:16]]
[2020.11.27-20.01.47:569][  0]LogConfig: Setting CVar [[r.VolumetricFog.GridSizeZ:64]]
[2020.11.27-20.01.47:569][  0]LogConfig: Setting CVar [[r.VolumetricFog.HistoryMissSupersampleCount:4]]
[2020.11.27-20.01.47:569][  0]LogConfig: Setting CVar [[r.LightMaxDrawDistanceScale:1]]
[2020.11.27-20.01.47:569][  0]LogConfig: Setting CVar [[r.CapsuleShadows:1]]
[2020.11.27-20.01.47:569][  0]LogConfig: Applying CVar settings from Section [PostProcessQuality@2] File [D:/Game/Unreal/PluginDemoProject/Saved/Config/Windows/Scalability.ini]
[2020.11.27-20.01.47:569][  0]LogConfig: Setting CVar [[r.MotionBlurQuality:3]]
[2020.11.27-20.01.47:569][  0]LogConfig: Setting CVar [[r.AmbientOcclusionMipLevelFactor:0.6]]
[2020.11.27-20.01.47:569][  0]LogConfig: Setting CVar [[r.AmbientOcclusionMaxQuality:100]]
[2020.11.27-20.01.47:569][  0]LogConfig: Setting CVar [[r.AmbientOcclusionLevels:-1]]
[2020.11.27-20.01.47:569][  0]LogConfig: Setting CVar [[r.AmbientOcclusionRadiusScale:1.5]]
[2020.11.27-20.01.47:569][  0]LogConfig: Setting CVar [[r.DepthOfFieldQuality:2]]
[2020.11.27-20.01.47:569][  0]LogConfig: Setting CVar [[r.RenderTargetPoolMin:400]]
[2020.11.27-20.01.47:569][  0]LogConfig: Setting CVar [[r.LensFlareQuality:2]]
[2020.11.27-20.01.47:569][  0]LogConfig: Setting CVar [[r.SceneColorFringeQuality:1]]
[2020.11.27-20.01.47:569][  0]LogConfig: Setting CVar [[r.EyeAdaptationQuality:2]]
[2020.11.27-20.01.47:569][  0]LogConfig: Setting CVar [[r.BloomQuality:5]]
[2020.11.27-20.01.47:569][  0]LogConfig: Setting CVar [[r.FastBlurThreshold:3]]
[2020.11.27-20.01.47:569][  0]LogConfig: Setting CVar [[r.Upscale.Quality:2]]
[2020.11.27-20.01.47:569][  0]LogConfig: Setting CVar [[r.Tonemapper.GrainQuantization:1]]
[2020.11.27-20.01.47:569][  0]LogConfig: Setting CVar [[r.LightShaftQuality:1]]
[2020.11.27-20.01.47:569][  0]LogConfig: Setting CVar [[r.Filter.SizeScale:0.8]]
[2020.11.27-20.01.47:569][  0]LogConfig: Setting CVar [[r.Tonemapper.Quality:5]]
[2020.11.27-20.01.47:569][  0]LogConfig: Setting CVar [[r.DOF.Gather.AccumulatorQuality:0        ; lower gathering accumulator quality]]
[2020.11.27-20.01.47:569][  0]LogConfig: Setting CVar [[r.DOF.Gather.PostfilterMethod:2          ; Max3x3 postfilering method]]
[2020.11.27-20.01.47:569][  0]LogConfig: Setting CVar [[r.DOF.Gather.EnableBokehSettings:0       ; no bokeh simulation when gathering]]
[2020.11.27-20.01.47:569][  0]LogConfig: Setting CVar [[r.DOF.Gather.RingCount:4                 ; medium number of samples when gathering]]
[2020.11.27-20.01.47:569][  0]LogConfig: Setting CVar [[r.DOF.Scatter.ForegroundCompositing:1    ; additive foreground scattering]]
[2020.11.27-20.01.47:569][  0]LogConfig: Setting CVar [[r.DOF.Scatter.BackgroundCompositing:1    ; no background occlusion]]
[2020.11.27-20.01.47:569][  0]LogConfig: Setting CVar [[r.DOF.Scatter.EnableBokehSettings:0      ; no bokeh simulation when scattering]]
[2020.11.27-20.01.47:569][  0]LogConfig: Setting CVar [[r.DOF.Scatter.MaxSpriteRatio:0.04        ; only a maximum of 4% of scattered bokeh]]
[2020.11.27-20.01.47:569][  0]LogConfig: Setting CVar [[r.DOF.Recombine.Quality:0                ; no slight out of focus]]
[2020.11.27-20.01.47:569][  0]LogConfig: Setting CVar [[r.DOF.TemporalAAQuality:0                ; faster temporal accumulation]]
[2020.11.27-20.01.47:570][  0]LogConfig: Setting CVar [[r.DOF.Kernel.MaxForegroundRadius:0.012   ; required because of AccumulatorQuality=0]]
[2020.11.27-20.01.47:570][  0]LogConfig: Setting CVar [[r.DOF.Kernel.MaxBackgroundRadius:0.012   ; required because of AccumulatorQuality=0]]
[2020.11.27-20.01.47:570][  0]LogConfig: Applying CVar settings from Section [TextureQuality@2] File [D:/Game/Unreal/PluginDemoProject/Saved/Config/Windows/Scalability.ini]
[2020.11.27-20.01.47:570][  0]LogConfig: Setting CVar [[r.Streaming.MipBias:0]]
[2020.11.27-20.01.47:570][  0]LogConfig: Setting CVar [[r.Streaming.AmortizeCPUToGPUCopy:0]]
[2020.11.27-20.01.47:570][  0]LogConfig: Setting CVar [[r.Streaming.MaxNumTexturesToStreamPerFrame:0]]
[2020.11.27-20.01.47:570][  0]LogConfig: Setting CVar [[r.Streaming.Boost:1]]
[2020.11.27-20.01.47:570][  0]LogConfig: Setting CVar [[r.MaxAnisotropy:4]]
[2020.11.27-20.01.47:570][  0]LogConfig: Setting CVar [[r.VT.MaxAnisotropy:8]]
[2020.11.27-20.01.47:570][  0]LogConfig: Setting CVar [[r.Streaming.LimitPoolSizeToVRAM:1]]
[2020.11.27-20.01.47:570][  0]LogConfig: Setting CVar [[r.Streaming.PoolSize:800]]
[2020.11.27-20.01.47:570][  0]LogConfig: Setting CVar [[r.Streaming.MaxEffectiveScreenSize:0]]
[2020.11.27-20.01.47:570][  0]LogConfig: Applying CVar settings from Section [EffectsQuality@2] File [D:/Game/Unreal/PluginDemoProject/Saved/Config/Windows/Scalability.ini]
[2020.11.27-20.01.47:570][  0]LogConfig: Setting CVar [[r.TranslucencyLightingVolumeDim:48]]
[2020.11.27-20.01.47:570][  0]LogConfig: Setting CVar [[r.RefractionQuality:2]]
[2020.11.27-20.01.47:570][  0]LogConfig: Setting CVar [[r.SSR.Quality:2]]
[2020.11.27-20.01.47:570][  0]LogConfig: Setting CVar [[r.SSR.HalfResSceneColor:1]]
[2020.11.27-20.01.47:570][  0]LogConfig: Setting CVar [[r.SceneColorFormat:3]]
[2020.11.27-20.01.47:570][  0]LogConfig: Setting CVar [[r.DetailMode:1]]
[2020.11.27-20.01.47:570][  0]LogConfig: Setting CVar [[r.TranslucencyVolumeBlur:1]]
[2020.11.27-20.01.47:570][  0]LogConfig: Setting CVar [[r.MaterialQualityLevel:1 ; High quality]]
[2020.11.27-20.01.47:570][  0]LogConfig: Setting CVar [[r.SSS.Scale:1]]
[2020.11.27-20.01.47:570][  0]LogConfig: Setting CVar [[r.SSS.SampleSet:1]]
[2020.11.27-20.01.47:570][  0]LogConfig: Setting CVar [[r.SSS.Quality:-1]]
[2020.11.27-20.01.47:570][  0]LogConfig: Setting CVar [[r.SSS.HalfRes:1]]
[2020.11.27-20.01.47:570][  0]LogConfig: Setting CVar [[r.SSGI.Quality:2]]
[2020.11.27-20.01.47:570][  0]LogConfig: Setting CVar [[r.EmitterSpawnRateScale:0.5]]
[2020.11.27-20.01.47:570][  0]LogConfig: Setting CVar [[r.ParticleLightQuality:1]]
[2020.11.27-20.01.47:570][  0]LogConfig: Setting CVar [[r.SkyAtmosphere.AerialPerspectiveLUT.FastApplyOnOpaque:1 ; Always have FastSkyLUT 1 in this case to avoid wrong sky]]
[2020.11.27-20.01.47:570][  0]LogConfig: Setting CVar [[r.SkyAtmosphere.AerialPerspectiveLUT.SampleCountPerSlice:1]]
[2020.11.27-20.01.47:570][  0]LogConfig: Setting CVar [[r.SkyAtmosphere.AerialPerspectiveLUT.DepthResolution:16.0]]
[2020.11.27-20.01.47:570][  0]LogConfig: Setting CVar [[r.SkyAtmosphere.FastSkyLUT:1]]
[2020.11.27-20.01.47:570][  0]LogConfig: Setting CVar [[r.SkyAtmosphere.FastSkyLUT.SampleCountMin:4.0]]
[2020.11.27-20.01.47:570][  0]LogConfig: Setting CVar [[r.SkyAtmosphere.FastSkyLUT.SampleCountMax:32.0]]
[2020.11.27-20.01.47:570][  0]LogConfig: Setting CVar [[r.SkyAtmosphere.SampleCountMin:4.0]]
[2020.11.27-20.01.47:570][  0]LogConfig: Setting CVar [[r.SkyAtmosphere.SampleCountMax:32.0]]
[2020.11.27-20.01.47:570][  0]LogConfig: Setting CVar [[r.SkyAtmosphere.TransmittanceLUT.UseSmallFormat:0]]
[2020.11.27-20.01.47:570][  0]LogConfig: Setting CVar [[r.SkyAtmosphere.TransmittanceLUT.SampleCount:10.0]]
[2020.11.27-20.01.47:570][  0]LogConfig: Setting CVar [[r.SkyAtmosphere.MultiScatteringLUT.SampleCount:15.0]]
[2020.11.27-20.01.47:570][  0]LogConfig: Applying CVar settings from Section [FoliageQuality@2] File [D:/Game/Unreal/PluginDemoProject/Saved/Config/Windows/Scalability.ini]
[2020.11.27-20.01.47:570][  0]LogConfig: Setting CVar [[foliage.DensityScale:0.8]]
[2020.11.27-20.01.47:570][  0]LogConfig: Setting CVar [[grass.DensityScale:0.8]]
[2020.11.27-20.01.47:570][  0]LogConfig: Applying CVar settings from Section [ShadingQuality@3] File [D:/Game/Unreal/PluginDemoProject/Saved/Config/Windows/Scalability.ini]
[2020.11.27-20.01.47:570][  0]LogConfig: Setting CVar [[r.HairStrands.SkyLighting.SampleCount:16]]
[2020.11.27-20.01.47:570][  0]LogConfig: Setting CVar [[r.HairStrands.SkyLighting.JitterIntegration:0]]
[2020.11.27-20.01.47:570][  0]LogConfig: Setting CVar [[r.HairStrands.SkyAO.SampleCount:16]]
[2020.11.27-20.01.47:570][  0]LogConfig: Applying CVar settings from Section [Startup] File [../../../Engine/Config/ConsoleVariables.ini]
[2020.11.27-20.01.47:571][  0]LogConfig: Setting CVar [[net.UseAdaptiveNetUpdateFrequency:0]]
[2020.11.27-20.01.47:571][  0]LogConfig: Setting CVar [[p.chaos.AllowCreatePhysxBodies:1]]
[2020.11.27-20.01.47:571][  0]LogConfig: Applying CVar settings from Section [ConsoleVariables] File [D:/Game/Unreal/PluginDemoProject/Saved/Config/Windows/Engine.ini]
[2020.11.27-20.01.47:571][  0]LogInit: Computer: MASTER-PC
[2020.11.27-20.01.47:571][  0]LogInit: User: Master
[2020.11.27-20.01.47:571][  0]LogInit: CPU Page size=4096, Cores=4
[2020.11.27-20.01.47:571][  0]LogInit: High frequency timer resolution =3.421914 MHz
[2020.11.27-20.01.47:571][  0]LogMemory: Memory total: Physical=16.0GB (16GB approx)
[2020.11.27-20.01.47:571][  0]LogMemory: Platform Memory Stats for Windows
[2020.11.27-20.01.47:571][  0]LogMemory: Process Physical Memory: 108.77 MB used, 108.77 MB peak
[2020.11.27-20.01.47:571][  0]LogMemory: Process Virtual Memory: 106.70 MB used, 106.70 MB peak
[2020.11.27-20.01.47:571][  0]LogMemory: Physical Memory: 9093.48 MB used,  7249.02 MB free, 16342.50 MB total
[2020.11.27-20.01.47:571][  0]LogMemory: Virtual Memory: 1026.57 MB used,  8387581.50 MB free, 8388608.00 MB total
[2020.11.27-20.01.47:597][  0]LogWindows: WindowsPlatformFeatures enabled
[2020.11.27-20.01.47:734][  0]LogInit: Using OS detected language (en-US).
[2020.11.27-20.01.47:734][  0]LogInit: Using OS detected locale (en-US).
[2020.11.27-20.01.47:734][  0]LogTextLocalizationManager: No specific localization for 'en-US' exists, so the 'en' localization will be used.
[2020.11.27-20.01.47:870][  0]LogWindows: Failed to load 'shcore.dll' (GetLastError=126)
[2020.11.27-20.01.47:870][  0]LogWindows: File 'shcore.dll' does not exist
[2020.11.27-20.01.47:870][  0]LogInit: Setting process to DPI aware
[2020.11.27-20.01.47:891][  0]LogSlate: New Slate User Created.  User Index 0, Is Virtual User: 0
[2020.11.27-20.01.47:891][  0]LogSlate: Slate User Registered.  User Index 0, Is Virtual User: 0
[2020.11.27-20.01.47:965][  0]LogHMD: Failed to initialize OpenVR with code 110
[2020.11.27-20.01.47:966][  0]LogD3D11RHI: D3D11 min allowed feature level: 11_0
[2020.11.27-20.01.47:966][  0]LogD3D11RHI: D3D11 max allowed feature level: 11_0
[2020.11.27-20.01.47:966][  0]LogD3D11RHI: D3D11 adapters:
[2020.11.27-20.01.47:986][  0]LogD3D11RHI:    0. 'NVIDIA GeForce GTX 1050' (Feature Level 11_0)
[2020.11.27-20.01.47:987][  0]LogD3D11RHI:       1958/0/7915 MB DedicatedVideo/DedicatedSystem/SharedSystem, Outputs:1, VendorId:0x10de
[2020.11.27-20.01.47:987][  0]LogD3D11RHI: Chosen D3D11 Adapter: 0
[2020.11.27-20.01.47:991][  0]LogD3D11RHI: Creating new Direct3DDevice
[2020.11.27-20.01.47:991][  0]LogD3D11RHI:     GPU DeviceId: 0x1c81 (for the marketing name, search the web for "GPU Device Id")
[2020.11.27-20.01.47:991][  0]LogWindows: EnumDisplayDevices:
[2020.11.27-20.01.47:991][  0]LogWindows:    0. 'NVIDIA GeForce GTX 1050' (P:1 D:1)
[2020.11.27-20.01.47:991][  0]LogWindows:    1. 'NVIDIA GeForce GTX 1050' (P:0 D:0)
[2020.11.27-20.01.47:991][  0]LogWindows:    2. 'NVIDIA GeForce GTX 1050' (P:0 D:0)
[2020.11.27-20.01.47:992][  0]LogWindows:    3. 'NVIDIA GeForce GTX 1050' (P:0 D:0)
[2020.11.27-20.01.47:992][  0]LogWindows:    4. 'RDPDD Chained DD' (P:0 D:0)
[2020.11.27-20.01.47:992][  0]LogWindows:    5. 'RDP Encoder Mirror Driver' (P:0 D:0)
[2020.11.27-20.01.47:992][  0]LogWindows:    6. 'RDP Reflector Display Driver' (P:0 D:0)
[2020.11.27-20.01.47:992][  0]LogWindows: DebugString: GetVideoDriverDetailsInvalid PrimaryIsNotTheChoosenAdapter GetVideoDriverDetailsInvalid PrimaryIsNotTheChoosenAdapter GetVideoDriverDetailsInvalid PrimaryIsNotTheChoosenAdapter FoundDriverCount:4 
[2020.11.27-20.01.47:992][  0]LogD3D11RHI:     Adapter Name: NVIDIA GeForce GTX 1050
[2020.11.27-20.01.47:992][  0]LogD3D11RHI:   Driver Version: 391.35 (internal:23.21.13.9135, unified:391.35)
[2020.11.27-20.01.47:992][  0]LogD3D11RHI:      Driver Date: 3-23-2018
[2020.11.27-20.01.47:992][  0]LogRHI: Texture pool is 1371 MB (70% of 1958 MB)
[2020.11.27-20.01.48:003][  0]LogD3D11RHI: RHI has support for 64 bit atomics
[2020.11.27-20.01.48:003][  0]LogD3D11RHI: Async texture creation enabled
[2020.11.27-20.01.48:018][  0]LogD3D11RHI: GPU Timing Frequency: 1000.000000 (Debug: 2 2)
[2020.11.27-20.01.48:205][  0]LogTargetPlatformManager: Display: Loaded TargetPlatform 'AllDesktop'
[2020.11.27-20.01.48:229][  0]LogTargetPlatformManager: Display: Loaded TargetPlatform 'Android'
[2020.11.27-20.01.48:229][  0]LogTargetPlatformManager: Display: Loaded TargetPlatform 'Android_ASTC'
[2020.11.27-20.01.48:229][  0]LogTargetPlatformManager: Display: Loaded TargetPlatform 'Android_ATC'
[2020.11.27-20.01.48:229][  0]LogTargetPlatformManager: Display: Loaded TargetPlatform 'Android_DXT'
[2020.11.27-20.01.48:230][  0]LogTargetPlatformManager: Display: Loaded TargetPlatform 'Android_ETC1'
[2020.11.27-20.01.48:230][  0]LogTargetPlatformManager: Display: Loaded TargetPlatform 'Android_ETC1a'
[2020.11.27-20.01.48:230][  0]LogTargetPlatformManager: Display: Loaded TargetPlatform 'Android_ETC2'
[2020.11.27-20.01.48:230][  0]LogTargetPlatformManager: Display: Loaded TargetPlatform 'Android_PVRTC'
[2020.11.27-20.01.48:230][  0]LogTargetPlatformManager: Display: Loaded TargetPlatform 'AndroidClient'
[2020.11.27-20.01.48:230][  0]LogTargetPlatformManager: Display: Loaded TargetPlatform 'Android_ASTCClient'
[2020.11.27-20.01.48:230][  0]LogTargetPlatformManager: Display: Loaded TargetPlatform 'Android_ATCClient'
[2020.11.27-20.01.48:230][  0]LogTargetPlatformManager: Display: Loaded TargetPlatform 'Android_DXTClient'
[2020.11.27-20.01.48:230][  0]LogTargetPlatformManager: Display: Loaded TargetPlatform 'Android_ETC1Client'
[2020.11.27-20.01.48:230][  0]LogTargetPlatformManager: Display: Loaded TargetPlatform 'Android_ETC1aClient'
[2020.11.27-20.01.48:230][  0]LogTargetPlatformManager: Display: Loaded TargetPlatform 'Android_ETC2Client'
[2020.11.27-20.01.48:230][  0]LogTargetPlatformManager: Display: Loaded TargetPlatform 'Android_PVRTCClient'
[2020.11.27-20.01.48:230][  0]LogTargetPlatformManager: Display: Loaded TargetPlatform 'Android_Multi'
[2020.11.27-20.01.48:230][  0]LogTargetPlatformManager: Display: Loaded TargetPlatform 'Android_MultiClient'
[2020.11.27-20.01.48:247][  0]LogTargetPlatformManager: Display: Loaded TargetPlatform 'IOSClient'
[2020.11.27-20.01.48:247][  0]LogTargetPlatformManager: Display: Loaded TargetPlatform 'IOS'
[2020.11.27-20.01.48:254][  0]LogTargetPlatformManager: Display: Loaded TargetPlatform 'LinuxNoEditor'
[2020.11.27-20.01.48:260][  0]LogTargetPlatformManager: Display: Loaded TargetPlatform 'LinuxClient'
[2020.11.27-20.01.48:267][  0]LogTargetPlatformManager: Display: Loaded TargetPlatform 'LinuxServer'
[2020.11.27-20.01.48:273][  0]LogTargetPlatformManager: Display: Loaded TargetPlatform 'LinuxAArch64NoEditor'
[2020.11.27-20.01.48:280][  0]LogTargetPlatformManager: Display: Loaded TargetPlatform 'LinuxAArch64Client'
[2020.11.27-20.01.48:286][  0]LogTargetPlatformManager: Display: Loaded TargetPlatform 'LinuxAArch64Server'
[2020.11.27-20.01.48:305][  0]LogTargetPlatformManager: Display: Loaded TargetPlatform 'Lumin'
[2020.11.27-20.01.48:306][  0]LogTargetPlatformManager: Display: Loaded TargetPlatform 'LuminClient'
[2020.11.27-20.01.48:317][  0]LogTargetPlatformManager: Display: Loaded TargetPlatform 'TVOSClient'
[2020.11.27-20.01.48:318][  0]LogTargetPlatformManager: Display: Loaded TargetPlatform 'TVOS'
[2020.11.27-20.01.48:325][  0]LogTargetPlatformManager: Display: Loaded TargetPlatform 'WindowsNoEditor'
[2020.11.27-20.01.48:332][  0]LogTargetPlatformManager: Display: Loaded TargetPlatform 'Windows'
[2020.11.27-20.01.48:339][  0]LogTargetPlatformManager: Display: Loaded TargetPlatform 'WindowsClient'
[2020.11.27-20.01.48:346][  0]LogTargetPlatformManager: Display: Loaded TargetPlatform 'WindowsServer'
[2020.11.27-20.01.48:346][  0]LogTargetPlatformManager: Display: Building Assets For Windows
[2020.11.27-20.01.48:352][  0]LogAudioDebug: Display: Lib vorbis DLL was dynamically loaded.
[2020.11.27-20.01.48:383][  0]LogShaderCompilers: Guid format shader working directory is 14 characters bigger than the processId version (D:/Game/Unreal/PluginDemoProject/Intermediate/Shaders/WorkingDirectory/13392/).
[2020.11.27-20.01.48:383][  0]LogShaderCompilers: Cleaned the shader compiler working directory 'C:/Users/Master/AppData/Local/Temp/UnrealShaderWorkingDir/7188FA9F412E595AB9A299A3AB0AA62E/'.
[2020.11.27-20.01.48:386][  0]LogXGEController: Cannot use XGE Controller as Incredibuild is not installed on this machine.
[2020.11.27-20.01.48:386][  0]LogShaderCompilers: Cannot use XGE Shader Compiler as Incredibuild is not installed on this machine.
[2020.11.27-20.01.48:386][  0]LogShaderCompilers: Display: Using Local Shader Compiler.
[2020.11.27-20.01.49:029][  0]LogDerivedDataCache: Display: Max Cache Size: 512 MB
[2020.11.27-20.01.49:086][  0]LogDerivedDataCache: Loaded boot cache 0.06s 78MB C:/Users/Master/AppData/Local/UnrealEngine/4.24/DerivedDataCache/Boot.ddc.
[2020.11.27-20.01.49:086][  0]LogDerivedDataCache: Display: Loaded Boot cache: C:/Users/Master/AppData/Local/UnrealEngine/4.24/DerivedDataCache/Boot.ddc
[2020.11.27-20.01.49:086][  0]LogDerivedDataCache: FDerivedDataBackendGraph:  Pak pak cache file D:/Game/Unreal/PluginDemoProject/DerivedDataCache/DDC.ddp not found, will not use a pak cache.
[2020.11.27-20.01.49:086][  0]LogDerivedDataCache: Unable to find inner node Pak for hierarchical cache Hierarchy.
[2020.11.27-20.01.49:086][  0]LogDerivedDataCache: FDerivedDataBackendGraph:  CompressedPak pak cache file D:/Game/Unreal/PluginDemoProject/DerivedDataCache/Compressed.ddp not found, will not use a pak cache.
[2020.11.27-20.01.49:086][  0]LogDerivedDataCache: Unable to find inner node CompressedPak for hierarchical cache Hierarchy.
[2020.11.27-20.01.49:095][  0]LogDerivedDataCache: Display: Pak cache opened for reading ../../../Engine/DerivedDataCache/Compressed.ddp.
[2020.11.27-20.01.49:096][  0]LogDerivedDataCache: FDerivedDataBackendGraph:  EnterprisePak pak cache file ../../../Enterprise/DerivedDataCache/Compressed.ddp not found, will not use a pak cache.
[2020.11.27-20.01.49:096][  0]LogDerivedDataCache: Unable to find inner node EnterprisePak for hierarchical cache Hierarchy.
[2020.11.27-20.01.49:098][  0]LogDerivedDataCache: Using Local data cache path C:/Users/Master/AppData/Local/UnrealEngine/Common/DerivedDataCache: Writable
[2020.11.27-20.01.49:098][  0]LogDerivedDataCache: Shared data cache path not found in *engine.ini, will not use an Shared cache.
[2020.11.27-20.01.49:098][  0]LogDerivedDataCache: Unable to find inner node Shared for hierarchical cache Hierarchy.
[2020.11.27-20.01.49:119][  0]LogMaterial: Verifying Global Shaders for PCD3D_SM5
[2020.11.27-20.01.49:122][  0]LogSlate: Using FreeType 2.10.0
[2020.11.27-20.01.49:122][  0]LogSlate: SlateFontServices - WITH_FREETYPE: 1, WITH_HARFBUZZ: 1
[2020.11.27-20.01.49:167][  0]LogAssetRegistry: FAssetRegistry took 0.0038 seconds to start up
[2020.11.27-20.01.49:415][  0]LogInit: Selected Device Profile: [Windows]
[2020.11.27-20.01.49:580][  0]LogMeshReduction: Using QuadricMeshReduction for automatic static mesh reduction
[2020.11.27-20.01.49:580][  0]LogMeshReduction: Using SimplygonMeshReduction for automatic skeletal mesh reduction
[2020.11.27-20.01.49:581][  0]LogMeshReduction: Using ProxyLODMeshReduction for automatic mesh merging
[2020.11.27-20.01.49:581][  0]LogMeshReduction: No distributed automatic mesh merging module available
[2020.11.27-20.01.49:581][  0]LogMeshMerging: No distributed automatic mesh merging module available
[2020.11.27-20.01.49:592][  0]LogNetVersion: PluginDemoProject 1.0.0, NetCL: 10570792, EngineNetVer: 13, GameNetVer: 0 (Checksum: 3248852891)
[2020.11.27-20.01.50:477][  0]LogPackageLocalizationCache: Processed 11 localized package path(s) for 1 prioritized culture(s) in 0.031577 seconds
[2020.11.27-20.01.50:484][  0]LogUObjectArray: 46750 objects as part of root set at end of initial load.
[2020.11.27-20.01.50:484][  0]LogUObjectAllocator: 8137160 out of 0 bytes used by permanent object pool.
[2020.11.27-20.01.50:484][  0]LogUObjectArray: CloseDisregardForGC: 0/0 objects in disregard for GC pool
[2020.11.27-20.01.50:954][  0]LogTcpMessaging: Initializing TcpMessaging bridge
[2020.11.27-20.01.50:960][  0]LogUdpMessaging: Initializing bridge on interface 0.0.0.0:0 to multicast group 230.0.0.1:6666.
[2020.11.27-20.01.51:035][  0]SourceControl: Source control is disabled
[2020.11.27-20.01.51:035][  0]SourceControl: Source control is disabled
[2020.11.27-20.01.51:040][  0]SourceControl: Source control is disabled
[2020.11.27-20.01.51:042][  0]SourceControl: Source control is disabled
[2020.11.27-20.01.51:044][  0]SourceControl: Source control is disabled
[2020.11.27-20.01.51:157][  0]LogAndroidPermission: UAndroidPermissionCallbackProxy::GetInstance
[2020.11.27-20.01.51:173][  0]LogAudioCaptureCore: Display: No Audio Capture implementations found. Audio input will be silent.
[2020.11.27-20.01.51:174][  0]LogAudioCaptureCore: Display: No Audio Capture implementations found. Audio input will be silent.
[2020.11.27-20.01.51:262][  0]LogOcInput: OculusInput pre-init called
[2020.11.27-20.01.51:270][  0]LogWindows: Failed to load 'OVRPlugin.dll' (GetLastError=126)
[2020.11.27-20.01.51:270][  0]LogWindows: File 'OVRPlugin.dll' does not exist
[2020.11.27-20.01.51:358][  0]LogEngine: Initializing Engine...
[2020.11.27-20.01.51:359][  0]LogHMD: Failed to initialize OpenVR with code 110
[2020.11.27-20.01.51:360][  0]LogStats: UGameplayTagsManager::InitializeManager -  0.000 s
[2020.11.27-20.01.51:727][  0]LogInit: Initializing FReadOnlyCVARCache
[2020.11.27-20.01.51:741][  0]LogAIModule: Creating AISystem for world Untitled
[2020.11.27-20.01.51:760][  0]LogAudioMixer: Display: Audio Mixer Platform Settings:
[2020.11.27-20.01.51:761][  0]LogAudioMixer: Display: 	Sample Rate:						  48000
[2020.11.27-20.01.51:761][  0]LogAudioMixer: Display: 	Callback Buffer Frame Size Requested: 1024
[2020.11.27-20.01.51:761][  0]LogAudioMixer: Display: 	Callback Buffer Frame Size To Use:	  1024
[2020.11.27-20.01.51:761][  0]LogAudioMixer: Display: 	Number of buffers to queue:			  2
[2020.11.27-20.01.51:761][  0]LogAudioMixer: Display: 	Max Channels (voices):				  32
[2020.11.27-20.01.51:761][  0]LogAudioMixer: Display: 	Number of Async Source Workers:		  0
[2020.11.27-20.01.51:761][  0]LogAudio: Display: AudioDevice MaxSources: 32
[2020.11.27-20.01.51:762][  0]LogAudio: Display: Using built-in audio occlusion.
[2020.11.27-20.01.51:762][  0]LogAudioMixer: Display: Initializing audio mixer.
[2020.11.27-20.01.51:777][  0]LogAudioMixer: Display: Audio Device Output Speaker Info:
[2020.11.27-20.01.51:777][  0]LogAudioMixer: Display: Name: Realtek HD Audio 2nd output (2- Realtek High Definition Audio)
[2020.11.27-20.01.51:777][  0]LogAudioMixer: Display: Is Default: Yes
[2020.11.27-20.01.51:777][  0]LogAudioMixer: Display: Sample Rate: 48000
[2020.11.27-20.01.51:777][  0]LogAudioMixer: Display: Channel Count Used: 2
[2020.11.27-20.01.51:777][  0]LogAudioMixer: Display: Device Channel Count: 2
[2020.11.27-20.01.51:777][  0]LogAudioMixer: Display: Channel Order:
[2020.11.27-20.01.51:777][  0]LogAudioMixer: Display: 0: FrontLeft
[2020.11.27-20.01.51:777][  0]LogAudioMixer: Display: 1: FrontRight
[2020.11.27-20.01.51:787][  0]LogAudioMixer: Display: Using Audio Device Realtek HD Audio 2nd output (2- Realtek High Definition Audio)
[2020.11.27-20.01.51:797][  0]LogInit: FAudioDevice initialized.
[2020.11.27-20.01.51:797][  0]LogNetVersion: Set ProjectVersion to 1.0.0.0. Version Checksum will be recalculated on next use.
[2020.11.27-20.01.51:870][  0]LogDerivedDataCache: Saved boot cache 0.07s 78MB C:/Users/Master/AppData/Local/UnrealEngine/4.24/DerivedDataCache/Boot.ddc.
[2020.11.27-20.01.51:870][  0]LogInit: Texture streaming: Enabled
[2020.11.27-20.01.51:882][  0]LogEngineSessionManager: EngineSessionManager initialized
[2020.11.27-20.01.51:883][  0]LogEditorSessionSummary: Verbose: Initializing EditorSessionSummaryWriter for editor session tracking
[2020.11.27-20.01.51:885][  0]LogEditorSessionSummary: EditorSessionSummaryWriter initialized
[2020.11.27-20.01.51:910][  0]LogInit: Transaction tracking system initialized
[2020.11.27-20.01.51:932][  0]BlueprintLog: New page: Editor Load
[2020.11.27-20.01.51:983][  0]LocalizationService: Localization service is disabled
[2020.11.27-20.01.52:264][  0]LogFileCache: Scanning file cache for directory 'D:/Game/Unreal/PluginDemoProject/Content/' took 0.00s
[2020.11.27-20.01.52:265][  0]LogCook: Display: Max memory allowance for cook 16384mb min free memory 0mb
[2020.11.27-20.01.52:265][  0]LogCook: Display: Mobile HDR setting 1
[2020.11.27-20.01.52:860][  0]SourceControl: Source control is disabled
[2020.11.27-20.01.52:860][  0]Cmd: MAP LOAD FILE="D:/Game/Unreal/PluginDemoProject/Content/StarterContent/Maps/Minimal_Default.umap" TEMPLATE=0 SHOWPROGRESS=1 FEATURELEVEL=3
[2020.11.27-20.01.52:861][  0]LightingResults: New page: Lighting Build
[2020.11.27-20.01.52:865][  0]LogWorld: UWorld::CleanupWorld for Untitled, bSessionEnded=true, bCleanupResources=true
[2020.11.27-20.01.52:865][  0]LogSlate: InvalidateAllWidgets triggered.  All widgets were invalidated
[2020.11.27-20.01.52:865][  0]MapCheck: New page: Map Check
[2020.11.27-20.01.52:865][  0]LightingResults: New page: Lighting Build
[2020.11.27-20.01.52:891][  0]LogUObjectHash: Compacting FUObjectHashTables data took   1.60ms
[2020.11.27-20.01.53:092][  0]LogAIModule: Creating AISystem for world Minimal_Default
[2020.11.27-20.01.53:100][  0]LogEditorServer: Finished looking for orphan Actors (0.000 secs)
[2020.11.27-20.01.53:124][  0]LogUObjectHash: Compacting FUObjectHashTables data took   1.98ms
[2020.11.27-20.01.53:125][  0]Cmd: MAP CHECKDEP NOCLEARLOG
[2020.11.27-20.01.53:125][  0]MapCheck: Map check complete: 0 Error(s), 0 Warning(s), took 0.076ms to complete.
[2020.11.27-20.01.53:125][  0]LogFileHelpers: Loading map 'Minimal_Default' took 0.265
[2020.11.27-20.01.53:249][  0]LogSlate: Updating window title bar state: overlay mode, drag disabled, window buttons hidden, title bar hidden
[2020.11.27-20.01.53:256][  0]LogSlate: Updating window title bar state: overlay mode, drag disabled, window buttons hidden, title bar hidden
[2020.11.27-20.01.53:263][  0]LogSlate: Updating window title bar state: overlay mode, drag disabled, window buttons hidden, title bar hidden
[2020.11.27-20.01.53:270][  0]LogSlate: Updating window title bar state: overlay mode, drag disabled, window buttons hidden, title bar hidden
[2020.11.27-20.01.53:275][  0]LogCollectionManager: Loaded 0 collections in 0.001120 seconds
[2020.11.27-20.01.53:292][  0]LogFileCache: Scanning file cache for directory 'D:/Game/Unreal/PluginDemoProject/Saved/Collections/' took 0.00s
[2020.11.27-20.01.53:292][  0]LogFileCache: Scanning file cache for directory 'D:/Game/Unreal/PluginDemoProject/Content/Developers/Master/Collections/' took 0.00s
[2020.11.27-20.01.53:292][  0]LogFileCache: Scanning file cache for directory 'D:/Game/Unreal/PluginDemoProject/Content/Collections/' took 0.00s
[2020.11.27-20.01.53:292][  0]LogContentBrowser: Native class hierarchy populated in 0.0079 seconds. Added 3017 classes and 722 folders.
[2020.11.27-20.01.53:298][  0]LogContentBrowser: Native class hierarchy updated for 'WidgetCarousel' in 0.0003 seconds. Added 0 classes and 0 folders.
[2020.11.27-20.01.53:331][  0]LogContentBrowser: Native class hierarchy updated for 'AddContentDialog' in 0.0003 seconds. Added 0 classes and 0 folders.
[2020.11.27-20.01.53:340][  0]LogContentBrowser: Native class hierarchy updated for 'SceneOutliner' in 0.0003 seconds. Added 2 classes and 3 folders.
[2020.11.27-20.01.53:426][  0]LogSlate: Took 0.000133 seconds to synchronously load lazily loaded font '../../../Engine/Content/Slate/Fonts/Roboto-Regular.ttf' (155K)
[2020.11.27-20.01.53:428][  0]LogSlate: Took 0.000110 seconds to synchronously load lazily loaded font '../../../Engine/Content/Slate/Fonts/Roboto-Bold.ttf' (160K)
[2020.11.27-20.01.53:432][  0]LogSlate: Took 0.000142 seconds to synchronously load lazily loaded font '../../../Engine/Content/Editor/Slate/Fonts/FontAwesome.ttf' (139K)
[2020.11.27-20.01.53:432][  0]LogSlate: Took 0.000120 seconds to synchronously load lazily loaded font '../../../Engine/Content/Slate/Fonts/DroidSansMono.ttf' (77K)
[2020.11.27-20.01.53:536][  0]LogRenderer: Reallocating scene render targets to support 1144x608 Format 9 NumSamples 1 (Frame:1).
[2020.11.27-20.01.53:670][  0]LogContentBrowser: Native class hierarchy updated for 'HierarchicalLODOutliner' in 0.0003 seconds. Added 0 classes and 0 folders.
[2020.11.27-20.01.53:670][  0]LogLoad: (Engine Initialization) Total time: 7.29 seconds
[2020.11.27-20.01.53:670][  0]LogLoad: (Engine Initialization) Total Blueprint compile time: 0.00 seconds
[2020.11.27-20.01.53:710][  0]LogAssetRegistry: Asset discovery search completed in 4.5453 seconds
[2020.11.27-20.01.53:713][  0]LogCollectionManager: Fixed up redirectors for 0 collections in 0.000005 seconds (updated 0 objects)
[2020.11.27-20.01.53:714][  0]LogContentStreaming: Texture pool size now 800 MB
[2020.11.27-20.01.53:732][  0]LogSlate: Took 0.000124 seconds to synchronously load lazily loaded font '../../../Engine/Content/Slate/Fonts/Roboto-Light.ttf' (167K)
[2020.11.27-20.03.50:910][238]LogUObjectHash: Compacting FUObjectHashTables data took   0.66ms
[2020.11.27-20.03.50:931][238]LogSlate: Window 'PluginDemoProject - Unreal Editor' being destroyed
[2020.11.27-20.03.51:024][239]Cmd: QUIT_EDITOR
[2020.11.27-20.03.51:024][239]LogCore: Engine exit requested (reason: UUnrealEdEngine::CloseEditor())
[2020.11.27-20.03.51:030][239]LogCore: Engine exit requested (reason: EngineExit() was called; note: exit was already requested)
[2020.11.27-20.03.51:030][239]LogAudioMixer: Display: No commands were queued while flushing the source manager.
[2020.11.27-20.03.51:040][239]LogExit: Preparing to exit.
[2020.11.27-20.03.52:098][239]LogDemo: Cleaned up 0 splitscreen connections with owner deletion
[2020.11.27-20.03.52:108][239]LogWorld: UWorld::CleanupWorld for None, bSessionEnded=true, bCleanupResources=true
[2020.11.27-20.03.52:108][239]LogExit: Editor shut down
[2020.11.27-20.03.52:109][239]LogExit: Transaction tracking system shut down
[2020.11.27-20.03.52:342][239]LogExit: Object subsystem successfully closed.
[2020.11.27-20.03.52:367][239]LogShaderCompilers: Display: Shaders left to compile 0
[2020.11.27-20.03.52:385][239]LogModuleManager: Shutting down and abandoning module HierarchicalLODOutliner (700)
[2020.11.27-20.03.52:385][239]LogModuleManager: Shutting down and abandoning module SceneOutliner (698)
[2020.11.27-20.03.52:385][239]LogModuleManager: Shutting down and abandoning module AddContentDialog (696)
[2020.11.27-20.03.52:385][239]LogModuleManager: Shutting down and abandoning module WidgetCarousel (695)
[2020.11.27-20.03.52:386][239]LogModuleManager: Shutting down and abandoning module EditorWidgets (692)
[2020.11.27-20.03.52:386][239]LogModuleManager: Shutting down and abandoning module CollectionManager (690)
[2020.11.27-20.03.52:386][239]LogModuleManager: Shutting down and abandoning module StatsViewer (688)
[2020.11.27-20.03.52:386][239]LogModuleManager: Shutting down and abandoning module VirtualTexturingEditor (686)
[2020.11.27-20.03.52:386][239]LogModuleManager: Shutting down and abandoning module FoliageEdit (684)
[2020.11.27-20.03.52:386][239]LogModuleManager: Shutting down and abandoning module LandscapeEditor (682)
[2020.11.27-20.03.52:386][239]LogModuleManager: Shutting down and abandoning module MeshPaintMode (680)
[2020.11.27-20.03.52:386][239]LogModuleManager: Shutting down and abandoning module SceneDepthPickerMode (678)
[2020.11.27-20.03.52:386][239]LogModuleManager: Shutting down and abandoning module ActorPickerMode (676)
[2020.11.27-20.03.52:387][239]LogModuleManager: Shutting down and abandoning module GeometryMode (674)
[2020.11.27-20.03.52:387][239]LogModuleManager: Shutting down and abandoning module TextureAlignMode (672)
[2020.11.27-20.03.52:387][239]LogModuleManager: Shutting down and abandoning module BspMode (670)
[2020.11.27-20.03.52:387][239]LogModuleManager: Shutting down and abandoning module PIEPreviewDeviceProfileSelector (668)
[2020.11.27-20.03.52:387][239]LogModuleManager: Shutting down and abandoning module SequenceRecorderSections (666)
[2020.11.27-20.03.52:387][239]LogModuleManager: Shutting down and abandoning module AutomationWorker (664)
[2020.11.27-20.03.52:387][239]LogModuleManager: Shutting down and abandoning module SteamVREditor (662)
[2020.11.27-20.03.52:387][239]LogModuleManager: Shutting down and abandoning module OculusMR (660)
[2020.11.27-20.03.52:387][239]LogModuleManager: Shutting down and abandoning module AudioCaptureEditor (658)
[2020.11.27-20.03.52:387][239]LogModuleManager: Shutting down and abandoning module MatineeToLevelSequence (656)
[2020.11.27-20.03.52:387][239]LogModuleManager: Shutting down and abandoning module LevelSequenceEditor (654)
[2020.11.27-20.03.52:387][239]LogModuleManager: Shutting down and abandoning module PlacementMode (653)
[2020.11.27-20.03.52:387][239]LogModuleManager: Shutting down and abandoning module MaterialEditor (652)
[2020.11.27-20.03.52:387][239]LogModuleManager: Shutting down and abandoning module ActorSequenceEditor (648)
[2020.11.27-20.03.52:387][239]LogModuleManager: Shutting down and abandoning module WmfMediaFactory (646)
[2020.11.27-20.03.52:388][239]LogModuleManager: Shutting down and abandoning module WmfMediaEditor (644)
[2020.11.27-20.03.52:388][239]LogModuleManager: Shutting down and abandoning module WebMMediaFactory (642)
[2020.11.27-20.03.52:388][239]LogModuleManager: Shutting down and abandoning module WebMMediaEditor (640)
[2020.11.27-20.03.52:388][239]LogModuleManager: Shutting down and abandoning module WebMMedia (638)
[2020.11.27-20.03.52:388][239]LogModuleManager: Shutting down and abandoning module MediaPlayerEditor (636)
[2020.11.27-20.03.52:388][239]LogModuleManager: Shutting down and abandoning module MediaCompositingEditor (634)
[2020.11.27-20.03.52:388][239]LogModuleManager: Shutting down and abandoning module SequenceRecorder (633)
[2020.11.27-20.03.52:388][239]LogModuleManager: Shutting down and abandoning module OpenExrWrapper (630)
[2020.11.27-20.03.52:388][239]LogModuleManager: Shutting down and abandoning module ImgMediaFactory (628)
[2020.11.27-20.03.52:388][239]LogModuleManager: Shutting down and abandoning module ImgMediaEditor (626)
[2020.11.27-20.03.52:388][239]LogModuleManager: Shutting down and abandoning module AvfMediaFactory (624)
[2020.11.27-20.03.52:388][239]LogModuleManager: Shutting down and abandoning module AvfMediaEditor (622)
[2020.11.27-20.03.52:388][239]LogModuleManager: Shutting down and abandoning module AndroidMediaFactory (620)
[2020.11.27-20.03.52:388][239]LogModuleManager: Shutting down and abandoning module AndroidMediaEditor (618)
[2020.11.27-20.03.52:389][239]LogModuleManager: Shutting down and abandoning module MagicLeapMediaCodecFactory (616)
[2020.11.27-20.03.52:389][239]LogModuleManager: Shutting down and abandoning module MagicLeapMediaFactory (614)
[2020.11.27-20.03.52:389][239]LogModuleManager: Shutting down and abandoning module MagicLeapMediaEditor (612)
[2020.11.27-20.03.52:389][239]LogModuleManager: Shutting down and abandoning module CharacterAI (610)
[2020.11.27-20.03.52:389][239]LogModuleManager: Shutting down and abandoning module SmartSnapping (608)
[2020.11.27-20.03.52:389][239]LogModuleManager: Shutting down and abandoning module SessionServices (606)
[2020.11.27-20.03.52:389][239]LogModuleManager: Shutting down and abandoning module MeshPaint (604)
[2020.11.27-20.03.52:389][239]LogModuleManager: Shutting down and abandoning module ViewportSnapping (602)
[2020.11.27-20.03.52:389][239]LogModuleManager: Shutting down and abandoning module ViewportInteraction (600)
[2020.11.27-20.03.52:389][239]LogModuleManager: Shutting down and abandoning module ClothPainter (598)
[2020.11.27-20.03.52:389][239]LogModuleManager: Shutting down and abandoning module SkeletalMeshEditor (597)
[2020.11.27-20.03.52:389][239]LogModuleManager: Shutting down and abandoning module LogVisualizer (594)
[2020.11.27-20.03.52:389][239]LogModuleManager: Shutting down and abandoning module IntroTutorials (592)
[2020.11.27-20.03.52:389][239]LogModuleManager: Shutting down and abandoning module GameProjectGeneration (591)
[2020.11.27-20.03.52:390][239]LogModuleManager: Shutting down and abandoning module LuminPlatformEditor (588)
[2020.11.27-20.03.52:390][239]LogModuleManager: Shutting down and abandoning module IOSPlatformEditor (586)
[2020.11.27-20.03.52:390][239]LogModuleManager: Shutting down and abandoning module AndroidPlatformEditor (584)
[2020.11.27-20.03.52:390][239]LogModuleManager: Shutting down and abandoning module AndroidDeviceDetection (583)
[2020.11.27-20.03.53:021][239]LogModuleManager: Shutting down and abandoning module WindowsPlatformEditor (580)
[2020.11.27-20.03.53:021][239]LogModuleManager: Shutting down and abandoning module LuminRuntimeSettings (578)
[2020.11.27-20.03.53:021][239]LogModuleManager: Shutting down and abandoning module IOSRuntimeSettings (576)
[2020.11.27-20.03.53:021][239]LogModuleManager: Shutting down and abandoning module AndroidRuntimeSettings (574)
[2020.11.27-20.03.53:021][239]LogModuleManager: Shutting down and abandoning module EditorInteractiveToolsFramework (572)
[2020.11.27-20.03.53:021][239]LogModuleManager: Shutting down and abandoning module TimeManagementEditor (570)
[2020.11.27-20.03.53:021][239]LogModuleManager: Shutting down and abandoning module InputBindingEditor (568)
[2020.11.27-20.03.53:021][239]LogModuleManager: Shutting down and abandoning module MergeActors (566)
[2020.11.27-20.03.53:021][239]LogModuleManager: Shutting down and abandoning module LocalizationDashboard (564)
[2020.11.27-20.03.53:021][239]LogModuleManager: Shutting down and abandoning module LocalizationService (563)
[2020.11.27-20.03.53:021][239]LogModuleManager: Shutting down and abandoning module HardwareTargeting (560)
[2020.11.27-20.03.53:022][239]LogModuleManager: Shutting down and abandoning module DeviceProfileEditor (558)
[2020.11.27-20.03.53:022][239]LogModuleManager: Shutting down and abandoning module UndoHistory (556)
[2020.11.27-20.03.53:022][239]LogModuleManager: Shutting down and abandoning module XmlParser (554)
[2020.11.27-20.03.53:022][239]LogModuleManager: Shutting down and abandoning module Blutility (552)
[2020.11.27-20.03.53:022][239]LogModuleManager: Shutting down and abandoning module ProjectSettingsViewer (550)
[2020.11.27-20.03.53:022][239]LogModuleManager: Shutting down and abandoning module ProjectTargetPlatformEditor (549)
[2020.11.27-20.03.53:022][239]LogModuleManager: Shutting down and abandoning module EditorSettingsViewer (546)
[2020.11.27-20.03.53:022][239]LogModuleManager: Shutting down and abandoning module SettingsEditor (544)
[2020.11.27-20.03.53:022][239]LogModuleManager: Shutting down and abandoning module ProjectLauncher (542)
[2020.11.27-20.03.53:022][239]LogModuleManager: Shutting down and abandoning module SessionFrontend (540)
[2020.11.27-20.03.53:022][239]LogModuleManager: Shutting down and abandoning module ProfilerClient (538)
[2020.11.27-20.03.53:022][239]LogModuleManager: Shutting down and abandoning module DeviceManager (536)
[2020.11.27-20.03.53:023][239]LogModuleManager: Shutting down and abandoning module TargetDeviceServices (535)
[2020.11.27-20.03.53:053][239]LogModuleManager: Shutting down and abandoning module AutomationController (532)
[2020.11.27-20.03.53:053][239]LogModuleManager: Shutting down and abandoning module AutomationWindow (530)
[2020.11.27-20.03.53:053][239]LogModuleManager: Shutting down and abandoning module Layers (528)
[2020.11.27-20.03.53:053][239]LogModuleManager: Shutting down and abandoning module ComponentVisualizers (526)
[2020.11.27-20.03.53:053][239]LogModuleManager: Shutting down and abandoning module DetailCustomizations (524)
[2020.11.27-20.03.53:053][239]LogModuleManager: Shutting down and abandoning module PackagesDialog (522)
[2020.11.27-20.03.53:053][239]LogModuleManager: Shutting down and abandoning module AnimationBlueprintEditor (520)
[2020.11.27-20.03.53:053][239]LogModuleManager: Shutting down and abandoning module Persona (518)
[2020.11.27-20.03.53:054][239]LogModuleManager: Shutting down and abandoning module AdvancedPreviewScene (517)
[2020.11.27-20.03.53:054][239]LogModuleManager: Shutting down and abandoning module AnimGraph (515)
[2020.11.27-20.03.53:054][239]LogModuleManager: Shutting down and abandoning module Kismet (512)
[2020.11.27-20.03.53:054][239]LogModuleManager: Shutting down and abandoning module KismetWidgets (511)
[2020.11.27-20.03.53:054][239]LogModuleManager: Shutting down and abandoning module GraphEditor (508)
[2020.11.27-20.03.53:055][239]LogModuleManager: Shutting down and abandoning module StructViewer (506)
[2020.11.27-20.03.53:055][239]LogModuleManager: Shutting down and abandoning module ClassViewer (504)
[2020.11.27-20.03.53:055][239]LogModuleManager: Shutting down and abandoning module Toolbox (502)
[2020.11.27-20.03.53:055][239]LogModuleManager: Shutting down and abandoning module ModuleUI (500)
[2020.11.27-20.03.53:055][239]LogModuleManager: Shutting down and abandoning module OutputLog (498)
[2020.11.27-20.03.53:056][239]LogModuleManager: Shutting down and abandoning module GammaUI (496)
[2020.11.27-20.03.53:056][239]LogModuleManager: Shutting down and abandoning module Documentation (494)
[2020.11.27-20.03.53:056][239]LogModuleManager: Shutting down and abandoning module ToolMenus (492)
[2020.11.27-20.03.53:056][239]LogModuleManager: Shutting down and abandoning module LiveCoding (490)
[2020.11.27-20.03.53:056][239]LogModuleManager: Shutting down and abandoning module LevelSequence (488)
[2020.11.27-20.03.53:056][239]LogModuleManager: Shutting down and abandoning module MovieSceneTracks (486)
[2020.11.27-20.03.53:057][239]LogModuleManager: Shutting down and abandoning module MovieScene (484)
[2020.11.27-20.03.53:057][239]LogModuleManager: Shutting down and abandoning module StreamingPauseRendering (482)
[2020.11.27-20.03.53:057][239]LogModuleManager: Shutting down and abandoning module LauncherPlatform (480)
[2020.11.27-20.03.53:057][239]LogModuleManager: Shutting down and abandoning module AnalyticsET (478)
[2020.11.27-20.03.53:057][239]LogModuleManager: Shutting down and abandoning module PortalServices (476)
[2020.11.27-20.03.53:057][239]LogModuleManager: Shutting down and abandoning module PortalRpc (474)
[2020.11.27-20.03.53:057][239]LogModuleManager: Shutting down and abandoning module MessagingRpc (472)
[2020.11.27-20.03.53:057][239]LogModuleManager: Shutting down and abandoning module AudioMixerXAudio2 (470)
[2020.11.27-20.03.53:057][239]LogModuleManager: Shutting down and abandoning module AIModule (468)
[2020.11.27-20.03.53:057][239]LogModuleManager: Shutting down and abandoning module GameplayDebugger (467)
[2020.11.27-20.03.53:057][239]LogModuleManager: Shutting down and abandoning module AITestSuite (465)
[2020.11.27-20.03.53:058][239]LogModuleManager: Shutting down and abandoning module NavigationSystem (463)
[2020.11.27-20.03.53:058][239]LogModuleManager: Shutting down and abandoning module ImageWriteQueue (460)
[2020.11.27-20.03.53:064][239]LogModuleManager: Shutting down and abandoning module ProfilerService (458)
[2020.11.27-20.03.53:296][239]LogModuleManager: Shutting down and abandoning module TaskGraph (456)
[2020.11.27-20.03.53:296][239]LogModuleManager: Shutting down and abandoning module PluginDemo (454)
[2020.11.27-20.03.53:296][239]LogModuleManager: Shutting down and abandoning module ScreenshotTools (452)
[2020.11.27-20.03.53:296][239]LogModuleManager: Shutting down and abandoning module ProceduralMeshComponentEditor (450)
[2020.11.27-20.03.53:296][239]LogModuleManager: Shutting down and abandoning module ProceduralMeshComponent (448)
[2020.11.27-20.03.53:296][239]LogModuleManager: Shutting down and abandoning module OculusEditor (446)
[2020.11.27-20.03.53:296][239]LogModuleManager: Shutting down and abandoning module OculusInput (444)
[2020.11.27-20.03.53:296][239]LogModuleManager: Shutting down and abandoning module MobilePatchingUtils (442)
[2020.11.27-20.03.53:296][239]LogModuleManager: Shutting down and abandoning module EditableMesh (440)
[2020.11.27-20.03.53:296][239]LogModuleManager: Shutting down and abandoning module CustomMeshComponent (438)
[2020.11.27-20.03.53:296][239]LogModuleManager: Shutting down and abandoning module CableComponent (436)
[2020.11.27-20.03.53:296][239]LogModuleManager: Shutting down and abandoning module AudioCapture (434)
[2020.11.27-20.03.53:296][239]LogModuleManager: Shutting down and abandoning module AudioCaptureRtAudio (433)
[2020.11.27-20.03.53:296][239]LogModuleManager: Shutting down and abandoning module AssetTags (430)
[2020.11.27-20.03.53:297][239]LogModuleManager: Shutting down and abandoning module ArchVisCharacter (428)
[2020.11.27-20.03.53:297][239]LogModuleManager: Shutting down and abandoning module AppleImageUtilsBlueprintSupport (426)
[2020.11.27-20.03.53:297][239]LogModuleManager: Shutting down and abandoning module AppleImageUtils (424)
[2020.11.27-20.03.53:297][239]LogModuleManager: Shutting down and abandoning module AndroidPermission (422)
[2020.11.27-20.03.53:297][239]LogModuleManager: Shutting down and abandoning module NUTUnrealEngine4 (420)
[2020.11.27-20.03.53:297][239]LogModuleManager: Shutting down and abandoning module NetcodeUnitTest (418)
[2020.11.27-20.03.53:297][239]LogModuleManager: Shutting down and abandoning module MediaCompositing (416)
[2020.11.27-20.03.53:297][239]LogModuleManager: Shutting down and abandoning module ImgMedia (414)
[2020.11.27-20.03.53:297][239]LogModuleManager: Shutting down and abandoning module MagicLeapHelperVulkan (412)
[2020.11.27-20.03.53:297][239]LogModuleManager: Shutting down and abandoning module MagicLeapHelperOpenGL (410)
[2020.11.27-20.03.53:297][239]LogModuleManager: Shutting down and abandoning module MagicLeapAudio (408)
[2020.11.27-20.03.53:297][239]LogModuleManager: Shutting down and abandoning module GeometryCacheTracks (406)
[2020.11.27-20.03.53:297][239]LogModuleManager: Shutting down and abandoning module GeometryCacheSequencer (404)
[2020.11.27-20.03.53:297][239]LogModuleManager: Shutting down and abandoning module BackChannel (402)
[2020.11.27-20.03.53:297][239]LogModuleManager: Shutting down and abandoning module AutomationUtilsEditor (400)
[2020.11.27-20.03.53:297][239]LogModuleManager: Shutting down and abandoning module AutomationUtils (398)
[2020.11.27-20.03.53:297][239]LogModuleManager: Shutting down and abandoning module AlembicImporter (396)
[2020.11.27-20.03.53:297][239]LogModuleManager: Shutting down and abandoning module AlembicLibrary (395)
[2020.11.27-20.03.53:297][239]LogModuleManager: Shutting down and abandoning module GeometryCache (394)
[2020.11.27-20.03.53:297][239]LogModuleManager: Shutting down and abandoning module GeometryCacheEd (393)
[2020.11.27-20.03.53:297][239]LogModuleManager: Shutting down and abandoning module VariantManagerContentEditor (388)
[2020.11.27-20.03.53:297][239]LogModuleManager: Shutting down and abandoning module DatasmithContentEditor (386)
[2020.11.27-20.03.53:297][239]LogModuleManager: Shutting down and abandoning module SpeedTreeImporter (384)
[2020.11.27-20.03.53:298][239]LogModuleManager: Shutting down and abandoning module PluginBrowser (382)
[2020.11.27-20.03.53:298][239]LogModuleManager: Shutting down and abandoning module MobileLauncherProfileWizard (380)
[2020.11.27-20.03.53:298][239]LogModuleManager: Shutting down and abandoning module MaterialAnalyzer (378)
[2020.11.27-20.03.53:298][239]LogModuleManager: Shutting down and abandoning module CurveEditorTools (376)
[2020.11.27-20.03.53:298][239]LogModuleManager: Shutting down and abandoning module CryptoKeysOpenSSL (374)
[2020.11.27-20.03.53:298][239]LogModuleManager: Shutting down and abandoning module CryptoKeys (372)
[2020.11.27-20.03.53:298][239]LogModuleManager: Shutting down and abandoning module VisualStudioSourceCodeAccess (370)
[2020.11.27-20.03.53:298][239]LogModuleManager: Shutting down and abandoning module VisualStudioCodeSourceCodeAccess (368)
[2020.11.27-20.03.53:298][239]LogModuleManager: Shutting down and abandoning module UObjectPlugin (366)
[2020.11.27-20.03.53:298][239]LogModuleManager: Shutting down and abandoning module SubversionSourceControl (364)
[2020.11.27-20.03.53:298][239]LogModuleManager: Shutting down and abandoning module PlasticSourceControl (362)
[2020.11.27-20.03.53:298][239]LogModuleManager: Shutting down and abandoning module PerforceSourceControl (360)
[2020.11.27-20.03.53:298][239]LogModuleManager: Shutting down and abandoning module GitSourceControl (358)
[2020.11.27-20.03.53:298][239]LogModuleManager: Shutting down and abandoning module SourceControl (357)
[2020.11.27-20.03.53:298][239]LogModuleManager: Shutting down and abandoning module CLionSourceCodeAccess (354)
[2020.11.27-20.03.53:298][239]LogModuleManager: Shutting down and abandoning module AnimationSharingEd (352)
[2020.11.27-20.03.53:298][239]LogModuleManager: Shutting down and abandoning module ActorLayerUtilitiesEditor (350)
[2020.11.27-20.03.53:298][239]LogModuleManager: Shutting down and abandoning module ActorLayerUtilities (348)
[2020.11.27-20.03.53:298][239]LogModuleManager: Shutting down and abandoning module LightPropagationVolumeEditor (346)
[2020.11.27-20.03.53:298][239]LogModuleManager: Shutting down and abandoning module PaperTiledImporter (344)
[2020.11.27-20.03.53:298][239]LogModuleManager: Shutting down and abandoning module PaperSpriteSheetImporter (342)
[2020.11.27-20.03.53:298][239]LogModuleManager: Shutting down and abandoning module Paper2DEditor (340)
[2020.11.27-20.03.53:298][239]LogModuleManager: Shutting down and abandoning module PluginDemoProject (338)
[2020.11.27-20.03.53:298][239]LogModuleManager: Shutting down and abandoning module SignificanceManager (336)
[2020.11.27-20.03.53:299][239]LogModuleManager: Shutting down and abandoning module RuntimePhysXCooking (334)
[2020.11.27-20.03.53:299][239]LogModuleManager: Shutting down and abandoning module PhysXVehiclesEditor (332)
[2020.11.27-20.03.53:299][239]LogModuleManager: Shutting down and abandoning module LocationServicesBPLibrary (328)
[2020.11.27-20.03.53:299][239]LogModuleManager: Shutting down and abandoning module ActorSequence (326)
[2020.11.27-20.03.53:299][239]LogModuleManager: Shutting down and abandoning module UdpMessaging (324)
[2020.11.27-20.03.53:399][239]LogModuleManager: Shutting down and abandoning module TcpMessaging (322)
[2020.11.27-20.03.53:499][239]LogModuleManager: Shutting down and abandoning module MagicLeapPrivileges (320)
[2020.11.27-20.03.53:499][239]LogModuleManager: Shutting down and abandoning module MagicLeapPlanes (318)
[2020.11.27-20.03.53:499][239]LogMagicLeapPlanes: Planes tracker already destroyed.
[2020.11.27-20.03.53:499][239]LogModuleManager: Shutting down and abandoning module MagicLeapIdentity (316)
[2020.11.27-20.03.53:499][239]LogModuleManager: Shutting down and abandoning module MagicLeapSecureStorage (314)
[2020.11.27-20.03.53:499][239]LogModuleManager: Shutting down and abandoning module MagicLeapImageTracker (312)
[2020.11.27-20.03.53:499][239]LogModuleManager: Shutting down and abandoning module MagicLeapHandTracking (310)
[2020.11.27-20.03.53:499][239]LogModuleManager: Shutting down and abandoning module MagicLeapHandMeshing (308)
[2020.11.27-20.03.53:499][239]LogModuleManager: Shutting down and abandoning module MagicLeapEyeTracker (306)
[2020.11.27-20.03.53:499][239]LogModuleManager: Shutting down and abandoning module MagicLeapController (304)
[2020.11.27-20.03.53:499][239]LogSlate: Slate User Destroyed.  User Index 0, Is Virtual User: 0
[2020.11.27-20.03.53:499][239]LogModuleManager: Shutting down and abandoning module MagicLeapARPin (302)
[2020.11.27-20.03.53:499][239]LogModuleManager: Shutting down and abandoning module MagicLeapAR (300)
[2020.11.27-20.03.53:499][239]LogModuleManager: Shutting down and abandoning module AugmentedReality (299)
[2020.11.27-20.03.53:499][239]LogModuleManager: Shutting down and abandoning module GameplayTagsEditor (296)
[2020.11.27-20.03.53:500][239]LogModuleManager: Shutting down and abandoning module FacialAnimationEditor (294)
[2020.11.27-20.03.53:500][239]LogModuleManager: Shutting down and abandoning module FacialAnimation (292)
[2020.11.27-20.03.53:500][239]LogModuleManager: Shutting down and abandoning module DataValidation (290)
[2020.11.27-20.03.53:500][239]LogModuleManager: Shutting down and abandoning module AssetManagerEditor (288)
[2020.11.27-20.03.53:500][239]LogModuleManager: Shutting down and abandoning module LevelEditor (287)
[2020.11.27-20.03.53:501][239]LogModuleManager: Shutting down and abandoning module PixelInspectorModule (286)
[2020.11.27-20.03.53:501][239]LogModuleManager: Shutting down and abandoning module CommonMenuExtensions (284)
[2020.11.27-20.03.53:501][239]LogModuleManager: Shutting down and abandoning module MainFrame (282)
[2020.11.27-20.03.53:501][239]LogModuleManager: Shutting down and abandoning module HotReload (281)
[2020.11.27-20.03.53:502][239]LogModuleManager: Shutting down and abandoning module ContentBrowser (277)
[2020.11.27-20.03.53:503][239]LogModuleManager: Shutting down and abandoning module TreeMap (275)
[2020.11.27-20.03.53:503][239]LogModuleManager: Shutting down and abandoning module AnimationSharing (272)
[2020.11.27-20.03.53:503][239]LogModuleManager: Shutting down and abandoning module LightPropagationVolumeRuntime (270)
[2020.11.27-20.03.53:503][239]LogModuleManager: Shutting down and abandoning module Paper2D (268)
[2020.11.27-20.03.53:503][239]LogModuleManager: Shutting down and abandoning module WindowsMoviePlayer (266)
[2020.11.27-20.03.53:505][239]LogModuleManager: Shutting down and abandoning module WebMMoviePlayer (264)
[2020.11.27-20.03.53:506][239]LogModuleManager: Shutting down and abandoning module NetworkReplayStreaming (262)
[2020.11.27-20.03.53:506][239]LogModuleManager: Shutting down and abandoning module PacketHandler (260)
[2020.11.27-20.03.53:506][239]LogModuleManager: Shutting down and abandoning module ClothingSystemEditor (258)
[2020.11.27-20.03.53:506][239]LogModuleManager: Shutting down and abandoning module ClothingSystemRuntimeNv (256)
[2020.11.27-20.03.53:506][239]LogModuleManager: Shutting down and abandoning module MediaAssets (254)
[2020.11.27-20.03.53:506][239]LogModuleManager: Shutting down and abandoning module Overlay (252)
[2020.11.27-20.03.53:506][239]LogModuleManager: Shutting down and abandoning module OverlayEditor (251)
[2020.11.27-20.03.53:506][239]LogModuleManager: Shutting down and abandoning module VREditor (248)
[2020.11.27-20.03.53:506][239]LogModuleManager: Shutting down and abandoning module StringTableEditor (246)
[2020.11.27-20.03.53:506][239]LogModuleManager: Shutting down and abandoning module GameplayTasksEditor (244)
[2020.11.27-20.03.53:506][239]LogModuleManager: Shutting down and abandoning module BehaviorTreeEditor (242)
[2020.11.27-20.03.53:507][239]LogModuleManager: Shutting down and abandoning module FunctionalTesting (240)
[2020.11.27-20.03.53:507][239]LogModuleManager: Shutting down and abandoning module CollisionAnalyzer (238)
[2020.11.27-20.03.53:507][239]LogModuleManager: Shutting down and abandoning module WorkspaceMenuStructure (237)
[2020.11.27-20.03.53:507][239]LogModuleManager: Shutting down and abandoning module UMG (234)
[2020.11.27-20.03.53:507][239]LogModuleManager: Shutting down and abandoning module UMGEditor (233)
[2020.11.27-20.03.53:507][239]LogModuleManager: Shutting down and abandoning module MessageLog (231)
[2020.11.27-20.03.53:507][239]LogModuleManager: Shutting down and abandoning module SlateReflector (226)
[2020.11.27-20.03.53:507][239]LogModuleManager: Shutting down and abandoning module Slate (224)
[2020.11.27-20.03.53:507][239]LogModuleManager: Shutting down and abandoning module SlateCore (222)
[2020.11.27-20.03.53:507][239]LogModuleManager: Shutting down and abandoning module LandscapeEditorUtilities (220)
[2020.11.27-20.03.53:507][239]LogModuleManager: Shutting down and abandoning module UnrealEd (218)
[2020.11.27-20.03.53:508][239]LogModuleManager: Shutting down and abandoning module MRMesh (216)
[2020.11.27-20.03.53:508][239]LogModuleManager: Shutting down and abandoning module SourceCodeAccess (214)
[2020.11.27-20.03.53:508][239]LogModuleManager: Shutting down and abandoning module HeadMountedDisplay (212)
[2020.11.27-20.03.53:508][239]LogModuleManager: Shutting down and abandoning module XAudio2 (210)
[2020.11.27-20.03.53:508][239]LogModuleManager: Shutting down and abandoning module Networking (208)
[2020.11.27-20.03.53:508][239]LogModuleManager: Shutting down and abandoning module Core (206)
[2020.11.27-20.03.53:508][239]LogModuleManager: Shutting down and abandoning module MovieSceneTools (204)
[2020.11.27-20.03.53:508][239]LogModuleManager: Shutting down and abandoning module CurveEditor (203)
[2020.11.27-20.03.53:508][239]LogModuleManager: Shutting down and abandoning module Sequencer (201)
[2020.11.27-20.03.53:508][239]LogModuleManager: Shutting down and abandoning module EditorStyle (200)
[2020.11.27-20.03.53:509][239]LogModuleManager: Shutting down and abandoning module KismetCompiler (196)
[2020.11.27-20.03.53:509][239]LogModuleManager: Shutting down and abandoning module MeshUtilities (194)
[2020.11.27-20.03.53:509][239]LogModuleManager: Shutting down and abandoning module MeshMergeUtilities (193)
[2020.11.27-20.03.53:509][239]LogModuleManager: Shutting down and abandoning module MeshReductionInterface (192)
[2020.11.27-20.03.53:510][239]LogModuleManager: Shutting down and abandoning module MeshBoneReduction (191)
[2020.11.27-20.03.53:510][239]LogModuleManager: Shutting down and abandoning module SkeletalMeshReduction (189)
[2020.11.27-20.03.53:510][239]LogModuleManager: Shutting down and abandoning module ProxyLODMeshReduction (187)
[2020.11.27-20.03.53:510][239]LogModuleManager: Shutting down and abandoning module QuadricMeshReduction (185)
[2020.11.27-20.03.53:510][239]LogModuleManager: Shutting down and abandoning module MaterialBaking (181)
[2020.11.27-20.03.53:510][239]LogModuleManager: Shutting down and abandoning module NullInstallBundleManager (176)
[2020.11.27-20.03.53:510][239]LogModuleManager: Shutting down and abandoning module DerivedDataCache (174)
[2020.11.27-20.03.53:510][239]LogDerivedDataCache: Shutdown
[2020.11.27-20.03.53:510][239]LogModuleManager: Shutting down and abandoning module XGEController (172)
[2020.11.27-20.03.53:510][239]LogModuleManager: Shutting down and abandoning module TargetPlatform (170)
[2020.11.27-20.03.53:510][239]LogModuleManager: Shutting down and abandoning module VulkanShaderFormat (169)
[2020.11.27-20.03.53:510][239]LogModuleManager: Shutting down and abandoning module ShaderFormatVectorVM (167)
[2020.11.27-20.03.53:510][239]LogModuleManager: Shutting down and abandoning module ShaderFormatOpenGL (165)
[2020.11.27-20.03.53:510][239]LogModuleManager: Shutting down and abandoning module ShaderFormatD3D (163)
[2020.11.27-20.03.53:510][239]LogModuleManager: Shutting down and abandoning module MetalShaderFormat (161)
[2020.11.27-20.03.53:510][239]LogModuleManager: Shutting down and abandoning module TextureFormatUncompressed (159)
[2020.11.27-20.03.53:510][239]LogModuleManager: Shutting down and abandoning module TextureFormatPVR (157)
[2020.11.27-20.03.53:510][239]LogModuleManager: Shutting down and abandoning module TextureFormatDXT (155)
[2020.11.27-20.03.53:510][239]LogModuleManager: Shutting down and abandoning module TextureFormatIntelISPCTexComp (153)
[2020.11.27-20.03.53:511][239]LogModuleManager: Shutting down and abandoning module TextureFormatASTC (151)
[2020.11.27-20.03.53:512][239]LogModuleManager: Shutting down and abandoning module ImageWrapper (150)
[2020.11.27-20.03.53:512][239]LogModuleManager: Shutting down and abandoning module TextureFormatAndroid (147)
[2020.11.27-20.03.53:512][239]LogModuleManager: Shutting down and abandoning module AudioFormatOpus (145)
[2020.11.27-20.03.53:512][239]LogModuleManager: Shutting down and abandoning module AudioFormatOgg (143)
[2020.11.27-20.03.53:512][239]LogModuleManager: Shutting down and abandoning module AudioFormatADPCM (141)
[2020.11.27-20.03.53:512][239]LogModuleManager: Shutting down and abandoning module WindowsServerTargetPlatform (139)
[2020.11.27-20.03.53:512][239]LogModuleManager: Shutting down and abandoning module WindowsClientTargetPlatform (137)
[2020.11.27-20.03.53:512][239]LogModuleManager: Shutting down and abandoning module WindowsTargetPlatform (135)
[2020.11.27-20.03.53:512][239]LogModuleManager: Shutting down and abandoning module WindowsNoEditorTargetPlatform (133)
[2020.11.27-20.03.53:512][239]LogModuleManager: Shutting down and abandoning module TVOSTargetPlatform (131)
[2020.11.27-20.03.53:513][239]LogModuleManager: Shutting down and abandoning module LuminTargetPlatform (129)
[2020.11.27-20.03.53:513][239]LogModuleManager: Shutting down and abandoning module LinuxAArch64ServerTargetPlatform (127)
[2020.11.27-20.03.53:513][239]LogModuleManager: Shutting down and abandoning module LinuxAArch64ClientTargetPlatform (125)
[2020.11.27-20.03.53:513][239]LogModuleManager: Shutting down and abandoning module LinuxAArch64NoEditorTargetPlatform (123)
[2020.11.27-20.03.53:513][239]LogModuleManager: Shutting down and abandoning module LinuxServerTargetPlatform (121)
[2020.11.27-20.03.53:513][239]LogModuleManager: Shutting down and abandoning module LinuxClientTargetPlatform (119)
[2020.11.27-20.03.53:513][239]LogModuleManager: Shutting down and abandoning module LinuxNoEditorTargetPlatform (117)
[2020.11.27-20.03.53:513][239]LogModuleManager: Shutting down and abandoning module Messaging (115)
[2020.11.27-20.03.53:513][239]LogModuleManager: Shutting down and abandoning module IOSTargetPlatform (113)
[2020.11.27-20.03.53:514][239]LogModuleManager: Shutting down and abandoning module AndroidTargetPlatform (111)
[2020.11.27-20.03.53:518][239]LogModuleManager: Shutting down and abandoning module AllDesktopTargetPlatform (109)
[2020.11.27-20.03.53:518][239]LogModuleManager: Shutting down and abandoning module InputCore (106)
[2020.11.27-20.03.53:519][239]LogModuleManager: Shutting down and abandoning module Settings (104)
[2020.11.27-20.03.53:519][239]LogModuleManager: Shutting down and abandoning module DirectoryWatcher (102)
[2020.11.27-20.03.53:519][239]LogModuleManager: Shutting down and abandoning module PhysXCooking (100)
[2020.11.27-20.03.53:519][239]LogModuleManager: Shutting down and abandoning module ChaosSolvers (98)
[2020.11.27-20.03.53:519][239]LogModuleManager: Shutting down and abandoning module FieldSystemEngine (97)
[2020.11.27-20.03.53:519][239]LogModuleManager: Shutting down and abandoning module Chaos (94)
[2020.11.27-20.03.53:519][239]LogModuleManager: Shutting down and abandoning module WindowsPlatformFeatures (92)
[2020.11.27-20.03.53:519][239]LogModuleManager: Shutting down and abandoning module GameplayMediaEncoder (91)
[2020.11.27-20.03.53:519][239]LogModuleManager: Shutting down and abandoning module SteamVRInputDevice (88)
[2020.11.27-20.03.53:519][239]LogModuleManager: Shutting down and abandoning module SteamVRInput (86)
[2020.11.27-20.03.53:519][239]LogModuleManager: Shutting down and abandoning module SteamVR (84)
[2020.11.27-20.03.53:519][239]LogHMD: Freeing OpenVRDLLHandle.
[2020.11.27-20.03.53:519][239]LogModuleManager: Shutting down and abandoning module OculusHMD (82)
[2020.11.27-20.03.53:519][239]LogModuleManager: Shutting down and abandoning module ExampleDeviceProfileSelector (80)
[2020.11.27-20.03.53:519][239]LogModuleManager: Shutting down and abandoning module LauncherChunkInstaller (78)
[2020.11.27-20.03.53:519][239]LogModuleManager: Shutting down and abandoning module OnlineBlueprintSupport (76)
[2020.11.27-20.03.53:519][239]LogModuleManager: Shutting down and abandoning module OnlineSubsystem (72)
[2020.11.27-20.03.53:522][239]LogModuleManager: Shutting down and abandoning module XMPP (67)
[2020.11.27-20.03.53:522][239]LogModuleManager: Shutting down and abandoning module WebSockets (66)
[2020.11.27-20.03.53:553][239]LogModuleManager: Shutting down and abandoning module HTTP (63)
[2020.11.27-20.03.53:553][239]LogHttp: Display: Http module shutting down, but needs to wait on 1 outstanding Http requests:
[2020.11.27-20.03.53:553][239]LogHttp: Display: 	verb=[POST] url=[https://datarouter.ol.epicgames.com/datarouter/api/v1/public/data?SessionID=%7B37057FCE-4F7B-BD2C-99CD-6C8564CBD533%7D&AppID=UEEditor.Rocket.Release&AppVersion=4.24.2-11100242%2B%2B%2BUE4%2BRelease-4.24&UserID=fa085a3449e1bf6053700a8f3508a1b6%7C70bc8a98fc7d4c2188a0612c650ec114%7C0ad8f3f5-89a2-4251-9b1d-5c526ddb1175&AppEnvironment=datacollector-binary&UploadType=eteventstream] refs=[1] status=Processing
[2020.11.27-20.03.53:554][239]LogHttp: Warning: 000000006C245F80: request has been successfully processed. URL: https://datarouter.ol.epicgames.com/datarouter/api/v1/public/data?SessionID=%7B37057FCE-4F7B-BD2C-99CD-6C8564CBD533%7D&AppID=UEEditor.Rocket.Release&AppVersion=4.24.2-11100242%2B%2B%2BUE4%2BRelease-4.24&UserID=fa085a3449e1bf6053700a8f3508a1b6%7C70bc8a98fc7d4c2188a0612c650ec114%7C0ad8f3f5-89a2-4251-9b1d-5c526ddb1175&AppEnvironment=datacollector-binary&UploadType=eteventstream, HTTP code: 502, content length: 122, actual payload size: 122
[2020.11.27-20.03.53:554][239]LogHttp: Warning: 000000006C245F80 Response Header Server: awselb/2.0
[2020.11.27-20.03.53:554][239]LogHttp: Warning: 000000006C245F80 Response Header Date: Fri, 27 Nov 2020 20:03:59 GMT
[2020.11.27-20.03.53:554][239]LogHttp: Warning: 000000006C245F80 Response Header Content-Type: text/html
[2020.11.27-20.03.53:554][239]LogHttp: Warning: 000000006C245F80 Response Header Content-Length: 122
[2020.11.27-20.03.53:554][239]LogHttp: Warning: 000000006C245F80 Response Header Connection: keep-alive
[2020.11.27-20.03.53:574][239]LogModuleManager: Shutting down and abandoning module SSL (62)
[2020.11.27-20.03.53:575][239]LogModuleManager: Shutting down and abandoning module WmfMedia (58)
[2020.11.27-20.03.53:577][239]LogModuleManager: Shutting down and abandoning module Media (57)
[2020.11.27-20.03.53:581][239]LogModuleManager: Shutting down and abandoning module MagicLeap (54)
[2020.11.27-20.03.53:581][239]LogModuleManager: Shutting down and abandoning module VariantManagerContent (52)
[2020.11.27-20.03.53:581][239]LogModuleManager: Shutting down and abandoning module DatasmithContent (50)
[2020.11.27-20.03.53:581][239]LogModuleManager: Shutting down and abandoning module AISupportModule (48)
[2020.11.27-20.03.53:581][239]LogModuleManager: Shutting down and abandoning module DesktopPlatform (46)
[2020.11.27-20.03.53:581][239]LogModuleManager: Shutting down and abandoning module PlatformCryptoOpenSSL (44)
[2020.11.27-20.03.53:581][239]LogModuleManager: Shutting down and abandoning module PlatformCryptoTypes (42)
[2020.11.27-20.03.53:582][239]LogModuleManager: Shutting down and abandoning module PlatformCrypto (40)
[2020.11.27-20.03.53:582][239]LogModuleManager: Shutting down and abandoning module AnimationModifiers (38)
[2020.11.27-20.03.53:582][239]LogModuleManager: Shutting down and abandoning module PropertyEditor (37)
[2020.11.27-20.03.53:582][239]LogModuleManager: Shutting down and abandoning module AudioEditor (34)
[2020.11.27-20.03.53:583][239]LogModuleManager: Shutting down and abandoning module TextureCompressor (32)
[2020.11.27-20.03.53:583][239]LogModuleManager: Shutting down and abandoning module RenderCore (30)
[2020.11.27-20.03.53:583][239]LogModuleManager: Shutting down and abandoning module Landscape (28)
[2020.11.27-20.03.53:583][239]LogModuleManager: Shutting down and abandoning module SlateRHIRenderer (26)
[2020.11.27-20.03.53:585][239]LogModuleManager: Shutting down and abandoning module OpenGLDrv (24)
[2020.11.27-20.03.53:585][239]LogModuleManager: Shutting down and abandoning module D3D11RHI (22)
[2020.11.27-20.03.53:585][239]LogModuleManager: Shutting down and abandoning module AnimGraphRuntime (20)
[2020.11.27-20.03.53:585][239]LogModuleManager: Shutting down and abandoning module Renderer (18)
[2020.11.27-20.03.53:585][239]LogModuleManager: Shutting down and abandoning module Engine (16)
[2020.11.27-20.03.53:585][239]LogModuleManager: Shutting down and abandoning module CoreUObject (14)
[2020.11.27-20.03.53:585][239]LogModuleManager: Shutting down and abandoning module NetworkFile (12)
[2020.11.27-20.03.53:585][239]LogModuleManager: Shutting down and abandoning module CookedIterativeFile (10)
[2020.11.27-20.03.53:586][239]LogModuleManager: Shutting down and abandoning module StreamingFile (8)
[2020.11.27-20.03.53:586][239]LogModuleManager: Shutting down and abandoning module SandboxFile (6)
[2020.11.27-20.03.53:586][239]LogModuleManager: Shutting down and abandoning module PakFile (4)
[2020.11.27-20.03.53:586][239]LogModuleManager: Shutting down and abandoning module RSA (3)
[2020.11.27-20.03.53:586][239]LogD3D11RHI: Shutdown
[2020.11.27-20.03.53:586][239]LogD3D11RHI: CleanupD3DDevice
[2020.11.27-20.03.53:656][239]LogExit: Exiting.
[2020.11.27-20.03.53:668][239]Log file closed, 11/27/20 15:03:53
