Log file open, 11/27/20 15:52:44
LogWindows: Failed to load 'aqProf.dll' (GetLastError=126)
LogWindows: File 'aqProf.dll' does not exist
LogWindows: Failed to load 'VtuneApi.dll' (GetLastError=126)
LogWindows: File 'VtuneApi.dll' does not exist
LogWindows: Failed to load 'VtuneApi32e.dll' (GetLastError=126)
LogWindows: File 'VtuneApi32e.dll' does not exist
LogConsoleResponse: Display: Failed to find resolution value strings in scalability ini. Falling back to default.
LogInit: Display: Running engine for game: PluginDemoProject
LogPlatformFile: Not using cached read wrapper
LogTaskGraph: Started task graph with 5 named threads and 23 total threads with 3 sets of task threads.
LogStats: Stats thread started at 0.177876
LogD3D11RHI: Loaded GFSDK_Aftermath_Lib.x64.dll
LogICUInternationalization: ICU TimeZone Detection - Raw Offset: -5:00, Platform Override: ''
LogPluginManager: Mounting plugin Paper2D
LogPluginManager: Mounting plugin AISupport
LogPluginManager: Mounting plugin LightPropagationVolume
LogPluginManager: Mounting plugin ActorLayerUtilities
LogPluginManager: Mounting plugin AnimationSharing
LogPluginManager: Mounting plugin CLionSourceCodeAccess
LogPluginManager: Mounting plugin CodeLiteSourceCodeAccess
LogPluginManager: Mounting plugin GitSourceControl
LogPluginManager: Mounting plugin KDevelopSourceCodeAccess
LogPluginManager: Mounting plugin NullSourceCodeAccess
LogPluginManager: Mounting plugin PerforceSourceControl
LogPluginManager: Mounting plugin PlasticSourceControl
LogPluginManager: Mounting plugin SubversionSourceControl
LogPluginManager: Mounting plugin UObjectPlugin
LogPluginManager: Mounting plugin VisualStudioCodeSourceCodeAccess
LogPluginManager: Mounting plugin VisualStudioSourceCodeAccess
LogPluginManager: Mounting plugin XCodeSourceCodeAccess
LogPluginManager: Mounting plugin AssetManagerEditor
LogPluginManager: Mounting plugin CryptoKeys
LogPluginManager: Mounting plugin CurveEditorTools
LogPluginManager: Mounting plugin DataValidation
LogPluginManager: Mounting plugin FacialAnimation
LogPluginManager: Mounting plugin GameplayTagsEditor
LogPluginManager: Mounting plugin MacGraphicsSwitching
LogPluginManager: Mounting plugin MaterialAnalyzer
LogPluginManager: Mounting plugin MobileLauncherProfileWizard
LogPluginManager: Mounting plugin PluginBrowser
LogPluginManager: Mounting plugin SpeedTreeImporter
LogPluginManager: Mounting plugin DatasmithContent
LogPluginManager: Mounting plugin VariantManagerContent
LogPluginManager: Mounting plugin AlembicImporter
LogPluginManager: Mounting plugin AutomationUtils
LogPluginManager: Mounting plugin BackChannel
LogPluginManager: Mounting plugin CharacterAI
LogPluginManager: Mounting plugin GeometryCache
LogPluginManager: Mounting plugin PlatformCrypto
LogPluginManager: Mounting plugin ProxyLODPlugin
LogPluginManager: Mounting plugin SkeletalReduction
LogPluginManager: Mounting plugin MagicLeap
LogPluginManager: Mounting plugin MagicLeapMedia
LogPluginManager: Mounting plugin MLSDK
LogPluginManager: Mounting plugin AndroidMedia
LogPluginManager: Mounting plugin AvfMedia
LogPluginManager: Mounting plugin ImgMedia
LogPluginManager: Mounting plugin MediaCompositing
LogPluginManager: Mounting plugin MediaPlayerEditor
LogPluginManager: Mounting plugin WebMMedia
LogPluginManager: Mounting plugin WmfMedia
LogPluginManager: Mounting plugin TcpMessaging
LogPluginManager: Mounting plugin UdpMessaging
LogPluginManager: Mounting plugin ActorSequence
LogPluginManager: Mounting plugin LevelSequenceEditor
LogPluginManager: Mounting plugin MatineeToLevelSequence
LogPluginManager: Mounting plugin NetcodeUnitTest
LogPluginManager: Mounting plugin NUTUnrealEngine4
LogPluginManager: Mounting plugin OnlineSubsystemGooglePlay
LogPluginManager: Mounting plugin OnlineSubsystemIOS
LogPluginManager: Mounting plugin OnlineSubsystem
LogPluginManager: Mounting plugin OnlineSubsystemNull
LogPluginManager: Mounting plugin OnlineSubsystemUtils
LogPluginManager: Mounting plugin LauncherChunkInstaller
LogPluginManager: Mounting plugin AndroidDeviceProfileSelector
LogPluginManager: Mounting plugin AndroidMoviePlayer
LogPluginManager: Mounting plugin AndroidPermission
LogPluginManager: Mounting plugin AppleImageUtils
LogPluginManager: Mounting plugin AppleMoviePlayer
LogPluginManager: Mounting plugin ArchVisCharacter
LogPluginManager: Mounting plugin AssetTags
LogPluginManager: Mounting plugin AudioCapture
LogPluginManager: Mounting plugin CableComponent
LogPluginManager: Mounting plugin CustomMeshComponent
LogPluginManager: Mounting plugin EditableMesh
LogPluginManager: Mounting plugin ExampleDeviceProfileSelector
LogPluginManager: Mounting plugin GoogleCloudMessaging
LogPluginManager: Mounting plugin IOSDeviceProfileSelector
LogPluginManager: Mounting plugin LinuxDeviceProfileSelector
LogPluginManager: Mounting plugin LocationServicesBPLibrary
LogPluginManager: Mounting plugin MobilePatchingUtils
LogPluginManager: Mounting plugin OculusVR
LogPluginManager: Mounting plugin PhysXVehicles
LogPluginManager: Mounting plugin PostSplashScreen
LogPluginManager: Mounting plugin ProceduralMeshComponent
LogPluginManager: Mounting plugin RuntimePhysXCooking
LogPluginManager: Mounting plugin SignificanceManager
LogPluginManager: Mounting plugin SteamVR
LogPluginManager: Mounting plugin WebMMoviePlayer
LogPluginManager: Mounting plugin WindowsMoviePlayer
LogPluginManager: Mounting plugin ScreenshotTools
LogPluginManager: Mounting plugin PluginDemo
LogInit: Using libcurl 7.55.1-DEV
LogInit:  - built for x86_64-pc-win32
LogInit:  - supports SSL with OpenSSL/1.1.1
LogInit:  - supports HTTP deflate (compression) using libz 1.2.8
LogInit:  - other features:
LogInit:      CURL_VERSION_SSL
LogInit:      CURL_VERSION_LIBZ
LogInit:      CURL_VERSION_IPV6
LogInit:      CURL_VERSION_ASYNCHDNS
LogInit:      CURL_VERSION_LARGEFILE
LogInit:      CURL_VERSION_IDN
LogInit:  CurlRequestOptions (configurable via config and command line):
LogInit:  - bVerifyPeer = true  - Libcurl will verify peer certificate
LogInit:  - bUseHttpProxy = false  - Libcurl will NOT use HTTP proxy
LogInit:  - bDontReuseConnections = false  - Libcurl will reuse connections
LogInit:  - MaxHostConnections = 16  - Libcurl will limit the number of connections to a host
LogInit:  - LocalHostAddr = Default
LogInit:  - BufferSize = 65536
LogOnline: OSS: Creating online subsystem instance for: NULL
LogInit: WinSock: version 1.1 (2.2), MaxSocks=32767, MaxUdp=65467
LogOnline: OSS: TryLoadSubsystemAndSetDefault: Loaded subsystem for module [NULL]
LogInit: Build: ++UE4+Release-4.24-CL-11100242
LogInit: Engine Version: 4.24.2-11100242+++UE4+Release-4.24
LogInit: Compatible Engine Version: 4.24.0-10570792+++UE4+Release-4.24
LogInit: Net CL: 10570792
LogInit: OS: Windows 7 (Service Pack 1), CPU: Intel(R) Xeon(R) CPU E3-1240 v5 @ 3.50GHz, GPU: NVIDIA GeForce GTX 1050
LogInit: Compiled (64-bit): Jan 24 2020 02:05:53
LogInit: Compiled with Visual C++: 19.16.27032.01
LogInit: Build Configuration: Development
LogInit: Branch Name: ++UE4+Release-4.24
LogInit: Command Line:  -skipcompile
LogInit: Base Directory: C:/Program Files/Epic Games/UE_4.24/Engine/Binaries/Win64/
LogInit: Installed Engine Build: 1
LogDevObjectVersion: Number of dev versions registered: 25
LogDevObjectVersion:   Dev-Blueprints (B0D832E4-1F89-4F0D-ACCF-7EB736FD4AA2): 10
LogDevObjectVersion:   Dev-Build (E1C64328-A22C-4D53-A36C-8E866417BD8C): 0
LogDevObjectVersion:   Dev-Core (375EC13C-06E4-48FB-B500-84F0262A717E): 3
LogDevObjectVersion:   Dev-Editor (E4B068ED-F494-42E9-A231-DA0B2E46BB41): 37
LogDevObjectVersion:   Dev-Framework (CFFC743F-43B0-4480-9391-14DF171D2073): 36
LogDevObjectVersion:   Dev-Mobile (B02B49B5-BB20-44E9-A304-32B752E40360): 2
LogDevObjectVersion:   Dev-Networking (A4E4105C-59A1-49B5-A7C5-40C4547EDFEE): 0
LogDevObjectVersion:   Dev-Online (39C831C9-5AE6-47DC-9A44-9C173E1C8E7C): 0
LogDevObjectVersion:   Dev-Physics (78F01B33-EBEA-4F98-B9B4-84EACCB95AA2): 2
LogDevObjectVersion:   Dev-Platform (6631380F-2D4D-43E0-8009-CF276956A95A): 0
LogDevObjectVersion:   Dev-Rendering (12F88B9F-8875-4AFC-A67C-D90C383ABD29): 36
LogDevObjectVersion:   Dev-Sequencer (7B5AE74C-D270-4C10-A958-57980B212A5A): 11
LogDevObjectVersion:   Dev-VR (D7296918-1DD6-4BDD-9DE2-64A83CC13884): 2
LogDevObjectVersion:   Dev-LoadTimes (C2A15278-BFE7-4AFE-6C17-90FF531DF755): 1
LogDevObjectVersion:   Private-Geometry (6EACA3D4-40EC-4CC1-B786-8BED09428FC5): 3
LogDevObjectVersion:   Dev-AnimPhys (29E575DD-E0A3-4627-9D10-D276232CDCEA): 17
LogDevObjectVersion:   Dev-Anim (AF43A65D-7FD3-4947-9873-3E8ED9C1BB05): 2
LogDevObjectVersion:   Dev-ReflectionCapture (6B266CEC-1EC7-4B8F-A30B-E4D90942FC07): 1
LogDevObjectVersion:   Dev-Automation (0DF73D61-A23F-47EA-B727-89E90C41499A): 1
LogDevObjectVersion:   FortniteMain (601D1886-AC64-4F84-AA16-D3DE0DEAC7D6): 31
LogDevObjectVersion:   Dev-Enterprise (9DFFBCD6-494F-0158-E221-12823C92A888): 8
LogDevObjectVersion:   Dev-Niagara (F2AED0AC-9AFE-416F-8664-AA7FFA26D6FC): 1
LogDevObjectVersion:   Dev-Destruction (174F1F0B-B4C6-45A5-B13F-2EE8D0FB917D): 9
LogDevObjectVersion:   Dev-Physics-Ext (35F94A83-E258-406C-A318-09F59610247C): 8
LogDevObjectVersion:   Dev-CineCamera (B2E18506-4273-CFC2-A54E-F4BB758BBA07): 1
LogInit: Presizing for max 25165824 objects, including 0 objects not considered by GC, pre-allocating 0 bytes for permanent pool.
LogInit: Object subsystem initialized
LogConfig: Setting CVar [[con.DebugEarlyDefault:1]]
LogConfig: Setting CVar [[r.setres:1280x720]]
[2020.11.27-20.52.44:665][  0]LogConfig: Setting CVar [[r.VSync:0]]
[2020.11.27-20.52.44:665][  0]LogConfig: Setting CVar [[r.RHICmdBypass:0]]
[2020.11.27-20.52.44:665][  0]LogConfig: Applying CVar settings from Section [/Script/Engine.RendererSettings] File [D:/Game/Unreal/PluginDemoProject/Saved/Config/Windows/Engine.ini]
[2020.11.27-20.52.44:665][  0]LogConfig: Setting CVar [[r.GPUCrashDebugging:0]]
[2020.11.27-20.52.44:665][  0]LogConfig: Applying CVar settings from Section [/Script/Engine.RendererOverrideSettings] File [D:/Game/Unreal/PluginDemoProject/Saved/Config/Windows/Engine.ini]
[2020.11.27-20.52.44:665][  0]LogConfig: Applying CVar settings from Section [/Script/Engine.StreamingSettings] File [D:/Game/Unreal/PluginDemoProject/Saved/Config/Windows/Engine.ini]
[2020.11.27-20.52.44:665][  0]LogConfig: Setting CVar [[s.MinBulkDataSizeForAsyncLoading:131072]]
[2020.11.27-20.52.44:665][  0]LogConfig: Setting CVar [[s.AsyncLoadingThreadEnabled:0]]
[2020.11.27-20.52.44:665][  0]LogConfig: Setting CVar [[s.EventDrivenLoaderEnabled:1]]
[2020.11.27-20.52.44:665][  0]LogConfig: Setting CVar [[s.WarnIfTimeLimitExceeded:0]]
[2020.11.27-20.52.44:665][  0]LogConfig: Setting CVar [[s.TimeLimitExceededMultiplier:1.5]]
[2020.11.27-20.52.44:665][  0]LogConfig: Setting CVar [[s.TimeLimitExceededMinTime:0.005]]
[2020.11.27-20.52.44:665][  0]LogConfig: Setting CVar [[s.UseBackgroundLevelStreaming:1]]
[2020.11.27-20.52.44:665][  0]LogConfig: Setting CVar [[s.PriorityAsyncLoadingExtraTime:15.0]]
[2020.11.27-20.52.44:665][  0]LogConfig: Setting CVar [[s.LevelStreamingActorsUpdateTimeLimit:5.0]]
[2020.11.27-20.52.44:665][  0]LogConfig: Setting CVar [[s.PriorityLevelStreamingActorsUpdateExtraTime:5.0]]
[2020.11.27-20.52.44:665][  0]LogConfig: Setting CVar [[s.LevelStreamingComponentsRegistrationGranularity:10]]
[2020.11.27-20.52.44:666][  0]LogConfig: Setting CVar [[s.UnregisterComponentsTimeLimit:1.0]]
[2020.11.27-20.52.44:666][  0]LogConfig: Setting CVar [[s.LevelStreamingComponentsUnregistrationGranularity:5]]
[2020.11.27-20.52.44:666][  0]LogConfig: Setting CVar [[s.FlushStreamingOnExit:1]]
[2020.11.27-20.52.44:666][  0]LogConfig: Applying CVar settings from Section [/Script/Engine.GarbageCollectionSettings] File [D:/Game/Unreal/PluginDemoProject/Saved/Config/Windows/Engine.ini]
[2020.11.27-20.52.44:666][  0]LogConfig: Setting CVar [[gc.MaxObjectsNotConsideredByGC:1]]
[2020.11.27-20.52.44:666][  0]LogConfig: Setting CVar [[gc.SizeOfPermanentObjectPool:0]]
[2020.11.27-20.52.44:666][  0]LogConfig: Setting CVar [[gc.FlushStreamingOnGC:0]]
[2020.11.27-20.52.44:666][  0]LogConfig: Setting CVar [[gc.NumRetriesBeforeForcingGC:10]]
[2020.11.27-20.52.44:666][  0]LogConfig: Setting CVar [[gc.AllowParallelGC:1]]
[2020.11.27-20.52.44:666][  0]LogConfig: Setting CVar [[gc.TimeBetweenPurgingPendingKillObjects:61.1]]
[2020.11.27-20.52.44:666][  0]LogConfig: Setting CVar [[gc.MaxObjectsInEditor:25165824]]
[2020.11.27-20.52.44:666][  0]LogConfig: Setting CVar [[gc.IncrementalBeginDestroyEnabled:1]]
[2020.11.27-20.52.44:666][  0]LogConfig: Setting CVar [[gc.CreateGCClusters:1]]
[2020.11.27-20.52.44:666][  0]LogConfig: Setting CVar [[gc.MinGCClusterSize:5]]
[2020.11.27-20.52.44:666][  0]LogConfig: Setting CVar [[gc.ActorClusteringEnabled:0]]
[2020.11.27-20.52.44:666][  0]LogConfig: Setting CVar [[gc.BlueprintClusteringEnabled:0]]
[2020.11.27-20.52.44:666][  0]LogConfig: Setting CVar [[gc.UseDisregardForGCOnDedicatedServers:0]]
[2020.11.27-20.52.44:666][  0]LogConfig: Applying CVar settings from Section [/Script/Engine.NetworkSettings] File [D:/Game/Unreal/PluginDemoProject/Saved/Config/Windows/Engine.ini]
[2020.11.27-20.52.44:666][  0]LogConfig: Applying CVar settings from Section [/Script/UnrealEd.CookerSettings] File [D:/Game/Unreal/PluginDemoProject/Saved/Config/Windows/Engine.ini]
[2020.11.27-20.52.44:673][  0]LogConfig: Applying CVar settings from Section [ViewDistanceQuality@3] File [D:/Game/Unreal/PluginDemoProject/Saved/Config/Windows/Scalability.ini]
[2020.11.27-20.52.44:673][  0]LogConfig: Setting CVar [[r.SkeletalMeshLODBias:0]]
[2020.11.27-20.52.44:673][  0]LogConfig: Setting CVar [[r.ViewDistanceScale:1.0]]
[2020.11.27-20.52.44:674][  0]LogConfig: Applying CVar settings from Section [AntiAliasingQuality@3] File [D:/Game/Unreal/PluginDemoProject/Saved/Config/Windows/Scalability.ini]
[2020.11.27-20.52.44:674][  0]LogConfig: Setting CVar [[r.PostProcessAAQuality:4]]
[2020.11.27-20.52.44:674][  0]LogConfig: Applying CVar settings from Section [ShadowQuality@3] File [D:/Game/Unreal/PluginDemoProject/Saved/Config/Windows/Scalability.ini]
[2020.11.27-20.52.44:674][  0]LogConfig: Setting CVar [[r.LightFunctionQuality:1]]
[2020.11.27-20.52.44:674][  0]LogConfig: Setting CVar [[r.ShadowQuality:5]]
[2020.11.27-20.52.44:674][  0]LogConfig: Setting CVar [[r.Shadow.CSM.MaxCascades:10]]
[2020.11.27-20.52.44:674][  0]LogConfig: Setting CVar [[r.Shadow.MaxResolution:2048]]
[2020.11.27-20.52.44:674][  0]LogConfig: Setting CVar [[r.Shadow.MaxCSMResolution:2048]]
[2020.11.27-20.52.44:674][  0]LogConfig: Setting CVar [[r.Shadow.RadiusThreshold:0.01]]
[2020.11.27-20.52.44:674][  0]LogConfig: Setting CVar [[r.Shadow.DistanceScale:1.0]]
[2020.11.27-20.52.44:674][  0]LogConfig: Setting CVar [[r.Shadow.CSM.TransitionScale:1.0]]
[2020.11.27-20.52.44:674][  0]LogConfig: Setting CVar [[r.Shadow.PreShadowResolutionFactor:1.0]]
[2020.11.27-20.52.44:675][  0]LogConfig: Setting CVar [[r.DistanceFieldShadowing:1]]
[2020.11.27-20.52.44:675][  0]LogConfig: Setting CVar [[r.DistanceFieldAO:1]]
[2020.11.27-20.52.44:675][  0]LogConfig: Setting CVar [[r.AOQuality:2]]
[2020.11.27-20.52.44:675][  0]LogConfig: Setting CVar [[r.VolumetricFog:1]]
[2020.11.27-20.52.44:675][  0]LogConfig: Setting CVar [[r.VolumetricFog.GridPixelSize:8]]
[2020.11.27-20.52.44:675][  0]LogConfig: Setting CVar [[r.VolumetricFog.GridSizeZ:128]]
[2020.11.27-20.52.44:675][  0]LogConfig: Setting CVar [[r.VolumetricFog.HistoryMissSupersampleCount:4]]
[2020.11.27-20.52.44:675][  0]LogConfig: Setting CVar [[r.LightMaxDrawDistanceScale:1]]
[2020.11.27-20.52.44:675][  0]LogConfig: Setting CVar [[r.CapsuleShadows:1]]
[2020.11.27-20.52.44:675][  0]LogConfig: Applying CVar settings from Section [PostProcessQuality@3] File [D:/Game/Unreal/PluginDemoProject/Saved/Config/Windows/Scalability.ini]
[2020.11.27-20.52.44:675][  0]LogConfig: Setting CVar [[r.MotionBlurQuality:4]]
[2020.11.27-20.52.44:675][  0]LogConfig: Setting CVar [[r.AmbientOcclusionMipLevelFactor:0.4]]
[2020.11.27-20.52.44:675][  0]LogConfig: Setting CVar [[r.AmbientOcclusionMaxQuality:100]]
[2020.11.27-20.52.44:676][  0]LogConfig: Setting CVar [[r.AmbientOcclusionLevels:-1]]
[2020.11.27-20.52.44:676][  0]LogConfig: Setting CVar [[r.AmbientOcclusionRadiusScale:1.0]]
[2020.11.27-20.52.44:676][  0]LogConfig: Setting CVar [[r.DepthOfFieldQuality:2]]
[2020.11.27-20.52.44:676][  0]LogConfig: Setting CVar [[r.RenderTargetPoolMin:400]]
[2020.11.27-20.52.44:676][  0]LogConfig: Setting CVar [[r.LensFlareQuality:2]]
[2020.11.27-20.52.44:676][  0]LogConfig: Setting CVar [[r.SceneColorFringeQuality:1]]
[2020.11.27-20.52.44:676][  0]LogConfig: Setting CVar [[r.EyeAdaptationQuality:2]]
[2020.11.27-20.52.44:676][  0]LogConfig: Setting CVar [[r.BloomQuality:5]]
[2020.11.27-20.52.44:676][  0]LogConfig: Setting CVar [[r.FastBlurThreshold:100]]
[2020.11.27-20.52.44:676][  0]LogConfig: Setting CVar [[r.Upscale.Quality:3]]
[2020.11.27-20.52.44:676][  0]LogConfig: Setting CVar [[r.Tonemapper.GrainQuantization:1]]
[2020.11.27-20.52.44:676][  0]LogConfig: Setting CVar [[r.LightShaftQuality:1]]
[2020.11.27-20.52.44:676][  0]LogConfig: Setting CVar [[r.Filter.SizeScale:1]]
[2020.11.27-20.52.44:676][  0]LogConfig: Setting CVar [[r.Tonemapper.Quality:5]]
[2020.11.27-20.52.44:676][  0]LogConfig: Setting CVar [[r.DOF.Gather.AccumulatorQuality:1        ; higher gathering accumulator quality]]
[2020.11.27-20.52.44:676][  0]LogConfig: Setting CVar [[r.DOF.Gather.PostfilterMethod:1          ; Median3x3 postfilering method]]
[2020.11.27-20.52.44:676][  0]LogConfig: Setting CVar [[r.DOF.Gather.EnableBokehSettings:0       ; no bokeh simulation when gathering]]
[2020.11.27-20.52.44:676][  0]LogConfig: Setting CVar [[r.DOF.Gather.RingCount:4                 ; medium number of samples when gathering]]
[2020.11.27-20.52.44:676][  0]LogConfig: Setting CVar [[r.DOF.Scatter.ForegroundCompositing:1    ; additive foreground scattering]]
[2020.11.27-20.52.44:676][  0]LogConfig: Setting CVar [[r.DOF.Scatter.BackgroundCompositing:2    ; additive background scattering]]
[2020.11.27-20.52.44:676][  0]LogConfig: Setting CVar [[r.DOF.Scatter.EnableBokehSettings:1      ; bokeh simulation when scattering]]
[2020.11.27-20.52.44:676][  0]LogConfig: Setting CVar [[r.DOF.Scatter.MaxSpriteRatio:0.1         ; only a maximum of 10% of scattered bokeh]]
[2020.11.27-20.52.44:676][  0]LogConfig: Setting CVar [[r.DOF.Recombine.Quality:1                ; cheap slight out of focus]]
[2020.11.27-20.52.44:676][  0]LogConfig: Setting CVar [[r.DOF.Recombine.EnableBokehSettings:0    ; no bokeh simulation on slight out of focus]]
[2020.11.27-20.52.44:676][  0]LogConfig: Setting CVar [[r.DOF.TemporalAAQuality:1                ; more stable temporal accumulation]]
[2020.11.27-20.52.44:676][  0]LogConfig: Setting CVar [[r.DOF.Kernel.MaxForegroundRadius:0.025]]
[2020.11.27-20.52.44:676][  0]LogConfig: Setting CVar [[r.DOF.Kernel.MaxBackgroundRadius:0.025]]
[2020.11.27-20.52.44:676][  0]LogConfig: Applying CVar settings from Section [TextureQuality@3] File [D:/Game/Unreal/PluginDemoProject/Saved/Config/Windows/Scalability.ini]
[2020.11.27-20.52.44:676][  0]LogConfig: Setting CVar [[r.Streaming.MipBias:0]]
[2020.11.27-20.52.44:676][  0]LogConfig: Setting CVar [[r.Streaming.AmortizeCPUToGPUCopy:0]]
[2020.11.27-20.52.44:676][  0]LogConfig: Setting CVar [[r.Streaming.MaxNumTexturesToStreamPerFrame:0]]
[2020.11.27-20.52.44:676][  0]LogConfig: Setting CVar [[r.Streaming.Boost:1]]
[2020.11.27-20.52.44:676][  0]LogConfig: Setting CVar [[r.MaxAnisotropy:8]]
[2020.11.27-20.52.44:676][  0]LogConfig: Setting CVar [[r.VT.MaxAnisotropy:8]]
[2020.11.27-20.52.44:677][  0]LogConfig: Setting CVar [[r.Streaming.LimitPoolSizeToVRAM:0]]
[2020.11.27-20.52.44:677][  0]LogConfig: Setting CVar [[r.Streaming.PoolSize:1000]]
[2020.11.27-20.52.44:677][  0]LogConfig: Setting CVar [[r.Streaming.MaxEffectiveScreenSize:0]]
[2020.11.27-20.52.44:677][  0]LogConfig: Applying CVar settings from Section [EffectsQuality@3] File [D:/Game/Unreal/PluginDemoProject/Saved/Config/Windows/Scalability.ini]
[2020.11.27-20.52.44:677][  0]LogConfig: Setting CVar [[r.TranslucencyLightingVolumeDim:64]]
[2020.11.27-20.52.44:677][  0]LogConfig: Setting CVar [[r.RefractionQuality:2]]
[2020.11.27-20.52.44:677][  0]LogConfig: Setting CVar [[r.SSR.Quality:3]]
[2020.11.27-20.52.44:677][  0]LogConfig: Setting CVar [[r.SSR.HalfResSceneColor:0]]
[2020.11.27-20.52.44:677][  0]LogConfig: Setting CVar [[r.SceneColorFormat:4]]
[2020.11.27-20.52.44:677][  0]LogConfig: Setting CVar [[r.DetailMode:2]]
[2020.11.27-20.52.44:677][  0]LogConfig: Setting CVar [[r.TranslucencyVolumeBlur:1]]
[2020.11.27-20.52.44:677][  0]LogConfig: Setting CVar [[r.MaterialQualityLevel:1 ; High quality]]
[2020.11.27-20.52.44:677][  0]LogConfig: Setting CVar [[r.SSS.Scale:1]]
[2020.11.27-20.52.44:677][  0]LogConfig: Setting CVar [[r.SSS.SampleSet:2]]
[2020.11.27-20.52.44:677][  0]LogConfig: Setting CVar [[r.SSS.Quality:1]]
[2020.11.27-20.52.44:677][  0]LogConfig: Setting CVar [[r.SSS.HalfRes:1]]
[2020.11.27-20.52.44:677][  0]LogConfig: Setting CVar [[r.SSGI.Quality:3]]
[2020.11.27-20.52.44:677][  0]LogConfig: Setting CVar [[r.EmitterSpawnRateScale:1.0]]
[2020.11.27-20.52.44:677][  0]LogConfig: Setting CVar [[r.ParticleLightQuality:2]]
[2020.11.27-20.52.44:677][  0]LogConfig: Setting CVar [[r.SkyAtmosphere.AerialPerspectiveLUT.FastApplyOnOpaque:1 ; Always have FastSkyLUT 1 in this case to avoid wrong sky]]
[2020.11.27-20.52.44:677][  0]LogConfig: Setting CVar [[r.SkyAtmosphere.AerialPerspectiveLUT.SampleCountPerSlice:1]]
[2020.11.27-20.52.44:677][  0]LogConfig: Setting CVar [[r.SkyAtmosphere.AerialPerspectiveLUT.DepthResolution:16.0]]
[2020.11.27-20.52.44:677][  0]LogConfig: Setting CVar [[r.SkyAtmosphere.FastSkyLUT:1]]
[2020.11.27-20.52.44:677][  0]LogConfig: Setting CVar [[r.SkyAtmosphere.FastSkyLUT.SampleCountMin:4.0]]
[2020.11.27-20.52.44:677][  0]LogConfig: Setting CVar [[r.SkyAtmosphere.FastSkyLUT.SampleCountMax:32.0]]
[2020.11.27-20.52.44:678][  0]LogConfig: Setting CVar [[r.SkyAtmosphere.SampleCountMin:4.0]]
[2020.11.27-20.52.44:678][  0]LogConfig: Setting CVar [[r.SkyAtmosphere.SampleCountMax:32.0]]
[2020.11.27-20.52.44:678][  0]LogConfig: Setting CVar [[r.SkyAtmosphere.TransmittanceLUT.UseSmallFormat:0]]
[2020.11.27-20.52.44:678][  0]LogConfig: Setting CVar [[r.SkyAtmosphere.TransmittanceLUT.SampleCount:10.0]]
[2020.11.27-20.52.44:678][  0]LogConfig: Setting CVar [[r.SkyAtmosphere.MultiScatteringLUT.SampleCount:15.0]]
[2020.11.27-20.52.44:678][  0]LogConfig: Applying CVar settings from Section [FoliageQuality@3] File [D:/Game/Unreal/PluginDemoProject/Saved/Config/Windows/Scalability.ini]
[2020.11.27-20.52.44:678][  0]LogConfig: Setting CVar [[foliage.DensityScale:1.0]]
[2020.11.27-20.52.44:678][  0]LogConfig: Setting CVar [[grass.DensityScale:1.0]]
[2020.11.27-20.52.44:678][  0]LogConfig: Applying CVar settings from Section [ShadingQuality@3] File [D:/Game/Unreal/PluginDemoProject/Saved/Config/Windows/Scalability.ini]
[2020.11.27-20.52.44:678][  0]LogConfig: Setting CVar [[r.HairStrands.SkyLighting.SampleCount:16]]
[2020.11.27-20.52.44:678][  0]LogConfig: Setting CVar [[r.HairStrands.SkyLighting.JitterIntegration:0]]
[2020.11.27-20.52.44:678][  0]LogConfig: Setting CVar [[r.HairStrands.SkyAO.SampleCount:16]]
[2020.11.27-20.52.44:678][  0]LogInit: Selected Device Profile: [Windows]
[2020.11.27-20.52.44:678][  0]LogInit: Applying CVar settings loaded from the selected device profile: [Windows]
[2020.11.27-20.52.44:680][  0]LogHAL: Display: Platform has ~ 16 GB [17136357376 / 17179869184 / 16], which maps to Larger [LargestMinGB=32, LargerMinGB=12, DefaultMinGB=8, SmallerMinGB=6, SmallestMinGB=0)
[2020.11.27-20.52.44:680][  0]LogInit: Going up to parent DeviceProfile []
[2020.11.27-20.52.44:680][  0]LogConfig: Applying CVar settings from Section [ViewDistanceQuality@2] File [D:/Game/Unreal/PluginDemoProject/Saved/Config/Windows/Scalability.ini]
[2020.11.27-20.52.44:680][  0]LogConfig: Setting CVar [[r.SkeletalMeshLODBias:0]]
[2020.11.27-20.52.44:680][  0]LogConfig: Setting CVar [[r.ViewDistanceScale:0.8]]
[2020.11.27-20.52.44:680][  0]LogConfig: Applying CVar settings from Section [AntiAliasingQuality@2] File [D:/Game/Unreal/PluginDemoProject/Saved/Config/Windows/Scalability.ini]
[2020.11.27-20.52.44:680][  0]LogConfig: Setting CVar [[r.PostProcessAAQuality:3]]
[2020.11.27-20.52.44:680][  0]LogConfig: Applying CVar settings from Section [ShadowQuality@2] File [D:/Game/Unreal/PluginDemoProject/Saved/Config/Windows/Scalability.ini]
[2020.11.27-20.52.44:680][  0]LogConfig: Setting CVar [[r.LightFunctionQuality:1]]
[2020.11.27-20.52.44:680][  0]LogConfig: Setting CVar [[r.ShadowQuality:5]]
[2020.11.27-20.52.44:680][  0]LogConfig: Setting CVar [[r.Shadow.CSM.MaxCascades:4]]
[2020.11.27-20.52.44:680][  0]LogConfig: Setting CVar [[r.Shadow.MaxResolution:1024]]
[2020.11.27-20.52.44:680][  0]LogConfig: Setting CVar [[r.Shadow.MaxCSMResolution:2048]]
[2020.11.27-20.52.44:681][  0]LogConfig: Setting CVar [[r.Shadow.RadiusThreshold:0.04]]
[2020.11.27-20.52.44:681][  0]LogConfig: Setting CVar [[r.Shadow.DistanceScale:0.85]]
[2020.11.27-20.52.44:681][  0]LogConfig: Setting CVar [[r.Shadow.CSM.TransitionScale:0.8]]
[2020.11.27-20.52.44:681][  0]LogConfig: Setting CVar [[r.Shadow.PreShadowResolutionFactor:0.5]]
[2020.11.27-20.52.44:681][  0]LogConfig: Setting CVar [[r.DistanceFieldShadowing:1]]
[2020.11.27-20.52.44:681][  0]LogConfig: Setting CVar [[r.DistanceFieldAO:1]]
[2020.11.27-20.52.44:681][  0]LogConfig: Setting CVar [[r.AOQuality:1]]
[2020.11.27-20.52.44:681][  0]LogConfig: Setting CVar [[r.VolumetricFog:1]]
[2020.11.27-20.52.44:681][  0]LogConfig: Setting CVar [[r.VolumetricFog.GridPixelSize:16]]
[2020.11.27-20.52.44:681][  0]LogConfig: Setting CVar [[r.VolumetricFog.GridSizeZ:64]]
[2020.11.27-20.52.44:681][  0]LogConfig: Setting CVar [[r.VolumetricFog.HistoryMissSupersampleCount:4]]
[2020.11.27-20.52.44:681][  0]LogConfig: Setting CVar [[r.LightMaxDrawDistanceScale:1]]
[2020.11.27-20.52.44:681][  0]LogConfig: Setting CVar [[r.CapsuleShadows:1]]
[2020.11.27-20.52.44:681][  0]LogConfig: Applying CVar settings from Section [PostProcessQuality@2] File [D:/Game/Unreal/PluginDemoProject/Saved/Config/Windows/Scalability.ini]
[2020.11.27-20.52.44:681][  0]LogConfig: Setting CVar [[r.MotionBlurQuality:3]]
[2020.11.27-20.52.44:681][  0]LogConfig: Setting CVar [[r.AmbientOcclusionMipLevelFactor:0.6]]
[2020.11.27-20.52.44:681][  0]LogConfig: Setting CVar [[r.AmbientOcclusionMaxQuality:100]]
[2020.11.27-20.52.44:681][  0]LogConfig: Setting CVar [[r.AmbientOcclusionLevels:-1]]
[2020.11.27-20.52.44:681][  0]LogConfig: Setting CVar [[r.AmbientOcclusionRadiusScale:1.5]]
[2020.11.27-20.52.44:681][  0]LogConfig: Setting CVar [[r.DepthOfFieldQuality:2]]
[2020.11.27-20.52.44:681][  0]LogConfig: Setting CVar [[r.RenderTargetPoolMin:400]]
[2020.11.27-20.52.44:681][  0]LogConfig: Setting CVar [[r.LensFlareQuality:2]]
[2020.11.27-20.52.44:681][  0]LogConfig: Setting CVar [[r.SceneColorFringeQuality:1]]
[2020.11.27-20.52.44:681][  0]LogConfig: Setting CVar [[r.EyeAdaptationQuality:2]]
[2020.11.27-20.52.44:681][  0]LogConfig: Setting CVar [[r.BloomQuality:5]]
[2020.11.27-20.52.44:681][  0]LogConfig: Setting CVar [[r.FastBlurThreshold:3]]
[2020.11.27-20.52.44:681][  0]LogConfig: Setting CVar [[r.Upscale.Quality:2]]
[2020.11.27-20.52.44:681][  0]LogConfig: Setting CVar [[r.Tonemapper.GrainQuantization:1]]
[2020.11.27-20.52.44:681][  0]LogConfig: Setting CVar [[r.LightShaftQuality:1]]
[2020.11.27-20.52.44:681][  0]LogConfig: Setting CVar [[r.Filter.SizeScale:0.8]]
[2020.11.27-20.52.44:681][  0]LogConfig: Setting CVar [[r.Tonemapper.Quality:5]]
[2020.11.27-20.52.44:681][  0]LogConfig: Setting CVar [[r.DOF.Gather.AccumulatorQuality:0        ; lower gathering accumulator quality]]
[2020.11.27-20.52.44:681][  0]LogConfig: Setting CVar [[r.DOF.Gather.PostfilterMethod:2          ; Max3x3 postfilering method]]
[2020.11.27-20.52.44:681][  0]LogConfig: Setting CVar [[r.DOF.Gather.EnableBokehSettings:0       ; no bokeh simulation when gathering]]
[2020.11.27-20.52.44:681][  0]LogConfig: Setting CVar [[r.DOF.Gather.RingCount:4                 ; medium number of samples when gathering]]
[2020.11.27-20.52.44:681][  0]LogConfig: Setting CVar [[r.DOF.Scatter.ForegroundCompositing:1    ; additive foreground scattering]]
[2020.11.27-20.52.44:682][  0]LogConfig: Setting CVar [[r.DOF.Scatter.BackgroundCompositing:1    ; no background occlusion]]
[2020.11.27-20.52.44:682][  0]LogConfig: Setting CVar [[r.DOF.Scatter.EnableBokehSettings:0      ; no bokeh simulation when scattering]]
[2020.11.27-20.52.44:682][  0]LogConfig: Setting CVar [[r.DOF.Scatter.MaxSpriteRatio:0.04        ; only a maximum of 4% of scattered bokeh]]
[2020.11.27-20.52.44:682][  0]LogConfig: Setting CVar [[r.DOF.Recombine.Quality:0                ; no slight out of focus]]
[2020.11.27-20.52.44:682][  0]LogConfig: Setting CVar [[r.DOF.TemporalAAQuality:0                ; faster temporal accumulation]]
[2020.11.27-20.52.44:682][  0]LogConfig: Setting CVar [[r.DOF.Kernel.MaxForegroundRadius:0.012   ; required because of AccumulatorQuality=0]]
[2020.11.27-20.52.44:682][  0]LogConfig: Setting CVar [[r.DOF.Kernel.MaxBackgroundRadius:0.012   ; required because of AccumulatorQuality=0]]
[2020.11.27-20.52.44:682][  0]LogConfig: Applying CVar settings from Section [TextureQuality@2] File [D:/Game/Unreal/PluginDemoProject/Saved/Config/Windows/Scalability.ini]
[2020.11.27-20.52.44:682][  0]LogConfig: Setting CVar [[r.Streaming.MipBias:0]]
[2020.11.27-20.52.44:682][  0]LogConfig: Setting CVar [[r.Streaming.AmortizeCPUToGPUCopy:0]]
[2020.11.27-20.52.44:682][  0]LogConfig: Setting CVar [[r.Streaming.MaxNumTexturesToStreamPerFrame:0]]
[2020.11.27-20.52.44:682][  0]LogConfig: Setting CVar [[r.Streaming.Boost:1]]
[2020.11.27-20.52.44:682][  0]LogConfig: Setting CVar [[r.MaxAnisotropy:4]]
[2020.11.27-20.52.44:682][  0]LogConfig: Setting CVar [[r.VT.MaxAnisotropy:8]]
[2020.11.27-20.52.44:682][  0]LogConfig: Setting CVar [[r.Streaming.LimitPoolSizeToVRAM:1]]
[2020.11.27-20.52.44:682][  0]LogConfig: Setting CVar [[r.Streaming.PoolSize:800]]
[2020.11.27-20.52.44:682][  0]LogConfig: Setting CVar [[r.Streaming.MaxEffectiveScreenSize:0]]
[2020.11.27-20.52.44:682][  0]LogConfig: Applying CVar settings from Section [EffectsQuality@2] File [D:/Game/Unreal/PluginDemoProject/Saved/Config/Windows/Scalability.ini]
[2020.11.27-20.52.44:682][  0]LogConfig: Setting CVar [[r.TranslucencyLightingVolumeDim:48]]
[2020.11.27-20.52.44:682][  0]LogConfig: Setting CVar [[r.RefractionQuality:2]]
[2020.11.27-20.52.44:682][  0]LogConfig: Setting CVar [[r.SSR.Quality:2]]
[2020.11.27-20.52.44:682][  0]LogConfig: Setting CVar [[r.SSR.HalfResSceneColor:1]]
[2020.11.27-20.52.44:682][  0]LogConfig: Setting CVar [[r.SceneColorFormat:3]]
[2020.11.27-20.52.44:682][  0]LogConfig: Setting CVar [[r.DetailMode:1]]
[2020.11.27-20.52.44:682][  0]LogConfig: Setting CVar [[r.TranslucencyVolumeBlur:1]]
[2020.11.27-20.52.44:682][  0]LogConfig: Setting CVar [[r.MaterialQualityLevel:1 ; High quality]]
[2020.11.27-20.52.44:682][  0]LogConfig: Setting CVar [[r.SSS.Scale:1]]
[2020.11.27-20.52.44:682][  0]LogConfig: Setting CVar [[r.SSS.SampleSet:1]]
[2020.11.27-20.52.44:682][  0]LogConfig: Setting CVar [[r.SSS.Quality:-1]]
[2020.11.27-20.52.44:682][  0]LogConfig: Setting CVar [[r.SSS.HalfRes:1]]
[2020.11.27-20.52.44:682][  0]LogConfig: Setting CVar [[r.SSGI.Quality:2]]
[2020.11.27-20.52.44:682][  0]LogConfig: Setting CVar [[r.EmitterSpawnRateScale:0.5]]
[2020.11.27-20.52.44:682][  0]LogConfig: Setting CVar [[r.ParticleLightQuality:1]]
[2020.11.27-20.52.44:682][  0]LogConfig: Setting CVar [[r.SkyAtmosphere.AerialPerspectiveLUT.FastApplyOnOpaque:1 ; Always have FastSkyLUT 1 in this case to avoid wrong sky]]
[2020.11.27-20.52.44:682][  0]LogConfig: Setting CVar [[r.SkyAtmosphere.AerialPerspectiveLUT.SampleCountPerSlice:1]]
[2020.11.27-20.52.44:682][  0]LogConfig: Setting CVar [[r.SkyAtmosphere.AerialPerspectiveLUT.DepthResolution:16.0]]
[2020.11.27-20.52.44:682][  0]LogConfig: Setting CVar [[r.SkyAtmosphere.FastSkyLUT:1]]
[2020.11.27-20.52.44:682][  0]LogConfig: Setting CVar [[r.SkyAtmosphere.FastSkyLUT.SampleCountMin:4.0]]
[2020.11.27-20.52.44:682][  0]LogConfig: Setting CVar [[r.SkyAtmosphere.FastSkyLUT.SampleCountMax:32.0]]
[2020.11.27-20.52.44:682][  0]LogConfig: Setting CVar [[r.SkyAtmosphere.SampleCountMin:4.0]]
[2020.11.27-20.52.44:682][  0]LogConfig: Setting CVar [[r.SkyAtmosphere.SampleCountMax:32.0]]
[2020.11.27-20.52.44:682][  0]LogConfig: Setting CVar [[r.SkyAtmosphere.TransmittanceLUT.UseSmallFormat:0]]
[2020.11.27-20.52.44:682][  0]LogConfig: Setting CVar [[r.SkyAtmosphere.TransmittanceLUT.SampleCount:10.0]]
[2020.11.27-20.52.44:682][  0]LogConfig: Setting CVar [[r.SkyAtmosphere.MultiScatteringLUT.SampleCount:15.0]]
[2020.11.27-20.52.44:682][  0]LogConfig: Applying CVar settings from Section [FoliageQuality@2] File [D:/Game/Unreal/PluginDemoProject/Saved/Config/Windows/Scalability.ini]
[2020.11.27-20.52.44:682][  0]LogConfig: Setting CVar [[foliage.DensityScale:0.8]]
[2020.11.27-20.52.44:682][  0]LogConfig: Setting CVar [[grass.DensityScale:0.8]]
[2020.11.27-20.52.44:682][  0]LogConfig: Applying CVar settings from Section [ShadingQuality@3] File [D:/Game/Unreal/PluginDemoProject/Saved/Config/Windows/Scalability.ini]
[2020.11.27-20.52.44:682][  0]LogConfig: Setting CVar [[r.HairStrands.SkyLighting.SampleCount:16]]
[2020.11.27-20.52.44:682][  0]LogConfig: Setting CVar [[r.HairStrands.SkyLighting.JitterIntegration:0]]
[2020.11.27-20.52.44:682][  0]LogConfig: Setting CVar [[r.HairStrands.SkyAO.SampleCount:16]]
[2020.11.27-20.52.44:682][  0]LogConfig: Applying CVar settings from Section [Startup] File [../../../Engine/Config/ConsoleVariables.ini]
[2020.11.27-20.52.44:683][  0]LogConfig: Setting CVar [[net.UseAdaptiveNetUpdateFrequency:0]]
[2020.11.27-20.52.44:683][  0]LogConfig: Setting CVar [[p.chaos.AllowCreatePhysxBodies:1]]
[2020.11.27-20.52.44:683][  0]LogConfig: Applying CVar settings from Section [ConsoleVariables] File [D:/Game/Unreal/PluginDemoProject/Saved/Config/Windows/Engine.ini]
[2020.11.27-20.52.44:683][  0]LogInit: Computer: MASTER-PC
[2020.11.27-20.52.44:683][  0]LogInit: User: Master
[2020.11.27-20.52.44:683][  0]LogInit: CPU Page size=4096, Cores=4
[2020.11.27-20.52.44:683][  0]LogInit: High frequency timer resolution =3.421914 MHz
[2020.11.27-20.52.44:683][  0]LogMemory: Memory total: Physical=16.0GB (16GB approx)
[2020.11.27-20.52.44:683][  0]LogMemory: Platform Memory Stats for Windows
[2020.11.27-20.52.44:683][  0]LogMemory: Process Physical Memory: 108.64 MB used, 108.64 MB peak
[2020.11.27-20.52.44:683][  0]LogMemory: Process Virtual Memory: 106.41 MB used, 106.41 MB peak
[2020.11.27-20.52.44:683][  0]LogMemory: Physical Memory: 9406.86 MB used,  6935.64 MB free, 16342.50 MB total
[2020.11.27-20.52.44:684][  0]LogMemory: Virtual Memory: 1026.57 MB used,  8387581.50 MB free, 8388608.00 MB total
[2020.11.27-20.52.44:699][  0]LogWindows: WindowsPlatformFeatures enabled
[2020.11.27-20.52.44:777][  0]LogInit: Using OS detected language (en-US).
[2020.11.27-20.52.44:777][  0]LogInit: Using OS detected locale (en-US).
[2020.11.27-20.52.44:777][  0]LogTextLocalizationManager: No specific localization for 'en-US' exists, so the 'en' localization will be used.
[2020.11.27-20.52.44:912][  0]LogWindows: Failed to load 'shcore.dll' (GetLastError=126)
[2020.11.27-20.52.44:912][  0]LogWindows: File 'shcore.dll' does not exist
[2020.11.27-20.52.44:912][  0]LogInit: Setting process to DPI aware
[2020.11.27-20.52.44:938][  0]LogSlate: New Slate User Created.  User Index 0, Is Virtual User: 0
[2020.11.27-20.52.44:938][  0]LogSlate: Slate User Registered.  User Index 0, Is Virtual User: 0
[2020.11.27-20.52.45:016][  0]LogHMD: Failed to initialize OpenVR with code 110
[2020.11.27-20.52.45:016][  0]LogD3D11RHI: D3D11 min allowed feature level: 11_0
[2020.11.27-20.52.45:016][  0]LogD3D11RHI: D3D11 max allowed feature level: 11_0
[2020.11.27-20.52.45:016][  0]LogD3D11RHI: D3D11 adapters:
[2020.11.27-20.52.45:050][  0]LogD3D11RHI:    0. 'NVIDIA GeForce GTX 1050' (Feature Level 11_0)
[2020.11.27-20.52.45:050][  0]LogD3D11RHI:       1958/0/7915 MB DedicatedVideo/DedicatedSystem/SharedSystem, Outputs:1, VendorId:0x10de
[2020.11.27-20.52.45:050][  0]LogD3D11RHI: Chosen D3D11 Adapter: 0
[2020.11.27-20.52.45:055][  0]LogD3D11RHI: Creating new Direct3DDevice
[2020.11.27-20.52.45:055][  0]LogD3D11RHI:     GPU DeviceId: 0x1c81 (for the marketing name, search the web for "GPU Device Id")
[2020.11.27-20.52.45:055][  0]LogWindows: EnumDisplayDevices:
[2020.11.27-20.52.45:055][  0]LogWindows:    0. 'NVIDIA GeForce GTX 1050' (P:1 D:1)
[2020.11.27-20.52.45:055][  0]LogWindows:    1. 'NVIDIA GeForce GTX 1050' (P:0 D:0)
[2020.11.27-20.52.45:055][  0]LogWindows:    2. 'NVIDIA GeForce GTX 1050' (P:0 D:0)
[2020.11.27-20.52.45:055][  0]LogWindows:    3. 'NVIDIA GeForce GTX 1050' (P:0 D:0)
[2020.11.27-20.52.45:056][  0]LogWindows:    4. 'RDPDD Chained DD' (P:0 D:0)
[2020.11.27-20.52.45:056][  0]LogWindows:    5. 'RDP Encoder Mirror Driver' (P:0 D:0)
[2020.11.27-20.52.45:056][  0]LogWindows:    6. 'RDP Reflector Display Driver' (P:0 D:0)
[2020.11.27-20.52.45:056][  0]LogWindows: DebugString: GetVideoDriverDetailsInvalid PrimaryIsNotTheChoosenAdapter GetVideoDriverDetailsInvalid PrimaryIsNotTheChoosenAdapter GetVideoDriverDetailsInvalid PrimaryIsNotTheChoosenAdapter FoundDriverCount:4 
[2020.11.27-20.52.45:056][  0]LogD3D11RHI:     Adapter Name: NVIDIA GeForce GTX 1050
[2020.11.27-20.52.45:056][  0]LogD3D11RHI:   Driver Version: 391.35 (internal:23.21.13.9135, unified:391.35)
[2020.11.27-20.52.45:056][  0]LogD3D11RHI:      Driver Date: 3-23-2018
[2020.11.27-20.52.45:056][  0]LogRHI: Texture pool is 1371 MB (70% of 1958 MB)
[2020.11.27-20.52.45:068][  0]LogD3D11RHI: RHI has support for 64 bit atomics
[2020.11.27-20.52.45:068][  0]LogD3D11RHI: Async texture creation enabled
[2020.11.27-20.52.45:083][  0]LogD3D11RHI: GPU Timing Frequency: 1000.000000 (Debug: 2 2)
[2020.11.27-20.52.45:270][  0]LogTargetPlatformManager: Display: Loaded TargetPlatform 'AllDesktop'
[2020.11.27-20.52.45:295][  0]LogTargetPlatformManager: Display: Loaded TargetPlatform 'Android'
[2020.11.27-20.52.45:295][  0]LogTargetPlatformManager: Display: Loaded TargetPlatform 'Android_ASTC'
[2020.11.27-20.52.45:295][  0]LogTargetPlatformManager: Display: Loaded TargetPlatform 'Android_ATC'
[2020.11.27-20.52.45:295][  0]LogTargetPlatformManager: Display: Loaded TargetPlatform 'Android_DXT'
[2020.11.27-20.52.45:295][  0]LogTargetPlatformManager: Display: Loaded TargetPlatform 'Android_ETC1'
[2020.11.27-20.52.45:295][  0]LogTargetPlatformManager: Display: Loaded TargetPlatform 'Android_ETC1a'
[2020.11.27-20.52.45:295][  0]LogTargetPlatformManager: Display: Loaded TargetPlatform 'Android_ETC2'
[2020.11.27-20.52.45:295][  0]LogTargetPlatformManager: Display: Loaded TargetPlatform 'Android_PVRTC'
[2020.11.27-20.52.45:295][  0]LogTargetPlatformManager: Display: Loaded TargetPlatform 'AndroidClient'
[2020.11.27-20.52.45:295][  0]LogTargetPlatformManager: Display: Loaded TargetPlatform 'Android_ASTCClient'
[2020.11.27-20.52.45:296][  0]LogTargetPlatformManager: Display: Loaded TargetPlatform 'Android_ATCClient'
[2020.11.27-20.52.45:296][  0]LogTargetPlatformManager: Display: Loaded TargetPlatform 'Android_DXTClient'
[2020.11.27-20.52.45:296][  0]LogTargetPlatformManager: Display: Loaded TargetPlatform 'Android_ETC1Client'
[2020.11.27-20.52.45:296][  0]LogTargetPlatformManager: Display: Loaded TargetPlatform 'Android_ETC1aClient'
[2020.11.27-20.52.45:296][  0]LogTargetPlatformManager: Display: Loaded TargetPlatform 'Android_ETC2Client'
[2020.11.27-20.52.45:296][  0]LogTargetPlatformManager: Display: Loaded TargetPlatform 'Android_PVRTCClient'
[2020.11.27-20.52.45:296][  0]LogTargetPlatformManager: Display: Loaded TargetPlatform 'Android_Multi'
[2020.11.27-20.52.45:296][  0]LogTargetPlatformManager: Display: Loaded TargetPlatform 'Android_MultiClient'
[2020.11.27-20.52.45:313][  0]LogTargetPlatformManager: Display: Loaded TargetPlatform 'IOSClient'
[2020.11.27-20.52.45:314][  0]LogTargetPlatformManager: Display: Loaded TargetPlatform 'IOS'
[2020.11.27-20.52.45:320][  0]LogTargetPlatformManager: Display: Loaded TargetPlatform 'LinuxNoEditor'
[2020.11.27-20.52.45:326][  0]LogTargetPlatformManager: Display: Loaded TargetPlatform 'LinuxClient'
[2020.11.27-20.52.45:333][  0]LogTargetPlatformManager: Display: Loaded TargetPlatform 'LinuxServer'
[2020.11.27-20.52.45:339][  0]LogTargetPlatformManager: Display: Loaded TargetPlatform 'LinuxAArch64NoEditor'
[2020.11.27-20.52.45:345][  0]LogTargetPlatformManager: Display: Loaded TargetPlatform 'LinuxAArch64Client'
[2020.11.27-20.52.45:352][  0]LogTargetPlatformManager: Display: Loaded TargetPlatform 'LinuxAArch64Server'
[2020.11.27-20.52.45:372][  0]LogTargetPlatformManager: Display: Loaded TargetPlatform 'Lumin'
[2020.11.27-20.52.45:372][  0]LogTargetPlatformManager: Display: Loaded TargetPlatform 'LuminClient'
[2020.11.27-20.52.45:384][  0]LogTargetPlatformManager: Display: Loaded TargetPlatform 'TVOSClient'
[2020.11.27-20.52.45:384][  0]LogTargetPlatformManager: Display: Loaded TargetPlatform 'TVOS'
[2020.11.27-20.52.45:392][  0]LogTargetPlatformManager: Display: Loaded TargetPlatform 'WindowsNoEditor'
[2020.11.27-20.52.45:400][  0]LogTargetPlatformManager: Display: Loaded TargetPlatform 'Windows'
[2020.11.27-20.52.45:407][  0]LogTargetPlatformManager: Display: Loaded TargetPlatform 'WindowsClient'
[2020.11.27-20.52.45:413][  0]LogTargetPlatformManager: Display: Loaded TargetPlatform 'WindowsServer'
[2020.11.27-20.52.45:414][  0]LogTargetPlatformManager: Display: Building Assets For Windows
[2020.11.27-20.52.45:419][  0]LogAudioDebug: Display: Lib vorbis DLL was dynamically loaded.
[2020.11.27-20.52.45:446][  0]LogShaderCompilers: Guid format shader working directory is 15 characters bigger than the processId version (D:/Game/Unreal/PluginDemoProject/Intermediate/Shaders/WorkingDirectory/8324/).
[2020.11.27-20.52.45:446][  0]LogShaderCompilers: Cleaned the shader compiler working directory 'C:/Users/Master/AppData/Local/Temp/UnrealShaderWorkingDir/2E3BFB504791C7241880D081C4FF2E33/'.
[2020.11.27-20.52.45:448][  0]LogXGEController: Cleaning working directory: C:/Users/Master/AppData/Local/Temp/UnrealXGEWorkingDir/
[2020.11.27-20.52.45:449][  0]LogXGEController: Cannot use XGE Controller as Incredibuild is not installed on this machine.
[2020.11.27-20.52.45:449][  0]LogShaderCompilers: Cannot use XGE Shader Compiler as Incredibuild is not installed on this machine.
[2020.11.27-20.52.45:449][  0]LogShaderCompilers: Display: Using Local Shader Compiler.
[2020.11.27-20.52.46:081][  0]LogDerivedDataCache: Display: Max Cache Size: 512 MB
[2020.11.27-20.52.46:139][  0]LogDerivedDataCache: Loaded boot cache 0.06s 78MB C:/Users/Master/AppData/Local/UnrealEngine/4.24/DerivedDataCache/Boot.ddc.
[2020.11.27-20.52.46:139][  0]LogDerivedDataCache: Display: Loaded Boot cache: C:/Users/Master/AppData/Local/UnrealEngine/4.24/DerivedDataCache/Boot.ddc
[2020.11.27-20.52.46:139][  0]LogDerivedDataCache: FDerivedDataBackendGraph:  Pak pak cache file D:/Game/Unreal/PluginDemoProject/DerivedDataCache/DDC.ddp not found, will not use a pak cache.
[2020.11.27-20.52.46:140][  0]LogDerivedDataCache: Unable to find inner node Pak for hierarchical cache Hierarchy.
[2020.11.27-20.52.46:140][  0]LogDerivedDataCache: FDerivedDataBackendGraph:  CompressedPak pak cache file D:/Game/Unreal/PluginDemoProject/DerivedDataCache/Compressed.ddp not found, will not use a pak cache.
[2020.11.27-20.52.46:140][  0]LogDerivedDataCache: Unable to find inner node CompressedPak for hierarchical cache Hierarchy.
[2020.11.27-20.52.46:149][  0]LogDerivedDataCache: Display: Pak cache opened for reading ../../../Engine/DerivedDataCache/Compressed.ddp.
[2020.11.27-20.52.46:149][  0]LogDerivedDataCache: FDerivedDataBackendGraph:  EnterprisePak pak cache file ../../../Enterprise/DerivedDataCache/Compressed.ddp not found, will not use a pak cache.
[2020.11.27-20.52.46:149][  0]LogDerivedDataCache: Unable to find inner node EnterprisePak for hierarchical cache Hierarchy.
[2020.11.27-20.52.46:152][  0]LogDerivedDataCache: Using Local data cache path C:/Users/Master/AppData/Local/UnrealEngine/Common/DerivedDataCache: Writable
[2020.11.27-20.52.46:152][  0]LogDerivedDataCache: Shared data cache path not found in *engine.ini, will not use an Shared cache.
[2020.11.27-20.52.46:152][  0]LogDerivedDataCache: Unable to find inner node Shared for hierarchical cache Hierarchy.
[2020.11.27-20.52.46:174][  0]LogMaterial: Verifying Global Shaders for PCD3D_SM5
[2020.11.27-20.52.46:176][  0]LogSlate: Using FreeType 2.10.0
[2020.11.27-20.52.46:177][  0]LogSlate: SlateFontServices - WITH_FREETYPE: 1, WITH_HARFBUZZ: 1
[2020.11.27-20.52.46:225][  0]LogAssetRegistry: FAssetRegistry took 0.0048 seconds to start up
[2020.11.27-20.52.46:466][  0]LogInit: Selected Device Profile: [Windows]
[2020.11.27-20.52.46:631][  0]LogMeshReduction: Using QuadricMeshReduction for automatic static mesh reduction
[2020.11.27-20.52.46:632][  0]LogMeshReduction: Using SimplygonMeshReduction for automatic skeletal mesh reduction
[2020.11.27-20.52.46:632][  0]LogMeshReduction: Using ProxyLODMeshReduction for automatic mesh merging
[2020.11.27-20.52.46:632][  0]LogMeshReduction: No distributed automatic mesh merging module available
[2020.11.27-20.52.46:632][  0]LogMeshMerging: No distributed automatic mesh merging module available
[2020.11.27-20.52.46:643][  0]LogNetVersion: PluginDemoProject 1.0.0, NetCL: 10570792, EngineNetVer: 13, GameNetVer: 0 (Checksum: 3248852891)
[2020.11.27-20.52.47:499][  0]LogPackageLocalizationCache: Processed 11 localized package path(s) for 1 prioritized culture(s) in 0.032767 seconds
[2020.11.27-20.52.47:506][  0]LogUObjectArray: 46750 objects as part of root set at end of initial load.
[2020.11.27-20.52.47:507][  0]LogUObjectAllocator: 8137160 out of 0 bytes used by permanent object pool.
[2020.11.27-20.52.47:507][  0]LogUObjectArray: CloseDisregardForGC: 0/0 objects in disregard for GC pool
[2020.11.27-20.52.47:967][  0]LogTcpMessaging: Initializing TcpMessaging bridge
[2020.11.27-20.52.47:971][  0]LogUdpMessaging: Initializing bridge on interface 0.0.0.0:0 to multicast group 230.0.0.1:6666.
[2020.11.27-20.52.48:047][  0]SourceControl: Source control is disabled
[2020.11.27-20.52.48:047][  0]SourceControl: Source control is disabled
[2020.11.27-20.52.48:053][  0]SourceControl: Source control is disabled
[2020.11.27-20.52.48:055][  0]SourceControl: Source control is disabled
[2020.11.27-20.52.48:056][  0]SourceControl: Source control is disabled
[2020.11.27-20.52.48:161][  0]LogAndroidPermission: UAndroidPermissionCallbackProxy::GetInstance
[2020.11.27-20.52.48:179][  0]LogAudioCaptureCore: Display: No Audio Capture implementations found. Audio input will be silent.
[2020.11.27-20.52.48:179][  0]LogAudioCaptureCore: Display: No Audio Capture implementations found. Audio input will be silent.
[2020.11.27-20.52.48:263][  0]LogOcInput: OculusInput pre-init called
[2020.11.27-20.52.48:271][  0]LogWindows: Failed to load 'OVRPlugin.dll' (GetLastError=126)
[2020.11.27-20.52.48:271][  0]LogWindows: File 'OVRPlugin.dll' does not exist
[2020.11.27-20.52.48:352][  0]LogEngine: Initializing Engine...
[2020.11.27-20.52.48:353][  0]LogHMD: Failed to initialize OpenVR with code 110
[2020.11.27-20.52.48:354][  0]LogStats: UGameplayTagsManager::InitializeManager -  0.000 s
[2020.11.27-20.52.48:682][  0]LogInit: Initializing FReadOnlyCVARCache
[2020.11.27-20.52.48:694][  0]LogAIModule: Creating AISystem for world Untitled
[2020.11.27-20.52.48:716][  0]LogAudioMixer: Display: Audio Mixer Platform Settings:
[2020.11.27-20.52.48:716][  0]LogAudioMixer: Display: 	Sample Rate:						  48000
[2020.11.27-20.52.48:716][  0]LogAudioMixer: Display: 	Callback Buffer Frame Size Requested: 1024
[2020.11.27-20.52.48:716][  0]LogAudioMixer: Display: 	Callback Buffer Frame Size To Use:	  1024
[2020.11.27-20.52.48:716][  0]LogAudioMixer: Display: 	Number of buffers to queue:			  2
[2020.11.27-20.52.48:717][  0]LogAudioMixer: Display: 	Max Channels (voices):				  32
[2020.11.27-20.52.48:717][  0]LogAudioMixer: Display: 	Number of Async Source Workers:		  0
[2020.11.27-20.52.48:717][  0]LogAudio: Display: AudioDevice MaxSources: 32
[2020.11.27-20.52.48:717][  0]LogAudio: Display: Using built-in audio occlusion.
[2020.11.27-20.52.48:717][  0]LogAudioMixer: Display: Initializing audio mixer.
[2020.11.27-20.52.48:731][  0]LogAudioMixer: Display: Audio Device Output Speaker Info:
[2020.11.27-20.52.48:732][  0]LogAudioMixer: Display: Name: Realtek HD Audio 2nd output (2- Realtek High Definition Audio)
[2020.11.27-20.52.48:732][  0]LogAudioMixer: Display: Is Default: Yes
[2020.11.27-20.52.48:732][  0]LogAudioMixer: Display: Sample Rate: 48000
[2020.11.27-20.52.48:732][  0]LogAudioMixer: Display: Channel Count Used: 2
[2020.11.27-20.52.48:732][  0]LogAudioMixer: Display: Device Channel Count: 2
[2020.11.27-20.52.48:732][  0]LogAudioMixer: Display: Channel Order:
[2020.11.27-20.52.48:732][  0]LogAudioMixer: Display: 0: FrontLeft
[2020.11.27-20.52.48:732][  0]LogAudioMixer: Display: 1: FrontRight
[2020.11.27-20.52.48:742][  0]LogAudioMixer: Display: Using Audio Device Realtek HD Audio 2nd output (2- Realtek High Definition Audio)
[2020.11.27-20.52.48:744][  0]LogInit: FAudioDevice initialized.
[2020.11.27-20.52.48:745][  0]LogNetVersion: Set ProjectVersion to 1.0.0.0. Version Checksum will be recalculated on next use.
[2020.11.27-20.52.48:820][  0]LogDerivedDataCache: Saved boot cache 0.08s 78MB C:/Users/Master/AppData/Local/UnrealEngine/4.24/DerivedDataCache/Boot.ddc.
[2020.11.27-20.52.48:820][  0]LogInit: Texture streaming: Enabled
[2020.11.27-20.52.48:836][  0]LogEngineSessionManager: EngineSessionManager initialized
[2020.11.27-20.52.48:837][  0]LogEngineSessionManager: EngineSessionManager sent abnormal shutdown report. Type=Debugger, SessionId={F7AA3330-4F56-A232-469E-14A1E6F2533C}
[2020.11.27-20.52.48:837][  0]LogEditorSessionSummary: Verbose: Initializing EditorSessionSummaryWriter for editor session tracking
[2020.11.27-20.52.48:839][  0]LogEditorSessionSummary: EditorSessionSummaryWriter initialized
[2020.11.27-20.52.48:865][  0]LogInit: Transaction tracking system initialized
[2020.11.27-20.52.48:883][  0]BlueprintLog: New page: Editor Load
[2020.11.27-20.52.48:946][  0]LocalizationService: Localization service is disabled
[2020.11.27-20.52.49:214][  0]LogFileCache: Scanning file cache for directory 'D:/Game/Unreal/PluginDemoProject/Content/' took 0.00s
[2020.11.27-20.52.49:214][  0]LogCook: Display: Max memory allowance for cook 16384mb min free memory 0mb
[2020.11.27-20.52.49:214][  0]LogCook: Display: Mobile HDR setting 1
[2020.11.27-20.52.49:782][  0]SourceControl: Source control is disabled
[2020.11.27-20.52.49:783][  0]Cmd: MAP LOAD FILE="D:/Game/Unreal/PluginDemoProject/Content/StarterContent/Maps/Minimal_Default.umap" TEMPLATE=0 SHOWPROGRESS=1 FEATURELEVEL=3
[2020.11.27-20.52.49:783][  0]LightingResults: New page: Lighting Build
[2020.11.27-20.52.49:785][  0]LogWorld: UWorld::CleanupWorld for Untitled, bSessionEnded=true, bCleanupResources=true
[2020.11.27-20.52.49:785][  0]LogSlate: InvalidateAllWidgets triggered.  All widgets were invalidated
[2020.11.27-20.52.49:785][  0]MapCheck: New page: Map Check
[2020.11.27-20.52.49:785][  0]LightingResults: New page: Lighting Build
[2020.11.27-20.52.49:810][  0]LogUObjectHash: Compacting FUObjectHashTables data took   1.65ms
[2020.11.27-20.52.50:000][  0]LogAIModule: Creating AISystem for world Minimal_Default
[2020.11.27-20.52.50:008][  0]LogEditorServer: Finished looking for orphan Actors (0.000 secs)
[2020.11.27-20.52.50:034][  0]LogUObjectHash: Compacting FUObjectHashTables data took   2.01ms
[2020.11.27-20.52.50:034][  0]Cmd: MAP CHECKDEP NOCLEARLOG
[2020.11.27-20.52.50:035][  0]MapCheck: Map check complete: 0 Error(s), 0 Warning(s), took 0.093ms to complete.
[2020.11.27-20.52.50:035][  0]LogFileHelpers: Loading map 'Minimal_Default' took 0.252
[2020.11.27-20.52.50:147][  0]LogSlate: Updating window title bar state: overlay mode, drag disabled, window buttons hidden, title bar hidden
[2020.11.27-20.52.50:153][  0]LogSlate: Updating window title bar state: overlay mode, drag disabled, window buttons hidden, title bar hidden
[2020.11.27-20.52.50:159][  0]LogSlate: Updating window title bar state: overlay mode, drag disabled, window buttons hidden, title bar hidden
[2020.11.27-20.52.50:165][  0]LogSlate: Updating window title bar state: overlay mode, drag disabled, window buttons hidden, title bar hidden
[2020.11.27-20.52.50:170][  0]LogCollectionManager: Loaded 0 collections in 0.001013 seconds
[2020.11.27-20.52.50:188][  0]LogFileCache: Scanning file cache for directory 'D:/Game/Unreal/PluginDemoProject/Saved/Collections/' took 0.00s
[2020.11.27-20.52.50:189][  0]LogFileCache: Scanning file cache for directory 'D:/Game/Unreal/PluginDemoProject/Content/Developers/Master/Collections/' took 0.00s
[2020.11.27-20.52.50:189][  0]LogFileCache: Scanning file cache for directory 'D:/Game/Unreal/PluginDemoProject/Content/Collections/' took 0.00s
[2020.11.27-20.52.50:189][  0]LogContentBrowser: Native class hierarchy populated in 0.0072 seconds. Added 3017 classes and 722 folders.
[2020.11.27-20.52.50:194][  0]LogContentBrowser: Native class hierarchy updated for 'WidgetCarousel' in 0.0003 seconds. Added 0 classes and 0 folders.
[2020.11.27-20.52.50:223][  0]LogContentBrowser: Native class hierarchy updated for 'AddContentDialog' in 0.0002 seconds. Added 0 classes and 0 folders.
[2020.11.27-20.52.50:231][  0]LogContentBrowser: Native class hierarchy updated for 'SceneOutliner' in 0.0003 seconds. Added 2 classes and 3 folders.
[2020.11.27-20.52.50:307][  0]LogSlate: Took 0.000092 seconds to synchronously load lazily loaded font '../../../Engine/Content/Slate/Fonts/Roboto-Regular.ttf' (155K)
[2020.11.27-20.52.50:309][  0]LogSlate: Took 0.000082 seconds to synchronously load lazily loaded font '../../../Engine/Content/Slate/Fonts/Roboto-Bold.ttf' (160K)
[2020.11.27-20.52.50:313][  0]LogSlate: Took 0.000098 seconds to synchronously load lazily loaded font '../../../Engine/Content/Editor/Slate/Fonts/FontAwesome.ttf' (139K)
[2020.11.27-20.52.50:374][  0]LogRenderer: Reallocating scene render targets to support 1144x608 Format 9 NumSamples 1 (Frame:1).
[2020.11.27-20.52.50:494][  0]LogContentBrowser: Native class hierarchy updated for 'HierarchicalLODOutliner' in 0.0003 seconds. Added 0 classes and 0 folders.
[2020.11.27-20.52.50:494][  0]LogLoad: (Engine Initialization) Total time: 6.84 seconds
[2020.11.27-20.52.50:494][  0]LogLoad: (Engine Initialization) Total Blueprint compile time: 0.00 seconds
[2020.11.27-20.52.50:529][  0]LogAssetRegistry: Asset discovery search completed in 4.3075 seconds
[2020.11.27-20.52.50:532][  0]LogCollectionManager: Fixed up redirectors for 0 collections in 0.000005 seconds (updated 0 objects)
[2020.11.27-20.52.50:534][  0]LogContentStreaming: Texture pool size now 800 MB
[2020.11.27-20.52.50:604][  0]LogSlate: Took 0.000114 seconds to synchronously load lazily loaded font '../../../Engine/Content/Slate/Fonts/Roboto-Light.ttf' (167K)
[2020.11.27-20.52.54:165][296]LogSlate: Window 'New Level' being destroyed
[2020.11.27-20.52.54:172][296]Cmd: MAP LOAD FILE="../../../Engine/Content/Maps/Templates/Template_Default.umap" TEMPLATE=1 SHOWPROGRESS=1 FEATURELEVEL=3
[2020.11.27-20.52.54:176][296]LogSlate: Took 0.000143 seconds to synchronously load lazily loaded font '../../../Engine/Content/Slate/Fonts/Roboto-Light.ttf' (167K)
[2020.11.27-20.52.54:212][296]LightingResults: New page: Lighting Build
[2020.11.27-20.52.54:213][296]LoadErrors: New page: Loading map: Template_Default.umap
[2020.11.27-20.52.54:214][296]LogWorld: UWorld::CleanupWorld for Minimal_Default, bSessionEnded=true, bCleanupResources=true
[2020.11.27-20.52.54:215][296]LogSlate: InvalidateAllWidgets triggered.  All widgets were invalidated
[2020.11.27-20.52.54:215][296]MapCheck: New page: Map Check
[2020.11.27-20.52.54:215][296]LightingResults: New page: Lighting Build
[2020.11.27-20.52.54:254][296]LogUObjectHash: Compacting FUObjectHashTables data took   1.67ms
[2020.11.27-20.52.54:265][296]LogAIModule: Creating AISystem for world Untitled_1
[2020.11.27-20.52.54:318][296]LogEditorServer: Finished looking for orphan Actors (0.000 secs)
[2020.11.27-20.52.54:343][296]LogUObjectHash: Compacting FUObjectHashTables data took   1.55ms
[2020.11.27-20.52.54:354][296]Cmd: MAP CHECKDEP NOCLEARLOG
[2020.11.27-20.52.54:354][296]MapCheck: Map check complete: 0 Error(s), 0 Warning(s), took 0.077ms to complete.
[2020.11.27-20.52.54:354][296]LogFileHelpers: Loading map 'Template_Default' took 0.184
[2020.11.27-20.52.59:044][846]LogEditor: Attempting to add actor of class 'MyActor' to level at -580.00,-450.00,60.00
[2020.11.27-20.52.59:516][901]LogEditor: Attempting to add actor of class 'MyActor' to level at -210.00,-200.00,20.00
[2020.11.27-20.53.06:301][702]LogSlate: Took 0.000170 seconds to synchronously load lazily loaded font '../../../Engine/Content/Slate/Fonts/Roboto-Italic.ttf' (157K)
[2020.11.27-20.53.12:450][407]LogSlate: Window 'Color Picker' being destroyed
[2020.11.27-20.53.17:721][  9]Candidate modules for hot reload:
[2020.11.27-20.53.17:721][  9]  PluginDemoProject
[2020.11.27-20.53.17:721][  9]Launching UnrealBuildTool... [C:/Program Files/Epic Games/UE_4.24/Engine/Binaries/DotNET/UnrealBuildTool.exe  -ModuleWithSuffix=PluginDemoProject,3217 Win64 Development -TargetType=Editor -Project="D:/Game/Unreal/PluginDemoProject/PluginDemoProject.uproject" "D:/Game/Unreal/PluginDemoProject/PluginDemoProject.uproject"  -IgnoreJunk]
[2020.11.27-20.53.17:722][  9]Warning: Starting HotReload took  0.1s.
[2020.11.27-20.53.25:588][911]CompilerResultsLog: New page: Compilation - Nov 27, 2020, 10:53:25 AM
[2020.11.27-20.53.25:589][911]CompilerResultsLog: Parsing headers for PluginDemoProjectEditor
[2020.11.27-20.53.25:589][911]CompilerResultsLog:   Running UnrealHeaderTool "D:\Game\Unreal\PluginDemoProject\PluginDemoProject.uproject" "D:\Game\Unreal\PluginDemoProject\Intermediate\Build\Win64\PluginDemoProjectEditor\Development\PluginDemoProjectEditor.uhtmanifest" -LogCmds="loginit warning, logexit warning, logdatabase error" -Unattended -WarningsAsErrors -installed
[2020.11.27-20.53.25:589][911]CompilerResultsLog: Reflection code generated for PluginDemoProjectEditor in 5.9800731 seconds
[2020.11.27-20.53.25:589][911]CompilerResultsLog: Building PluginDemoProjectEditor...
[2020.11.27-20.53.25:589][911]CompilerResultsLog: Using Visual Studio 2017 14.16.27035 toolchain (C:\Program Files (x86)\Microsoft Visual Studio\2017\Community\VC\Tools\MSVC\14.16.27023) and Windows 10.0.16299.0 SDK (C:\Program Files (x86)\Windows Kits\10).
[2020.11.27-20.53.25:589][911]CompilerResultsLog: Building 3 actions with 8 processes...
[2020.11.27-20.53.25:589][911]CompilerResultsLog:   [1/3] UE4Editor-PluginDemoProject-3217.lib
[2020.11.27-20.53.25:590][911]CompilerResultsLog:      Creating library D:\Game\Unreal\PluginDemoProject\Intermediate\Build\Win64\UE4Editor\Development\PluginDemoProject\UE4Editor-PluginDemoProject-3217.lib and object D:\Game\Unreal\PluginDemoProject\Intermediate\Build\Win64\UE4Editor\Development\PluginDemoProject\UE4Editor-PluginDemoProject-3217.exp
[2020.11.27-20.53.25:590][911]CompilerResultsLog:   [2/3] UE4Editor-PluginDemoProject-3217.dll
[2020.11.27-20.53.25:590][911]CompilerResultsLog:      Creating library D:\Game\Unreal\PluginDemoProject\Intermediate\Build\Win64\UE4Editor\Development\PluginDemoProject\UE4Editor-PluginDemoProject-3217.suppressed.lib and object D:\Game\Unreal\PluginDemoProject\Intermediate\Build\Win64\UE4Editor\Development\PluginDemoProject\UE4Editor-PluginDemoProject-3217.suppressed.exp
[2020.11.27-20.53.25:590][911]CompilerResultsLog:   [3/3] PluginDemoProjectEditor.target
[2020.11.27-20.53.25:590][911]CompilerResultsLog: Total time in Parallel executor: 0.97 seconds
[2020.11.27-20.53.25:590][911]CompilerResultsLog: Total execution time: 7.81 seconds
[2020.11.27-20.53.25:590][911]LogMainFrame: MainFrame: Module compiling took 7.872 seconds
[2020.11.27-20.53.25:614][911]LogUObjectHash: Compacting FUObjectHashTables data took   1.25ms
[2020.11.27-20.53.25:622][911]LogContentBrowser: Native class hierarchy updated for 'PluginDemoProject' in 0.0003 seconds. Added 1 classes and 2 folders.
[2020.11.27-20.53.25:625][911]Display: HotReload successful (0 functions remapped  0 scriptstructs remapped)
[2020.11.27-20.53.25:688][911]LogUObjectHash: Compacting FUObjectHashTables data took   1.00ms
[2020.11.27-20.53.25:695][911]LogContentBrowser: Native class hierarchy populated in 0.0073 seconds. Added 3019 classes and 725 folders.
[2020.11.27-20.53.25:699][911]Display: HotReload took  8.1s.
[2020.11.27-20.53.27:041][ 69]LogTemp: Repeating last play command: Selected Viewport
[2020.11.27-20.53.27:049][ 69]LogPlayLevel: PlayLevel: No blueprints needed recompiling
[2020.11.27-20.53.27:049][ 69]PIE: New page: PIE session: Untitled_1 (Nov 27, 2020, 10:53:27 AM)
[2020.11.27-20.53.27:050][ 69]LogOnline: OSS: Creating online subsystem instance for: NULL
[2020.11.27-20.53.27:052][ 69]LogOnline: OSS: TryLoadSubsystemAndSetDefault: Loaded subsystem for module [NULL]
[2020.11.27-20.53.27:052][ 69]LogPlayLevel: Creating play world package: /Temp/UEDPIE_0_Untitled_1
[2020.11.27-20.53.27:054][ 69]LogPlayLevel: PIE: StaticDuplicateObject took: (0.002119s)
[2020.11.27-20.53.27:055][ 69]LogAIModule: Creating AISystem for world Untitled_1
[2020.11.27-20.53.27:056][ 69]LogPlayLevel: PIE: World Init took: (0.001156s)
[2020.11.27-20.53.27:056][ 69]LogPlayLevel: PIE: Created PIE world by copying editor world from /Temp/Untitled_1.Untitled_1 to /Temp/UEDPIE_0_Untitled_1.Untitled_1 (0.003729s)
[2020.11.27-20.53.27:079][ 69]LogUObjectHash: Compacting FUObjectHashTables data took   1.25ms
[2020.11.27-20.53.27:080][ 69]LogAudioMixer: Display: Audio Mixer Platform Settings:
[2020.11.27-20.53.27:080][ 69]LogAudioMixer: Display: 	Sample Rate:						  48000
[2020.11.27-20.53.27:080][ 69]LogAudioMixer: Display: 	Callback Buffer Frame Size Requested: 1024
[2020.11.27-20.53.27:080][ 69]LogAudioMixer: Display: 	Callback Buffer Frame Size To Use:	  1024
[2020.11.27-20.53.27:080][ 69]LogAudioMixer: Display: 	Number of buffers to queue:			  2
[2020.11.27-20.53.27:081][ 69]LogAudioMixer: Display: 	Max Channels (voices):				  32
[2020.11.27-20.53.27:081][ 69]LogAudioMixer: Display: 	Number of Async Source Workers:		  0
[2020.11.27-20.53.27:081][ 69]LogAudio: Display: AudioDevice MaxSources: 32
[2020.11.27-20.53.27:081][ 69]LogAudio: Display: Using built-in audio occlusion.
[2020.11.27-20.53.27:081][ 69]LogAudioMixer: Display: Initializing audio mixer.
[2020.11.27-20.53.27:085][ 69]LogAudioMixer: Display: Audio Device Output Speaker Info:
[2020.11.27-20.53.27:085][ 69]LogAudioMixer: Display: Name: Realtek HD Audio 2nd output (2- Realtek High Definition Audio)
[2020.11.27-20.53.27:085][ 69]LogAudioMixer: Display: Is Default: Yes
[2020.11.27-20.53.27:085][ 69]LogAudioMixer: Display: Sample Rate: 48000
[2020.11.27-20.53.27:085][ 69]LogAudioMixer: Display: Channel Count Used: 2
[2020.11.27-20.53.27:085][ 69]LogAudioMixer: Display: Device Channel Count: 2
[2020.11.27-20.53.27:085][ 69]LogAudioMixer: Display: Channel Order:
[2020.11.27-20.53.27:085][ 69]LogAudioMixer: Display: 0: FrontLeft
[2020.11.27-20.53.27:085][ 69]LogAudioMixer: Display: 1: FrontRight
[2020.11.27-20.53.27:090][ 69]LogAudioMixer: Display: Using Audio Device Realtek HD Audio 2nd output (2- Realtek High Definition Audio)
[2020.11.27-20.53.27:092][ 69]LogInit: FAudioDevice initialized.
[2020.11.27-20.53.27:103][ 69]LogLoad: Game class is 'GameModeBase'
[2020.11.27-20.53.27:104][ 69]LogWorld: Bringing World /Temp/UEDPIE_0_Untitled_1.Untitled_1 up for play (max tick rate 0) at 2020.11.27-15.53.27
[2020.11.27-20.53.27:104][ 69]LogWorld: Bringing up level for play took: 0.000546
[2020.11.27-20.53.27:104][ 69]LogOnline: OSS: Creating online subsystem instance for: :Context_2
[2020.11.27-20.53.27:118][ 69]LogContentBrowser: Native class hierarchy updated for 'MovieSceneCapture' in 0.0003 seconds. Added 20 classes and 0 folders.
[2020.11.27-20.53.27:118][ 69]PIE: Play in editor start time for /Temp/UEDPIE_0_Untitled_1 0.082
[2020.11.27-20.53.42:366][823]LogAudioMixer: Display: No commands were queued while flushing the source manager.
[2020.11.27-20.53.42:366][823]LogAudioMixer: Display: No commands were queued while flushing the source manager.
[2020.11.27-20.53.42:367][823]LogSlate: Updating window title bar state: overlay mode, drag disabled, window buttons hidden, title bar hidden
[2020.11.27-20.53.42:367][823]LogWorld: BeginTearingDown for /Temp/UEDPIE_0_Untitled_1
[2020.11.27-20.53.42:368][823]LogAudioMixer: Display: No commands were queued while flushing the source manager.
[2020.11.27-20.53.42:369][823]LogWorld: UWorld::CleanupWorld for Untitled_1, bSessionEnded=true, bCleanupResources=true
[2020.11.27-20.53.42:369][823]LogSlate: InvalidateAllWidgets triggered.  All widgets were invalidated
[2020.11.27-20.53.42:377][823]LogPlayLevel: Display: Shutting down PIE online subsystems
[2020.11.27-20.53.42:380][823]LogSlate: InvalidateAllWidgets triggered.  All widgets were invalidated
[2020.11.27-20.53.42:403][823]LogAudioMixer: Display: No commands were queued while flushing the source manager.
[2020.11.27-20.53.42:407][823]LogSlate: Updating window title bar state: overlay mode, drag disabled, window buttons hidden, title bar hidden
[2020.11.27-20.53.42:410][823]LogUObjectHash: Compacting FUObjectHashTables data took   1.49ms
[2020.11.27-20.53.42:473][829]LogPlayLevel: Display: Destroying online subsystem :Context_2
[2020.11.27-20.53.50:476][779]LogNavigationPoint: PostEditMove Clear paths rebuilt
[2020.11.27-20.53.53:442][133]LogNavigationPoint: PostEditMove Clear paths rebuilt
[2020.11.27-20.53.54:396][246]LogNavigationPoint: PostEditMove Clear paths rebuilt
[2020.11.27-20.53.56:978][546]Candidate modules for hot reload:
[2020.11.27-20.53.56:978][546]  PluginDemoProject
[2020.11.27-20.53.56:979][546]Launching UnrealBuildTool... [C:/Program Files/Epic Games/UE_4.24/Engine/Binaries/DotNET/UnrealBuildTool.exe  -ModuleWithSuffix=PluginDemoProject,1761 Win64 Development -TargetType=Editor -Project="D:/Game/Unreal/PluginDemoProject/PluginDemoProject.uproject" "D:/Game/Unreal/PluginDemoProject/PluginDemoProject.uproject"  -IgnoreJunk]
[2020.11.27-20.53.56:980][546]Warning: Starting HotReload took  0.0s.
[2020.11.27-20.54.04:439][385]CompilerResultsLog: New page: Compilation - Nov 27, 2020, 10:54:04 AM
[2020.11.27-20.54.04:440][385]CompilerResultsLog: Parsing headers for PluginDemoProjectEditor
[2020.11.27-20.54.04:440][385]CompilerResultsLog:   Running UnrealHeaderTool "D:\Game\Unreal\PluginDemoProject\PluginDemoProject.uproject" "D:\Game\Unreal\PluginDemoProject\Intermediate\Build\Win64\PluginDemoProjectEditor\Development\PluginDemoProjectEditor.uhtmanifest" -LogCmds="loginit warning, logexit warning, logdatabase error" -Unattended -WarningsAsErrors -installed
[2020.11.27-20.54.04:440][385]CompilerResultsLog: Reflection code generated for PluginDemoProjectEditor in 5.6494517 seconds
[2020.11.27-20.54.04:440][385]CompilerResultsLog: Building PluginDemoProjectEditor...
[2020.11.27-20.54.04:440][385]CompilerResultsLog: Using Visual Studio 2017 14.16.27035 toolchain (C:\Program Files (x86)\Microsoft Visual Studio\2017\Community\VC\Tools\MSVC\14.16.27023) and Windows 10.0.16299.0 SDK (C:\Program Files (x86)\Windows Kits\10).
[2020.11.27-20.54.04:440][385]CompilerResultsLog: Building 3 actions with 8 processes...
[2020.11.27-20.54.04:440][385]CompilerResultsLog:   [1/3] UE4Editor-PluginDemoProject-1761.lib
[2020.11.27-20.54.04:440][385]CompilerResultsLog:      Creating library D:\Game\Unreal\PluginDemoProject\Intermediate\Build\Win64\UE4Editor\Development\PluginDemoProject\UE4Editor-PluginDemoProject-1761.lib and object D:\Game\Unreal\PluginDemoProject\Intermediate\Build\Win64\UE4Editor\Development\PluginDemoProject\UE4Editor-PluginDemoProject-1761.exp
[2020.11.27-20.54.04:441][385]CompilerResultsLog:   [2/3] UE4Editor-PluginDemoProject-1761.dll
[2020.11.27-20.54.04:441][385]CompilerResultsLog:      Creating library D:\Game\Unreal\PluginDemoProject\Intermediate\Build\Win64\UE4Editor\Development\PluginDemoProject\UE4Editor-PluginDemoProject-1761.suppressed.lib and object D:\Game\Unreal\PluginDemoProject\Intermediate\Build\Win64\UE4Editor\Development\PluginDemoProject\UE4Editor-PluginDemoProject-1761.suppressed.exp
[2020.11.27-20.54.04:441][385]CompilerResultsLog:   [3/3] PluginDemoProjectEditor.target
[2020.11.27-20.54.04:441][385]CompilerResultsLog: Total time in Parallel executor: 0.98 seconds
[2020.11.27-20.54.04:441][385]CompilerResultsLog: Total execution time: 7.42 seconds
[2020.11.27-20.54.04:441][385]LogMainFrame: MainFrame: Module compiling took 7.464 seconds
[2020.11.27-20.54.04:464][385]LogUObjectHash: Compacting FUObjectHashTables data took   0.61ms
[2020.11.27-20.54.04:472][385]LogContentBrowser: Native class hierarchy updated for 'PluginDemoProject' in 0.0003 seconds. Added 1 classes and 2 folders.
[2020.11.27-20.54.04:475][385]Display: HotReload successful (0 functions remapped  0 scriptstructs remapped)
[2020.11.27-20.54.04:534][385]LogUObjectHash: Compacting FUObjectHashTables data took   1.00ms
[2020.11.27-20.54.04:542][385]LogContentBrowser: Native class hierarchy populated in 0.0074 seconds. Added 3019 classes and 725 folders.
[2020.11.27-20.54.04:546][385]Display: HotReload took  7.6s.
[2020.11.27-20.54.05:879][537]LogTemp: Repeating last play command: Selected Viewport
[2020.11.27-20.54.05:886][537]LogPlayLevel: PlayLevel: No blueprints needed recompiling
[2020.11.27-20.54.05:886][537]PIE: New page: PIE session: Untitled_1 (Nov 27, 2020, 10:54:05 AM)
[2020.11.27-20.54.05:887][537]LogPlayLevel: Creating play world package: /Temp/UEDPIE_0_Untitled_1
[2020.11.27-20.54.05:889][537]LogPlayLevel: PIE: StaticDuplicateObject took: (0.001930s)
[2020.11.27-20.54.05:890][537]LogAIModule: Creating AISystem for world Untitled_1
[2020.11.27-20.54.05:890][537]LogPlayLevel: PIE: World Init took: (0.000965s)
[2020.11.27-20.54.05:890][537]LogPlayLevel: PIE: Created PIE world by copying editor world from /Temp/Untitled_1.Untitled_1 to /Temp/UEDPIE_0_Untitled_1.Untitled_1 (0.003342s)
[2020.11.27-20.54.05:915][537]LogUObjectHash: Compacting FUObjectHashTables data took   1.70ms
[2020.11.27-20.54.05:916][537]LogAudioMixer: Display: Audio Mixer Platform Settings:
[2020.11.27-20.54.05:916][537]LogAudioMixer: Display: 	Sample Rate:						  48000
[2020.11.27-20.54.05:917][537]LogAudioMixer: Display: 	Callback Buffer Frame Size Requested: 1024
[2020.11.27-20.54.05:917][537]LogAudioMixer: Display: 	Callback Buffer Frame Size To Use:	  1024
[2020.11.27-20.54.05:917][537]LogAudioMixer: Display: 	Number of buffers to queue:			  2
[2020.11.27-20.54.05:917][537]LogAudioMixer: Display: 	Max Channels (voices):				  32
[2020.11.27-20.54.05:917][537]LogAudioMixer: Display: 	Number of Async Source Workers:		  0
[2020.11.27-20.54.05:917][537]LogAudio: Display: AudioDevice MaxSources: 32
[2020.11.27-20.54.05:918][537]LogAudio: Display: Using built-in audio occlusion.
[2020.11.27-20.54.05:918][537]LogAudioMixer: Display: Initializing audio mixer.
[2020.11.27-20.54.05:921][537]LogAudioMixer: Display: Audio Device Output Speaker Info:
[2020.11.27-20.54.05:921][537]LogAudioMixer: Display: Name: Realtek HD Audio 2nd output (2- Realtek High Definition Audio)
[2020.11.27-20.54.05:921][537]LogAudioMixer: Display: Is Default: Yes
[2020.11.27-20.54.05:922][537]LogAudioMixer: Display: Sample Rate: 48000
[2020.11.27-20.54.05:922][537]LogAudioMixer: Display: Channel Count Used: 2
[2020.11.27-20.54.05:922][537]LogAudioMixer: Display: Device Channel Count: 2
[2020.11.27-20.54.05:922][537]LogAudioMixer: Display: Channel Order:
[2020.11.27-20.54.05:922][537]LogAudioMixer: Display: 0: FrontLeft
[2020.11.27-20.54.05:922][537]LogAudioMixer: Display: 1: FrontRight
[2020.11.27-20.54.05:929][537]LogAudioMixer: Display: Using Audio Device Realtek HD Audio 2nd output (2- Realtek High Definition Audio)
[2020.11.27-20.54.05:931][537]LogInit: FAudioDevice initialized.
[2020.11.27-20.54.05:940][537]LogLoad: Game class is 'GameModeBase'
[2020.11.27-20.54.05:940][537]LogWorld: Bringing World /Temp/UEDPIE_0_Untitled_1.Untitled_1 up for play (max tick rate 0) at 2020.11.27-15.54.05
[2020.11.27-20.54.05:941][537]LogWorld: Bringing up level for play took: 0.000526
[2020.11.27-20.54.05:941][537]LogOnline: OSS: Creating online subsystem instance for: :Context_3
[2020.11.27-20.54.05:943][537]PIE: Play in editor start time for /Temp/UEDPIE_0_Untitled_1 0.906
[2020.11.27-20.54.31:014][472]Cmd: CAMERA ALIGN ACTIVEVIEWPORTONLY
[2020.11.27-20.54.32:489][632]Cmd: CAMERA ALIGN ACTIVEVIEWPORTONLY
[2020.11.27-20.54.34:471][843]LogAudioMixer: Display: No commands were queued while flushing the source manager.
[2020.11.27-20.54.34:471][843]LogAudioMixer: Display: No commands were queued while flushing the source manager.
[2020.11.27-20.54.34:472][843]LogSlate: Updating window title bar state: overlay mode, drag disabled, window buttons hidden, title bar hidden
[2020.11.27-20.54.34:472][843]LogWorld: BeginTearingDown for /Temp/UEDPIE_0_Untitled_1
[2020.11.27-20.54.34:473][843]LogAudioMixer: Display: No commands were queued while flushing the source manager.
[2020.11.27-20.54.34:474][843]LogWorld: UWorld::CleanupWorld for Untitled_1, bSessionEnded=true, bCleanupResources=true
[2020.11.27-20.54.34:474][843]LogSlate: InvalidateAllWidgets triggered.  All widgets were invalidated
[2020.11.27-20.54.34:480][843]LogPlayLevel: Display: Shutting down PIE online subsystems
[2020.11.27-20.54.34:483][843]LogSlate: InvalidateAllWidgets triggered.  All widgets were invalidated
[2020.11.27-20.54.34:506][843]LogAudioMixer: Display: No commands were queued while flushing the source manager.
[2020.11.27-20.54.34:509][843]LogSlate: Updating window title bar state: overlay mode, drag disabled, window buttons hidden, title bar hidden
[2020.11.27-20.54.34:511][843]LogUObjectHash: Compacting FUObjectHashTables data took   1.25ms
[2020.11.27-20.54.34:571][850]LogPlayLevel: Display: Destroying online subsystem :Context_3
